
[2019-06-13 14:22:41] UTN FRA LOGGER.INFO: metodo=GET, URI=http%3A%2F%2Flocalhost%2FFull-API-REST-Skeleton%2Fpublic, RUTA=cd, autoridad=localhost [] {"uid":"cbdaafa"}
[2019-06-13 14:22:41] UTN FRA LOGGER.INFO: Slim-Skeleton '/' route [] {"uid":"cbdaafa"}
[2019-06-13 14:23:14] UTN FRA LOGGER.INFO: metodo=GET, URI=http%3A%2F%2Flocalhost%2FFull-API-REST-Skeleton%2Fpublic, RUTA=cd, autoridad=localhost [] {"uid":"51c39c8"}
[2019-06-13 14:23:14] UTN FRA LOGGER.INFO: Slim-Skeleton '/' route [] {"uid":"51c39c8"}
[2019-06-13 14:31:21] UTN FRA LOGGER.INFO: metodo=GET, URI=http%3A%2F%2Flocalhost%2FFull-API-REST-Skeleton%2Fpublic, RUTA=cd, autoridad=localhost [] {"uid":"8c0519b"}
[2019-06-13 14:31:21] UTN FRA LOGGER.INFO: Slim-Skeleton '/' route [] {"uid":"8c0519b"}
[2019-06-13 14:33:01] UTN FRA LOGGER.INFO: metodo=POST, URI=http%3A%2F%2Flocalhost%2FFull-API-REST-Skeleton%2Fpublic, RUTA=cd, autoridad=localhost [] {"uid":"0b2cd96"}
[2019-06-13 14:33:04] UTN FRA LOGGER.INFO: metodo=POST, URI=http%3A%2F%2Flocalhost%2FFull-API-REST-Skeleton%2Fpublic, RUTA=cd%2F, autoridad=localhost [] {"uid":"c6b9506"}
[2019-06-13 14:33:08] UTN FRA LOGGER.INFO: metodo=POST, URI=http%3A%2F%2Flocalhost%2FFull-API-REST-Skeleton%2Fpublic, RUTA=cd, autoridad=localhost [] {"uid":"be6a201"}
[2019-06-13 14:33:14] UTN FRA LOGGER.INFO: metodo=GET, URI=http%3A%2F%2Flocalhost%2FFull-API-REST-Skeleton%2Fpublic, RUTA=cd, autoridad=localhost [] {"uid":"c72b911"}
[2019-06-13 14:33:14] UTN FRA LOGGER.INFO: Slim-Skeleton '/' route [] {"uid":"c72b911"}
[2019-06-13 14:41:27] UTN FRA LOGGER.INFO: metodo=GET, URI=http%3A%2F%2Flocalhost%2FFull-API-REST-Skeleton%2Fpublic, RUTA=cd, autoridad=localhost [] {"uid":"a176d8c"}
[2019-06-13 14:41:27] UTN FRA LOGGER.INFO: Slim-Skeleton '/' route [] {"uid":"a176d8c"}
[2019-06-13 14:46:20] UTN FRA LOGGER.INFO: metodo=GET, URI=http%3A%2F%2Flocalhost%2FFull-API-REST-Skeleton%2Fpublic, RUTA=cd, autoridad=localhost [] {"uid":"ee35737"}
[2019-06-13 14:46:20] UTN FRA LOGGER.INFO: Slim-Skeleton '/' route [] {"uid":"ee35737"}
[2019-06-13 14:48:37] UTN FRA LOGGER.INFO: metodo=GET, URI=http%3A%2F%2Flocalhost%2FFull-API-REST-Skeleton%2Fpublic, RUTA=cd, autoridad=localhost [] {"uid":"abec998"}
[2019-06-13 14:48:37] UTN FRA LOGGER.INFO: Slim-Skeleton '/' route [] {"uid":"abec998"}
[2019-06-13 14:48:52] UTN FRA LOGGER.INFO: metodo=GET, URI=http%3A%2F%2Flocalhost%2FFull-API-REST-Skeleton%2Fpublic, RUTA=cd, autoridad=localhost [] {"uid":"8673393"}
[2019-06-13 14:48:52] UTN FRA LOGGER.INFO: Slim-Skeleton '/' route [] {"uid":"8673393"}
[2019-06-13 14:48:59] UTN FRA LOGGER.INFO: metodo=GET, URI=http%3A%2F%2Flocalhost%2FFull-API-REST-Skeleton%2Fpublic, RUTA=%2F, autoridad=localhost [] {"uid":"4ea4dca"}
[2019-06-13 14:48:59] UTN FRA LOGGER.INFO: Slim-Skeleton '/' route [] {"uid":"4ea4dca"}
[2019-06-13 14:50:13] UTN FRA LOGGER.INFO: metodo=GET, URI=http%3A%2F%2Flocalhost%2FFull-API-REST-Skeleton%2Fpublic, RUTA=cd, autoridad=localhost [] {"uid":"7226ecc"}
[2019-06-13 14:50:13] UTN FRA LOGGER.INFO: Slim-Skeleton '/' route [] {"uid":"7226ecc"}
[2019-06-13 14:51:49] UTN FRA LOGGER.INFO: metodo=GET, URI=http%3A%2F%2Flocalhost%2FFull-API-REST-Skeleton%2Fpublic, RUTA=cd, autoridad=localhost [] {"uid":"436b3d9"}
[2019-06-13 14:51:49] UTN FRA LOGGER.INFO: Slim-Skeleton '/' route [] {"uid":"436b3d9"}
[2019-06-13 14:52:04] UTN FRA LOGGER.INFO: metodo=GET, URI=http%3A%2F%2Flocalhost%2FFull-API-REST-Skeleton%2Fpublic, RUTA=cdsadsad, autoridad=localhost [] {"uid":"1d5953a"}
[2019-06-13 14:52:04] UTN FRA LOGGER.INFO: Slim-Skeleton '/' route [] {"uid":"1d5953a"}
[2019-06-13 14:52:24] UTN FRA LOGGER.INFO: metodo=GET, URI=http%3A%2F%2Flocalhost%2FFull-API-REST-Skeleton%2Fpublic, RUTA=cdsadsad, autoridad=localhost [] {"uid":"e59d193"}
[2019-06-13 14:52:24] UTN FRA LOGGER.INFO: Slim-Skeleton '/' route [] {"uid":"e59d193"}
[2019-06-13 14:52:34] UTN FRA LOGGER.INFO: metodo=GET, URI=http%3A%2F%2Flocalhost%2FFull-API-REST-Skeleton%2Fpublic, RUTA=cddasasd, autoridad=localhost [] {"uid":"04a9747"}
[2019-06-13 14:52:34] UTN FRA LOGGER.INFO: Slim-Skeleton '/' route [] {"uid":"04a9747"}
[2019-06-13 14:54:41] UTN FRA LOGGER.INFO: metodo=GET, URI=http%3A%2F%2Flocalhost%2FFull-API-REST-Skeleton%2Fpublic, RUTA=cd, autoridad=localhost [] {"uid":"f107aba"}
[2019-06-13 14:54:41] UTN FRA LOGGER.INFO: Slim-Skeleton '/' route [] {"uid":"f107aba"}
[2019-06-13 15:40:36] UTN FRA LOGGER.INFO: metodo=GET, URI=http%3A%2F%2Flocalhost%2FFull-API-REST-Skeleton%2Fpublic, RUTA=cd, autoridad=localhost [] {"uid":"ef8c25a"}
[2019-06-13 15:40:36] UTN FRA LOGGER.INFO: Slim-Skeleton '/' route [] {"uid":"ef8c25a"}
[2019-06-13 15:40:42] UTN FRA LOGGER.INFO: metodo=GET, URI=http%3A%2F%2Flocalhost%2FFull-API-REST-Skeleton%2Fpublic, RUTA=JWT%2F, autoridad=localhost [] {"uid":"357fab5"}
[2019-06-13 15:41:29] UTN FRA LOGGER.INFO: metodo=GET, URI=http%3A%2F%2Flocalhost%2FFull-API-REST-Skeleton%2Fpublic, RUTA=JWT%2F, autoridad=localhost [] {"uid":"3f334b7"}
[2019-06-13 15:42:30] UTN FRA LOGGER.INFO: metodo=GET, URI=http%3A%2F%2Flocalhost%2FFull-API-REST-Skeleton%2Fpublic, RUTA=JWT%2F, autoridad=localhost [] {"uid":"f77f1dc"}
[2019-06-13 15:45:52] UTN FRA LOGGER.INFO: metodo=GET, URI=http%3A%2F%2Flocalhost%2FFull-API-REST-Skeleton%2Fpublic, RUTA=JWT%2F, autoridad=localhost [] {"uid":"ebede7d"}
[2019-06-13 15:46:48] UTN FRA LOGGER.INFO: metodo=GET, URI=http%3A%2F%2Flocalhost%2FFull-API-REST-Skeleton%2Fpublic, RUTA=JWT%2F, autoridad=localhost [] {"uid":"0ecbf97"}
[2019-06-13 15:46:49] UTN FRA LOGGER.INFO: metodo=GET, URI=http%3A%2F%2Flocalhost%2FFull-API-REST-Skeleton%2Fpublic, RUTA=JWT%2F, autoridad=localhost [] {"uid":"282c134"}
[2019-06-13 15:46:50] UTN FRA LOGGER.INFO: metodo=GET, URI=http%3A%2F%2Flocalhost%2FFull-API-REST-Skeleton%2Fpublic, RUTA=JWT%2F, autoridad=localhost [] {"uid":"3c95600"}
[2019-06-13 15:47:05] UTN FRA LOGGER.INFO: metodo=GET, URI=http%3A%2F%2Flocalhost%2FFull-API-REST-Skeleton%2Fpublic, RUTA=JWT%2F, autoridad=localhost [] {"uid":"c621b16"}
[2019-06-13 15:47:10] UTN FRA LOGGER.INFO: metodo=GET, URI=http%3A%2F%2Flocalhost%2FFull-API-REST-Skeleton%2Fpublic, RUTA=cd, autoridad=localhost [] {"uid":"bf6f035"}
[2019-06-13 15:47:10] UTN FRA LOGGER.INFO: Slim-Skeleton '/' route [] {"uid":"bf6f035"}
[2019-06-13 15:47:16] UTN FRA LOGGER.INFO: metodo=GET, URI=http%3A%2F%2Flocalhost%2FFull-API-REST-Skeleton%2Fpublic, RUTA=JWT%2F, autoridad=localhost [] {"uid":"cfac656"}
[2019-06-13 15:47:52] UTN FRA LOGGER.INFO: metodo=GET, URI=http%3A%2F%2Flocalhost%2FFull-API-REST-Skeleton%2Fpublic, RUTA=JWT%2F, autoridad=localhost [] {"uid":"e14969e"}
[2019-06-13 15:47:55] UTN FRA LOGGER.INFO: metodo=GET, URI=http%3A%2F%2Flocalhost%2FFull-API-REST-Skeleton%2Fpublic, RUTA=JWT, autoridad=localhost [] {"uid":"6b74752"}
[2019-06-13 15:47:55] UTN FRA LOGGER.INFO: Slim-Skeleton '/' route [] {"uid":"6b74752"}
[2019-06-13 15:48:12] UTN FRA LOGGER.INFO: metodo=GET, URI=http%3A%2F%2Flocalhost%2FFull-API-REST-Skeleton%2Fpublic, RUTA=JWT%2FcrearToken, autoridad=localhost [] {"uid":"4d4a878"}
[2019-06-13 15:48:15] UTN FRA LOGGER.INFO: metodo=GET, URI=http%3A%2F%2Flocalhost%2FFull-API-REST-Skeleton%2Fpublic, RUTA=JWT%2FcrearToken%2F, autoridad=localhost [] {"uid":"85c7bd2"}
[2019-06-13 15:50:55] UTN FRA LOGGER.INFO: metodo=GET, URI=http%3A%2F%2Flocalhost%2FFull-API-REST-Skeleton%2Fpublic, RUTA=JWT%2F, autoridad=localhost [] {"uid":"809f0d9"}
[2019-06-13 15:51:28] UTN FRA LOGGER.INFO: metodo=GET, URI=http%3A%2F%2Flocalhost%2FFull-API-REST-Skeleton%2Fpublic, RUTA=JWT%2FdevolverPayLoad, autoridad=localhost [] {"uid":"c4c1acb"}
[2019-06-13 15:51:33] UTN FRA LOGGER.INFO: metodo=GET, URI=http%3A%2F%2Flocalhost%2FFull-API-REST-Skeleton%2Fpublic, RUTA=JWT%2FdevolverPayLoad%2F, autoridad=localhost [] {"uid":"b2bb375"}
[2019-06-13 15:53:23] UTN FRA LOGGER.INFO: metodo=GET, URI=http%3A%2F%2Flocalhost%2FFull-API-REST-Skeleton%2Fpublic, RUTA=JWT%2FdevolverPayLoad%2F, autoridad=localhost [] {"uid":"4be0464"}
[2019-06-13 15:53:26] UTN FRA LOGGER.INFO: metodo=GET, URI=http%3A%2F%2Flocalhost%2FFull-API-REST-Skeleton%2Fpublic, RUTA=JWT%2FdevolverPayLoad%2F, autoridad=localhost [] {"uid":"d345f1e"}
[2019-06-13 15:54:00] UTN FRA LOGGER.INFO: metodo=GET, URI=http%3A%2F%2Flocalhost%2FFull-API-REST-Skeleton%2Fpublic, RUTA=JWT%2FdevolverPayLoad%2F, autoridad=localhost [] {"uid":"914db4e"}
[2019-06-13 15:54:01] UTN FRA LOGGER.INFO: metodo=GET, URI=http%3A%2F%2Flocalhost%2FFull-API-REST-Skeleton%2Fpublic, RUTA=JWT%2FdevolverPayLoad%2F, autoridad=localhost [] {"uid":"d8926fc"}
[2019-06-13 15:54:01] UTN FRA LOGGER.INFO: metodo=GET, URI=http%3A%2F%2Flocalhost%2FFull-API-REST-Skeleton%2Fpublic, RUTA=JWT%2FdevolverPayLoad%2F, autoridad=localhost [] {"uid":"e6913b2"}
[2019-06-13 15:54:01] UTN FRA LOGGER.INFO: metodo=GET, URI=http%3A%2F%2Flocalhost%2FFull-API-REST-Skeleton%2Fpublic, RUTA=JWT%2FdevolverPayLoad%2F, autoridad=localhost [] {"uid":"eb07b32"}
[2019-06-13 15:54:01] UTN FRA LOGGER.INFO: metodo=GET, URI=http%3A%2F%2Flocalhost%2FFull-API-REST-Skeleton%2Fpublic, RUTA=JWT%2FdevolverPayLoad%2F, autoridad=localhost [] {"uid":"5283686"}
[2019-06-13 15:54:02] UTN FRA LOGGER.INFO: metodo=GET, URI=http%3A%2F%2Flocalhost%2FFull-API-REST-Skeleton%2Fpublic, RUTA=JWT%2FdevolverPayLoad%2F, autoridad=localhost [] {"uid":"14a954e"}
[2019-06-13 15:54:02] UTN FRA LOGGER.INFO: metodo=GET, URI=http%3A%2F%2Flocalhost%2FFull-API-REST-Skeleton%2Fpublic, RUTA=JWT%2FdevolverPayLoad%2F, autoridad=localhost [] {"uid":"904e4eb"}
[2019-06-13 15:54:29] UTN FRA LOGGER.INFO: metodo=GET, URI=http%3A%2F%2Flocalhost%2FFull-API-REST-Skeleton%2Fpublic, RUTA=JWT%2FdevolverPayLoad%2F, autoridad=localhost [] {"uid":"6aa5ecf"}
[2019-06-13 15:54:53] UTN FRA LOGGER.INFO: metodo=GET, URI=http%3A%2F%2Flocalhost%2FFull-API-REST-Skeleton%2Fpublic, RUTA=JWT%2FdevolverPayLoad%2F, autoridad=localhost [] {"uid":"8a18527"}
[2019-06-13 16:14:20] UTN FRA LOGGER.INFO: metodo=GET, URI=http%3A%2F%2Flocalhost%2FFull-API-REST-Skeleton%2Fpublic, RUTA=JWT%2F, autoridad=localhost [] {"uid":"55a4605"}
[2019-06-13 16:14:25] UTN FRA LOGGER.INFO: metodo=POST, URI=http%3A%2F%2Flocalhost%2FFull-API-REST-Skeleton%2Fpublic, RUTA=JWT%2F, autoridad=localhost [] {"uid":"f981075"}
[2019-06-13 16:16:52] UTN FRA LOGGER.INFO: metodo=POST, URI=http%3A%2F%2Flocalhost%2FFull-API-REST-Skeleton%2Fpublic, RUTA=JWT%2F, autoridad=localhost [] {"uid":"46748bf"}
[2019-06-13 16:16:56] UTN FRA LOGGER.INFO: metodo=POST, URI=http%3A%2F%2Flocalhost%2FFull-API-REST-Skeleton%2Fpublic, RUTA=JWT%2F, autoridad=localhost [] {"uid":"0caf1e0"}
[2019-06-13 16:17:07] UTN FRA LOGGER.INFO: metodo=GET, URI=http%3A%2F%2Flocalhost%2FFull-API-REST-Skeleton%2Fpublic, RUTA=JWT%2F, autoridad=localhost [] {"uid":"6dd0ab4"}
[2019-06-13 16:19:09] UTN FRA LOGGER.INFO: metodo=GET, URI=http%3A%2F%2Flocalhost%2FFull-API-REST-Skeleton%2Fpublic, RUTA=JWT%2F, autoridad=localhost [] {"uid":"37dd024"}
[2019-06-13 16:19:58] UTN FRA LOGGER.INFO: metodo=GET, URI=http%3A%2F%2Flocalhost%2FFull-API-REST-Skeleton%2Fpublic, RUTA=JWT%2F, autoridad=localhost [] {"uid":"b69d6ce"}
[2019-06-13 16:20:00] UTN FRA LOGGER.INFO: metodo=GET, URI=http%3A%2F%2Flocalhost%2FFull-API-REST-Skeleton%2Fpublic, RUTA=JWT%2F, autoridad=localhost [] {"uid":"681fbe6"}
[2019-06-13 16:20:32] UTN FRA LOGGER.INFO: metodo=GET, URI=http%3A%2F%2Flocalhost%2FFull-API-REST-Skeleton%2Fpublic, RUTA=JWT%2F, autoridad=localhost [] {"uid":"1ef71a1"}
[2019-06-13 16:20:40] UTN FRA LOGGER.INFO: metodo=GET, URI=http%3A%2F%2Flocalhost%2FFull-API-REST-Skeleton%2Fpublic, RUTA=JWT%2F, autoridad=localhost [] {"uid":"9dfad57"}
[2019-11-24 22:29:37] UTN FRA LOGGER.INFO: metodo=POST, URI=http%3A%2F%2Flocalhost%2FPractica_Segundo_Parcial%2Fpublic, RUTA=users%2F, autoridad=localhost [] {"uid":"af0edb4"}
[2019-11-24 22:30:11] UTN FRA LOGGER.INFO: metodo=POST, URI=http%3A%2F%2Flocalhost%2FPractica_Segundo_Parcial%2Fpublic, RUTA=users%2F, autoridad=localhost [] {"uid":"9ba23e9"}
[2019-11-24 22:31:02] UTN FRA LOGGER.INFO: metodo=POST, URI=http%3A%2F%2Flocalhost%2FPractica_Segundo_Parcial%2Fpublic, RUTA=users%2F, autoridad=localhost [] {"uid":"b7ccbc4"}
[2019-11-24 22:31:20] UTN FRA LOGGER.INFO: metodo=POST, URI=http%3A%2F%2Flocalhost%2FPractica_Segundo_Parcial%2Fpublic, RUTA=users%2F, autoridad=localhost [] {"uid":"ae36d4c"}
[2019-11-24 22:31:35] UTN FRA LOGGER.INFO: metodo=POST, URI=http%3A%2F%2Flocalhost%2FPractica_Segundo_Parcial%2Fpublic, RUTA=users%2F, autoridad=localhost [] {"uid":"192c23c"}
[2019-11-24 22:32:18] UTN FRA LOGGER.INFO: metodo=POST, URI=http%3A%2F%2Flocalhost%2FPractica_Segundo_Parcial%2Fpublic, RUTA=users%2F, autoridad=localhost [] {"uid":"20b9137"}
[2019-11-24 22:32:41] UTN FRA LOGGER.INFO: metodo=POST, URI=http%3A%2F%2Flocalhost%2FPractica_Segundo_Parcial%2Fpublic, RUTA=users%2F, autoridad=localhost [] {"uid":"1a2d6c2"}
[2019-11-24 22:34:34] UTN FRA LOGGER.INFO: metodo=POST, URI=http%3A%2F%2Flocalhost%2FPractica_Segundo_Parcial%2Fpublic, RUTA=users%2F, autoridad=localhost [] {"uid":"e1db043"}
[2019-11-24 22:36:38] UTN FRA LOGGER.INFO: metodo=POST, URI=http%3A%2F%2Flocalhost%2FPractica_Segundo_Parcial%2Fpublic, RUTA=users%2F, autoridad=localhost [] {"uid":"591fc55"}
[2019-11-24 22:37:32] UTN FRA LOGGER.INFO: metodo=POST, URI=http%3A%2F%2Flocalhost%2FPractica_Segundo_Parcial%2Fpublic, RUTA=users%2F, autoridad=localhost [] {"uid":"9ddc89a"}
[2019-11-24 22:38:51] UTN FRA LOGGER.INFO: metodo=POST, URI=http%3A%2F%2Flocalhost%2FPractica_Segundo_Parcial%2Fpublic, RUTA=users%2F, autoridad=localhost [] {"uid":"45be3e9"}
[2019-11-24 22:41:17] UTN FRA LOGGER.INFO: metodo=POST, URI=http%3A%2F%2Flocalhost%2FPractica_Segundo_Parcial%2Fpublic, RUTA=users%2F, autoridad=localhost [] {"uid":"fb0a448"}
[2019-11-24 22:45:47] UTN FRA LOGGER.INFO: metodo=POST, URI=http%3A%2F%2Flocalhost%2FPractica_Segundo_Parcial%2Fpublic, RUTA=users%2F, autoridad=localhost [] {"uid":"8df83b4"}
[2019-11-24 22:46:25] UTN FRA LOGGER.INFO: metodo=POST, URI=http%3A%2F%2Flocalhost%2FPractica_Segundo_Parcial%2Fpublic, RUTA=users%2F, autoridad=localhost [] {"uid":"bdf0014"}
[2019-11-24 22:46:51] UTN FRA LOGGER.INFO: metodo=POST, URI=http%3A%2F%2Flocalhost%2FPractica_Segundo_Parcial%2Fpublic, RUTA=users%2F, autoridad=localhost [] {"uid":"8ef93bc"}
[2019-11-24 22:49:03] UTN FRA LOGGER.INFO: metodo=POST, URI=http%3A%2F%2Flocalhost%2FPractica_Segundo_Parcial%2Fpublic, RUTA=users%2F, autoridad=localhost [] {"uid":"8714bd8"}
[2019-11-24 22:49:22] UTN FRA LOGGER.INFO: metodo=POST, URI=http%3A%2F%2Flocalhost%2FPractica_Segundo_Parcial%2Fpublic, RUTA=users%2F, autoridad=localhost [] {"uid":"029caca"}
[2019-11-24 22:49:30] UTN FRA LOGGER.INFO: metodo=POST, URI=http%3A%2F%2Flocalhost%2FPractica_Segundo_Parcial%2Fpublic, RUTA=users%2F, autoridad=localhost [] {"uid":"54c9d94"}
[2019-11-24 22:49:43] UTN FRA LOGGER.INFO: metodo=POST, URI=http%3A%2F%2Flocalhost%2FPractica_Segundo_Parcial%2Fpublic, RUTA=users%2F, autoridad=localhost [] {"uid":"46f8814"}
[2019-11-24 22:49:53] UTN FRA LOGGER.INFO: metodo=POST, URI=http%3A%2F%2Flocalhost%2FPractica_Segundo_Parcial%2Fpublic, RUTA=users%2F, autoridad=localhost [] {"uid":"67c1d69"}
[2019-11-24 22:50:23] UTN FRA LOGGER.INFO: metodo=POST, URI=http%3A%2F%2Flocalhost%2FPractica_Segundo_Parcial%2Fpublic, RUTA=users%2F, autoridad=localhost [] {"uid":"df74bf2"}
[2019-11-24 22:52:02] UTN FRA LOGGER.INFO: metodo=POST, URI=http%3A%2F%2Flocalhost%2FPractica_Segundo_Parcial%2Fpublic, RUTA=users%2F, autoridad=localhost [] {"uid":"1a9b4b6"}
[2019-11-24 22:54:12] UTN FRA LOGGER.INFO: metodo=POST, URI=http%3A%2F%2Flocalhost%2FPractica_Segundo_Parcial%2Fpublic, RUTA=users%2F, autoridad=localhost [] {"uid":"c2702df"}
[2019-11-24 22:54:39] UTN FRA LOGGER.INFO: metodo=POST, URI=http%3A%2F%2Flocalhost%2FPractica_Segundo_Parcial%2Fpublic, RUTA=users%2F, autoridad=localhost [] {"uid":"33666f5"}
[2019-11-24 22:54:47] UTN FRA LOGGER.INFO: metodo=POST, URI=http%3A%2F%2Flocalhost%2FPractica_Segundo_Parcial%2Fpublic, RUTA=users%2F, autoridad=localhost [] {"uid":"7dbb02b"}
[2019-11-24 22:56:26] UTN FRA LOGGER.INFO: metodo=POST, URI=http%3A%2F%2Flocalhost%2FPractica_Segundo_Parcial%2Fpublic, RUTA=users%2F, autoridad=localhost [] {"uid":"e316218"}
[2019-11-24 22:57:26] UTN FRA LOGGER.INFO: metodo=POST, URI=http%3A%2F%2Flocalhost%2FPractica_Segundo_Parcial%2Fpublic, RUTA=users%2F, autoridad=localhost [] {"uid":"7c75b35"}
[2019-11-24 22:58:21] UTN FRA LOGGER.INFO: metodo=POST, URI=http%3A%2F%2Flocalhost%2FPractica_Segundo_Parcial%2Fpublic, RUTA=users%2F, autoridad=localhost [] {"uid":"19d3f8a"}
[2019-11-24 22:59:12] UTN FRA LOGGER.INFO: metodo=POST, URI=http%3A%2F%2Flocalhost%2FPractica_Segundo_Parcial%2Fpublic, RUTA=users%2F, autoridad=localhost [] {"uid":"cc8c39d"}
[2019-11-24 22:59:30] UTN FRA LOGGER.INFO: metodo=POST, URI=http%3A%2F%2Flocalhost%2FPractica_Segundo_Parcial%2Fpublic, RUTA=users%2F, autoridad=localhost [] {"uid":"ddec367"}
[2019-11-24 23:00:07] UTN FRA LOGGER.INFO: metodo=POST, URI=http%3A%2F%2Flocalhost%2FPractica_Segundo_Parcial%2Fpublic, RUTA=users%2F, autoridad=localhost [] {"uid":"2e25aae"}
[2019-11-24 23:00:28] UTN FRA LOGGER.INFO: metodo=POST, URI=http%3A%2F%2Flocalhost%2FPractica_Segundo_Parcial%2Fpublic, RUTA=users%2F, autoridad=localhost [] {"uid":"9b1253c"}
[2019-11-24 23:01:28] UTN FRA LOGGER.INFO: metodo=POST, URI=http%3A%2F%2Flocalhost%2FPractica_Segundo_Parcial%2Fpublic, RUTA=users%2F, autoridad=localhost [] {"uid":"4e3dce1"}
[2019-11-24 23:02:07] UTN FRA LOGGER.INFO: metodo=POST, URI=http%3A%2F%2Flocalhost%2FPractica_Segundo_Parcial%2Fpublic, RUTA=users%2F, autoridad=localhost [] {"uid":"27d1861"}
[2019-11-24 23:02:28] UTN FRA LOGGER.INFO: metodo=POST, URI=http%3A%2F%2Flocalhost%2FPractica_Segundo_Parcial%2Fpublic, RUTA=users%2F, autoridad=localhost [] {"uid":"3082d53"}
[2019-11-24 23:02:47] UTN FRA LOGGER.INFO: metodo=POST, URI=http%3A%2F%2Flocalhost%2FPractica_Segundo_Parcial%2Fpublic, RUTA=users%2F, autoridad=localhost [] {"uid":"e8db5ac"}
[2019-11-24 23:03:03] UTN FRA LOGGER.INFO: metodo=POST, URI=http%3A%2F%2Flocalhost%2FPractica_Segundo_Parcial%2Fpublic, RUTA=users%2F, autoridad=localhost [] {"uid":"ad31293"}
[2019-11-24 23:04:43] UTN FRA LOGGER.INFO: metodo=POST, URI=http%3A%2F%2Flocalhost%2FPractica_Segundo_Parcial%2Fpublic, RUTA=users%2F, autoridad=localhost [] {"uid":"67775fd"}
[2019-11-24 23:05:02] UTN FRA LOGGER.INFO: metodo=POST, URI=http%3A%2F%2Flocalhost%2FPractica_Segundo_Parcial%2Fpublic, RUTA=users%2F, autoridad=localhost [] {"uid":"679b9fa"}
[2019-11-24 23:06:38] UTN FRA LOGGER.INFO: metodo=POST, URI=http%3A%2F%2Flocalhost%2FPractica_Segundo_Parcial%2Fpublic, RUTA=users%2F, autoridad=localhost [] {"uid":"5277977"}
[2019-11-24 23:06:49] UTN FRA LOGGER.INFO: metodo=POST, URI=http%3A%2F%2Flocalhost%2FPractica_Segundo_Parcial%2Fpublic, RUTA=users%2F, autoridad=localhost [] {"uid":"0d6cb3b"}
[2019-11-24 23:07:15] UTN FRA LOGGER.INFO: metodo=POST, URI=http%3A%2F%2Flocalhost%2FPractica_Segundo_Parcial%2Fpublic, RUTA=users%2F, autoridad=localhost [] {"uid":"4447334"}
[2019-11-24 23:08:16] UTN FRA LOGGER.INFO: metodo=POST, URI=http%3A%2F%2Flocalhost%2FPractica_Segundo_Parcial%2Fpublic, RUTA=users%2F, autoridad=localhost [] {"uid":"83d3a36"}
[2019-11-24 23:35:29] UTN FRA LOGGER.INFO: metodo=POST, URI=http%3A%2F%2Flocalhost%2FPractica_Segundo_Parcial%2Fpublic, RUTA=users%2F, autoridad=localhost [] {"uid":"7932ea0"}
[2019-11-24 23:45:23] UTN FRA LOGGER.INFO: metodo=POST, URI=http%3A%2F%2Flocalhost%2FPractica_Segundo_Parcial%2Fpublic, RUTA=login%2F, autoridad=localhost [] {"uid":"e3e9eae"}
[2019-11-24 23:45:46] UTN FRA LOGGER.INFO: metodo=POST, URI=http%3A%2F%2Flocalhost%2FPractica_Segundo_Parcial%2Fpublic, RUTA=login%2F, autoridad=localhost [] {"uid":"f1e24b4"}
[2019-11-24 23:48:25] UTN FRA LOGGER.INFO: metodo=POST, URI=http%3A%2F%2Flocalhost%2FPractica_Segundo_Parcial%2Fpublic, RUTA=login%2F, autoridad=localhost [] {"uid":"0012072"}
[2019-11-24 23:49:14] UTN FRA LOGGER.INFO: metodo=POST, URI=http%3A%2F%2Flocalhost%2FPractica_Segundo_Parcial%2Fpublic, RUTA=login%2F, autoridad=localhost [] {"uid":"f5714a2"}
[2019-11-24 23:55:45] UTN FRA LOGGER.INFO: metodo=POST, URI=http%3A%2F%2Flocalhost%2FPractica_Segundo_Parcial%2Fpublic, RUTA=login%2F, autoridad=localhost [] {"uid":"32f2d61"}
[2019-11-25 00:05:12] UTN FRA LOGGER.INFO: metodo=POST, URI=http%3A%2F%2Flocalhost%2FPractica_Segundo_Parcial%2Fpublic, RUTA=login%2F, autoridad=localhost [] {"uid":"806d864"}
[2019-11-25 00:07:45] UTN FRA LOGGER.INFO: metodo=POST, URI=http%3A%2F%2Flocalhost%2FPractica_Segundo_Parcial%2Fpublic, RUTA=users%2F, autoridad=localhost [] {"uid":"77264f2"}
[2019-11-25 00:08:03] UTN FRA LOGGER.INFO: metodo=POST, URI=http%3A%2F%2Flocalhost%2FPractica_Segundo_Parcial%2Fpublic, RUTA=users%2F, autoridad=localhost [] {"uid":"77e11b4"}
[2019-11-25 00:08:18] UTN FRA LOGGER.INFO: metodo=POST, URI=http%3A%2F%2Flocalhost%2FPractica_Segundo_Parcial%2Fpublic, RUTA=login%2F, autoridad=localhost [] {"uid":"b859818"}
[2019-11-25 00:08:31] UTN FRA LOGGER.INFO: metodo=POST, URI=http%3A%2F%2Flocalhost%2FPractica_Segundo_Parcial%2Fpublic, RUTA=login%2F, autoridad=localhost [] {"uid":"45126cb"}
[2019-11-25 00:14:44] UTN FRA LOGGER.INFO: metodo=POST, URI=http%3A%2F%2Flocalhost%2FPractica_Segundo_Parcial%2Fpublic, RUTA=users%2F, autoridad=localhost [] {"uid":"37c17e4"}
[2019-11-25 00:14:49] UTN FRA LOGGER.INFO: metodo=POST, URI=http%3A%2F%2Flocalhost%2FPractica_Segundo_Parcial%2Fpublic, RUTA=users%2F, autoridad=localhost [] {"uid":"845d8d3"}
[2019-11-25 00:17:49] UTN FRA LOGGER.INFO: metodo=POST, URI=http%3A%2F%2Flocalhost%2FPractica_Segundo_Parcial%2Fpublic, RUTA=login%2F, autoridad=localhost [] {"uid":"6f56dba"}
[2019-11-25 00:21:14] UTN FRA LOGGER.INFO: metodo=POST, URI=http%3A%2F%2Flocalhost%2FPractica_Segundo_Parcial%2Fpublic, RUTA=login%2F, autoridad=localhost [] {"uid":"2225951"}
[2019-11-25 00:21:21] UTN FRA LOGGER.INFO: metodo=POST, URI=http%3A%2F%2Flocalhost%2FPractica_Segundo_Parcial%2Fpublic, RUTA=login%2F, autoridad=localhost [] {"uid":"0a46ff7"}
[2019-11-25 00:21:41] UTN FRA LOGGER.INFO: metodo=POST, URI=http%3A%2F%2Flocalhost%2FPractica_Segundo_Parcial%2Fpublic, RUTA=login%2F, autoridad=localhost [] {"uid":"210b26d"}
[2019-11-25 00:22:10] UTN FRA LOGGER.INFO: metodo=POST, URI=http%3A%2F%2Flocalhost%2FPractica_Segundo_Parcial%2Fpublic, RUTA=login%2F, autoridad=localhost [] {"uid":"428d879"}
[2019-11-25 00:22:18] UTN FRA LOGGER.INFO: metodo=POST, URI=http%3A%2F%2Flocalhost%2FPractica_Segundo_Parcial%2Fpublic, RUTA=login%2F, autoridad=localhost [] {"uid":"20cdf53"}
[2019-11-25 00:22:31] UTN FRA LOGGER.INFO: metodo=POST, URI=http%3A%2F%2Flocalhost%2FPractica_Segundo_Parcial%2Fpublic, RUTA=login%2F, autoridad=localhost [] {"uid":"d35cc15"}
[2019-11-25 00:22:41] UTN FRA LOGGER.INFO: metodo=POST, URI=http%3A%2F%2Flocalhost%2FPractica_Segundo_Parcial%2Fpublic, RUTA=login%2F, autoridad=localhost [] {"uid":"e1f863c"}
[2019-11-25 00:24:04] UTN FRA LOGGER.INFO: metodo=POST, URI=http%3A%2F%2Flocalhost%2FPractica_Segundo_Parcial%2Fpublic, RUTA=login%2F, autoridad=localhost [] {"uid":"a164d12"}
[2019-11-25 00:24:09] UTN FRA LOGGER.INFO: metodo=POST, URI=http%3A%2F%2Flocalhost%2FPractica_Segundo_Parcial%2Fpublic, RUTA=login%2F, autoridad=localhost [] {"uid":"df07435"}
[2019-11-25 00:26:06] UTN FRA LOGGER.INFO: metodo=POST, URI=http%3A%2F%2Flocalhost%2FPractica_Segundo_Parcial%2Fpublic, RUTA=users%2F, autoridad=localhost [] {"uid":"0891d34"}
[2019-11-25 00:26:25] UTN FRA LOGGER.INFO: metodo=POST, URI=http%3A%2F%2Flocalhost%2FPractica_Segundo_Parcial%2Fpublic, RUTA=users%2F, autoridad=localhost [] {"uid":"5dd3817"}
[2019-11-25 00:26:39] UTN FRA LOGGER.INFO: metodo=POST, URI=http%3A%2F%2Flocalhost%2FPractica_Segundo_Parcial%2Fpublic, RUTA=users%2F, autoridad=localhost [] {"uid":"7e51959"}
[2019-11-25 00:28:40] UTN FRA LOGGER.INFO: metodo=POST, URI=http%3A%2F%2Flocalhost%2FPractica_Segundo_Parcial%2Fpublic, RUTA=users%2F, autoridad=localhost [] {"uid":"56319a1"}
[2019-11-25 00:28:41] UTN FRA LOGGER.INFO: metodo=POST, URI=http%3A%2F%2Flocalhost%2FPractica_Segundo_Parcial%2Fpublic, RUTA=users%2F, autoridad=localhost [] {"uid":"b56fb60"}
[2019-11-25 00:28:42] UTN FRA LOGGER.INFO: metodo=POST, URI=http%3A%2F%2Flocalhost%2FPractica_Segundo_Parcial%2Fpublic, RUTA=users%2F, autoridad=localhost [] {"uid":"23cd8c4"}
[2019-11-25 00:31:03] UTN FRA LOGGER.INFO: metodo=POST, URI=http%3A%2F%2Flocalhost%2FPractica_Segundo_Parcial%2Fpublic, RUTA=users%2F, autoridad=localhost [] {"uid":"1584089"}
[2019-11-25 00:31:36] UTN FRA LOGGER.INFO: metodo=POST, URI=http%3A%2F%2Flocalhost%2FPractica_Segundo_Parcial%2Fpublic, RUTA=users%2F, autoridad=localhost [] {"uid":"fb4378f"}
[2019-11-25 00:57:58] UTN FRA LOGGER.INFO: metodo=POST, URI=http%3A%2F%2Flocalhost%2FPractica_Segundo_Parcial%2Fpublic, RUTA=login%2F, autoridad=localhost [] {"uid":"25b411a"}
[2019-11-25 00:58:24] UTN FRA LOGGER.INFO: metodo=POST, URI=http%3A%2F%2Flocalhost%2FPractica_Segundo_Parcial%2Fpublic, RUTA=login%2F, autoridad=localhost [] {"uid":"ee87f08"}
[2019-11-25 00:59:13] UTN FRA LOGGER.INFO: metodo=POST, URI=http%3A%2F%2Flocalhost%2FPractica_Segundo_Parcial%2Fpublic, RUTA=login%2F, autoridad=localhost [] {"uid":"7e50e02"}
[2019-11-25 01:01:25] UTN FRA LOGGER.INFO: metodo=POST, URI=http%3A%2F%2Flocalhost%2FPractica_Segundo_Parcial%2Fpublic, RUTA=login%2F, autoridad=localhost [] {"uid":"86e0c23"}
[2019-11-25 01:02:17] UTN FRA LOGGER.INFO: metodo=POST, URI=http%3A%2F%2Flocalhost%2FPractica_Segundo_Parcial%2Fpublic, RUTA=login%2F, autoridad=localhost [] {"uid":"e76aa2c"}
[2019-11-25 01:02:37] UTN FRA LOGGER.INFO: metodo=POST, URI=http%3A%2F%2Flocalhost%2FPractica_Segundo_Parcial%2Fpublic, RUTA=login%2F, autoridad=localhost [] {"uid":"23bc010"}
[2019-11-25 01:03:30] UTN FRA LOGGER.INFO: metodo=POST, URI=http%3A%2F%2Flocalhost%2FPractica_Segundo_Parcial%2Fpublic, RUTA=login%2F, autoridad=localhost [] {"uid":"06c64f9"}
[2019-11-25 01:03:39] UTN FRA LOGGER.INFO: metodo=POST, URI=http%3A%2F%2Flocalhost%2FPractica_Segundo_Parcial%2Fpublic, RUTA=login%2F, autoridad=localhost [] {"uid":"e42e748"}
[2019-11-25 01:04:03] UTN FRA LOGGER.INFO: metodo=POST, URI=http%3A%2F%2Flocalhost%2FPractica_Segundo_Parcial%2Fpublic, RUTA=login%2F, autoridad=localhost [] {"uid":"63cef16"}
[2019-11-25 01:04:59] UTN FRA LOGGER.INFO: metodo=POST, URI=http%3A%2F%2Flocalhost%2FPractica_Segundo_Parcial%2Fpublic, RUTA=login%2F, autoridad=localhost [] {"uid":"55735ca"}
[2019-11-25 01:05:21] UTN FRA LOGGER.INFO: metodo=POST, URI=http%3A%2F%2Flocalhost%2FPractica_Segundo_Parcial%2Fpublic, RUTA=login%2F, autoridad=localhost [] {"uid":"cd1e1ff"}
[2019-11-25 01:05:22] UTN FRA LOGGER.INFO: metodo=POST, URI=http%3A%2F%2Flocalhost%2FPractica_Segundo_Parcial%2Fpublic, RUTA=login%2F, autoridad=localhost [] {"uid":"eaaacb0"}
[2019-11-25 01:05:39] UTN FRA LOGGER.INFO: metodo=POST, URI=http%3A%2F%2Flocalhost%2FPractica_Segundo_Parcial%2Fpublic, RUTA=login%2F, autoridad=localhost [] {"uid":"3e50165"}
[2019-11-25 01:06:00] UTN FRA LOGGER.INFO: metodo=POST, URI=http%3A%2F%2Flocalhost%2FPractica_Segundo_Parcial%2Fpublic, RUTA=login%2F, autoridad=localhost [] {"uid":"c9a476b"}
[2019-11-25 01:06:33] UTN FRA LOGGER.INFO: metodo=POST, URI=http%3A%2F%2Flocalhost%2FPractica_Segundo_Parcial%2Fpublic, RUTA=login%2F, autoridad=localhost [] {"uid":"6076179"}
[2019-11-25 01:07:04] UTN FRA LOGGER.INFO: metodo=POST, URI=http%3A%2F%2Flocalhost%2FPractica_Segundo_Parcial%2Fpublic, RUTA=login%2F, autoridad=localhost [] {"uid":"63957fe"}
[2019-11-25 01:08:03] UTN FRA LOGGER.INFO: metodo=POST, URI=http%3A%2F%2Flocalhost%2FPractica_Segundo_Parcial%2Fpublic, RUTA=login%2F, autoridad=localhost [] {"uid":"75f4f59"}
[2019-11-25 01:09:28] UTN FRA LOGGER.INFO: metodo=POST, URI=http%3A%2F%2Flocalhost%2FPractica_Segundo_Parcial%2Fpublic, RUTA=login%2F, autoridad=localhost [] {"uid":"2105f2a"}
[2019-11-25 01:09:44] UTN FRA LOGGER.INFO: metodo=POST, URI=http%3A%2F%2Flocalhost%2FPractica_Segundo_Parcial%2Fpublic, RUTA=login%2F, autoridad=localhost [] {"uid":"dcf6753"}
[2019-11-25 01:09:57] UTN FRA LOGGER.INFO: metodo=POST, URI=http%3A%2F%2Flocalhost%2FPractica_Segundo_Parcial%2Fpublic, RUTA=login%2F, autoridad=localhost [] {"uid":"474fb56"}
[2019-11-25 01:10:57] UTN FRA LOGGER.INFO: metodo=POST, URI=http%3A%2F%2Flocalhost%2FPractica_Segundo_Parcial%2Fpublic, RUTA=login%2F, autoridad=localhost [] {"uid":"865b76f"}
[2019-11-25 01:11:28] UTN FRA LOGGER.INFO: metodo=POST, URI=http%3A%2F%2Flocalhost%2FPractica_Segundo_Parcial%2Fpublic, RUTA=login%2F, autoridad=localhost [] {"uid":"acf08e6"}
[2019-11-25 01:12:28] UTN FRA LOGGER.INFO: metodo=POST, URI=http%3A%2F%2Flocalhost%2FPractica_Segundo_Parcial%2Fpublic, RUTA=login%2F, autoridad=localhost [] {"uid":"f2623e7"}
[2019-11-25 01:16:07] UTN FRA LOGGER.INFO: metodo=POST, URI=http%3A%2F%2Flocalhost%2FPractica_Segundo_Parcial%2Fpublic, RUTA=login%2F, autoridad=localhost [] {"uid":"289ca27"}
[2019-11-25 01:16:11] UTN FRA LOGGER.INFO: metodo=POST, URI=http%3A%2F%2Flocalhost%2FPractica_Segundo_Parcial%2Fpublic, RUTA=login%2F, autoridad=localhost [] {"uid":"e2dafda"}
[2019-11-25 01:21:55] UTN FRA LOGGER.INFO: metodo=POST, URI=http%3A%2F%2Flocalhost%2FPractica_Segundo_Parcial%2Fpublic, RUTA=login%2F, autoridad=localhost [] {"uid":"c29aca0"}
[2019-11-25 01:22:08] UTN FRA LOGGER.INFO: metodo=POST, URI=http%3A%2F%2Flocalhost%2FPractica_Segundo_Parcial%2Fpublic, RUTA=login%2F, autoridad=localhost [] {"uid":"f2c636c"}
[2019-11-25 01:22:29] UTN FRA LOGGER.INFO: metodo=POST, URI=http%3A%2F%2Flocalhost%2FPractica_Segundo_Parcial%2Fpublic, RUTA=login%2F, autoridad=localhost [] {"uid":"3086c0a"}
[2019-11-25 01:22:39] UTN FRA LOGGER.INFO: metodo=POST, URI=http%3A%2F%2Flocalhost%2FPractica_Segundo_Parcial%2Fpublic, RUTA=login%2F, autoridad=localhost [] {"uid":"5c1eb88"}
[2019-11-25 01:22:48] UTN FRA LOGGER.INFO: metodo=POST, URI=http%3A%2F%2Flocalhost%2FPractica_Segundo_Parcial%2Fpublic, RUTA=login%2F, autoridad=localhost [] {"uid":"881e14d"}
[2019-11-25 01:22:56] UTN FRA LOGGER.INFO: metodo=POST, URI=http%3A%2F%2Flocalhost%2FPractica_Segundo_Parcial%2Fpublic, RUTA=login%2F, autoridad=localhost [] {"uid":"6ff362b"}
[2019-11-25 01:26:06] UTN FRA LOGGER.INFO: metodo=POST, URI=http%3A%2F%2Flocalhost%2FPractica_Segundo_Parcial%2Fpublic, RUTA=login%2F, autoridad=localhost [] {"uid":"8d98dac"}
[2019-11-25 01:26:14] UTN FRA LOGGER.INFO: metodo=POST, URI=http%3A%2F%2Flocalhost%2FPractica_Segundo_Parcial%2Fpublic, RUTA=login%2F, autoridad=localhost [] {"uid":"08894ac"}
[2019-11-25 01:27:26] UTN FRA LOGGER.INFO: metodo=POST, URI=http%3A%2F%2Flocalhost%2FPractica_Segundo_Parcial%2Fpublic, RUTA=login%2F, autoridad=localhost [] {"uid":"ed6b572"}
[2019-11-25 01:27:27] UTN FRA LOGGER.INFO: metodo=POST, URI=http%3A%2F%2Flocalhost%2FPractica_Segundo_Parcial%2Fpublic, RUTA=login%2F, autoridad=localhost [] {"uid":"38d6b03"}
[2019-11-25 01:27:55] UTN FRA LOGGER.INFO: metodo=POST, URI=http%3A%2F%2Flocalhost%2FPractica_Segundo_Parcial%2Fpublic, RUTA=login%2F, autoridad=localhost [] {"uid":"fb3138f"}
[2019-11-25 01:28:04] UTN FRA LOGGER.INFO: metodo=POST, URI=http%3A%2F%2Flocalhost%2FPractica_Segundo_Parcial%2Fpublic, RUTA=login%2F, autoridad=localhost [] {"uid":"a39e6db"}
[2019-11-25 01:28:15] UTN FRA LOGGER.INFO: metodo=POST, URI=http%3A%2F%2Flocalhost%2FPractica_Segundo_Parcial%2Fpublic, RUTA=login%2F, autoridad=localhost [] {"uid":"0deecc1"}
[2019-11-25 01:29:36] UTN FRA LOGGER.INFO: metodo=POST, URI=http%3A%2F%2Flocalhost%2FPractica_Segundo_Parcial%2Fpublic, RUTA=login%2F, autoridad=localhost [] {"uid":"9f5c280"}
[2019-11-25 01:30:00] UTN FRA LOGGER.INFO: metodo=POST, URI=http%3A%2F%2Flocalhost%2FPractica_Segundo_Parcial%2Fpublic, RUTA=login%2F, autoridad=localhost [] {"uid":"fc2c8c6"}
[2019-11-25 01:30:42] UTN FRA LOGGER.INFO: metodo=POST, URI=http%3A%2F%2Flocalhost%2FPractica_Segundo_Parcial%2Fpublic, RUTA=login%2F, autoridad=localhost [] {"uid":"6e80a13"}
[2019-11-25 01:30:43] UTN FRA LOGGER.INFO: metodo=POST, URI=http%3A%2F%2Flocalhost%2FPractica_Segundo_Parcial%2Fpublic, RUTA=login%2F, autoridad=localhost [] {"uid":"a514e0d"}
[2019-11-25 01:30:57] UTN FRA LOGGER.INFO: metodo=POST, URI=http%3A%2F%2Flocalhost%2FPractica_Segundo_Parcial%2Fpublic, RUTA=login%2F, autoridad=localhost [] {"uid":"2604500"}
[2019-11-25 01:31:37] UTN FRA LOGGER.INFO: metodo=POST, URI=http%3A%2F%2Flocalhost%2FPractica_Segundo_Parcial%2Fpublic, RUTA=login%2F, autoridad=localhost [] {"uid":"832a879"}
[2019-11-25 01:32:26] UTN FRA LOGGER.INFO: metodo=POST, URI=http%3A%2F%2Flocalhost%2FPractica_Segundo_Parcial%2Fpublic, RUTA=login%2F, autoridad=localhost [] {"uid":"ffa28ec"}
[2019-11-25 01:33:35] UTN FRA LOGGER.INFO: metodo=POST, URI=http%3A%2F%2Flocalhost%2FPractica_Segundo_Parcial%2Fpublic, RUTA=login%2F, autoridad=localhost [] {"uid":"800159b"}
[2019-11-25 01:33:54] UTN FRA LOGGER.INFO: metodo=POST, URI=http%3A%2F%2Flocalhost%2FPractica_Segundo_Parcial%2Fpublic, RUTA=login%2F, autoridad=localhost [] {"uid":"23a88d3"}
[2019-11-25 01:37:57] UTN FRA LOGGER.INFO: metodo=POST, URI=http%3A%2F%2Flocalhost%2FPractica_Segundo_Parcial%2Fpublic, RUTA=login%2F, autoridad=localhost [] {"uid":"ebbed8f"}
[2019-11-25 01:38:06] UTN FRA LOGGER.INFO: metodo=POST, URI=http%3A%2F%2Flocalhost%2FPractica_Segundo_Parcial%2Fpublic, RUTA=login%2F, autoridad=localhost [] {"uid":"88aec80"}
[2019-11-25 01:38:40] UTN FRA LOGGER.INFO: metodo=POST, URI=http%3A%2F%2Flocalhost%2FPractica_Segundo_Parcial%2Fpublic, RUTA=login%2F, autoridad=localhost [] {"uid":"c408933"}
[2019-11-25 01:39:07] UTN FRA LOGGER.INFO: metodo=POST, URI=http%3A%2F%2Flocalhost%2FPractica_Segundo_Parcial%2Fpublic, RUTA=login%2F, autoridad=localhost [] {"uid":"31f5d81"}
[2019-11-25 01:39:27] UTN FRA LOGGER.INFO: metodo=POST, URI=http%3A%2F%2Flocalhost%2FPractica_Segundo_Parcial%2Fpublic, RUTA=login%2F, autoridad=localhost [] {"uid":"deece2f"}
[2019-11-25 01:39:48] UTN FRA LOGGER.INFO: metodo=POST, URI=http%3A%2F%2Flocalhost%2FPractica_Segundo_Parcial%2Fpublic, RUTA=login%2F, autoridad=localhost [] {"uid":"93aec4f"}
[2019-11-25 01:40:01] UTN FRA LOGGER.INFO: metodo=POST, URI=http%3A%2F%2Flocalhost%2FPractica_Segundo_Parcial%2Fpublic, RUTA=login%2F, autoridad=localhost [] {"uid":"d6b8459"}
[2019-11-25 01:41:47] UTN FRA LOGGER.INFO: metodo=POST, URI=http%3A%2F%2Flocalhost%2FPractica_Segundo_Parcial%2Fpublic, RUTA=login%2F, autoridad=localhost [] {"uid":"e8fb864"}
[2019-11-25 01:43:22] UTN FRA LOGGER.INFO: metodo=POST, URI=http%3A%2F%2Flocalhost%2FPractica_Segundo_Parcial%2Fpublic, RUTA=login%2F, autoridad=localhost [] {"uid":"48e5933"}
[2019-11-25 01:44:04] UTN FRA LOGGER.INFO: metodo=POST, URI=http%3A%2F%2Flocalhost%2FPractica_Segundo_Parcial%2Fpublic, RUTA=login%2F, autoridad=localhost [] {"uid":"302afe7"}
[2019-11-25 01:44:33] UTN FRA LOGGER.INFO: metodo=POST, URI=http%3A%2F%2Flocalhost%2FPractica_Segundo_Parcial%2Fpublic, RUTA=login%2F, autoridad=localhost [] {"uid":"aaa9fc7"}
[2019-11-25 01:44:57] UTN FRA LOGGER.INFO: metodo=POST, URI=http%3A%2F%2Flocalhost%2FPractica_Segundo_Parcial%2Fpublic, RUTA=login%2F, autoridad=localhost [] {"uid":"aa87da7"}
[2019-11-25 01:45:03] UTN FRA LOGGER.INFO: metodo=POST, URI=http%3A%2F%2Flocalhost%2FPractica_Segundo_Parcial%2Fpublic, RUTA=login%2F, autoridad=localhost [] {"uid":"a147c7e"}
[2019-11-25 01:45:05] UTN FRA LOGGER.INFO: metodo=POST, URI=http%3A%2F%2Flocalhost%2FPractica_Segundo_Parcial%2Fpublic, RUTA=login%2F, autoridad=localhost [] {"uid":"96317e5"}
[2019-11-25 01:45:27] UTN FRA LOGGER.INFO: metodo=POST, URI=http%3A%2F%2Flocalhost%2FPractica_Segundo_Parcial%2Fpublic, RUTA=login%2F, autoridad=localhost [] {"uid":"ee4e95a"}
[2019-11-25 01:46:50] UTN FRA LOGGER.INFO: metodo=POST, URI=http%3A%2F%2Flocalhost%2FPractica_Segundo_Parcial%2Fpublic, RUTA=login%2F, autoridad=localhost [] {"uid":"0f4beef"}
[2019-11-25 01:47:17] UTN FRA LOGGER.INFO: metodo=POST, URI=http%3A%2F%2Flocalhost%2FPractica_Segundo_Parcial%2Fpublic, RUTA=login%2F, autoridad=localhost [] {"uid":"e31e0c9"}
[2019-11-25 01:47:27] UTN FRA LOGGER.INFO: metodo=POST, URI=http%3A%2F%2Flocalhost%2FPractica_Segundo_Parcial%2Fpublic, RUTA=login%2F, autoridad=localhost [] {"uid":"d36d1a5"}
[2019-11-25 01:48:01] UTN FRA LOGGER.INFO: metodo=POST, URI=http%3A%2F%2Flocalhost%2FPractica_Segundo_Parcial%2Fpublic, RUTA=login%2F, autoridad=localhost [] {"uid":"d3b84de"}
[2019-11-25 01:48:45] UTN FRA LOGGER.INFO: metodo=POST, URI=http%3A%2F%2Flocalhost%2FPractica_Segundo_Parcial%2Fpublic, RUTA=login%2F, autoridad=localhost [] {"uid":"1d827b7"}
[2019-11-25 01:48:54] UTN FRA LOGGER.INFO: metodo=POST, URI=http%3A%2F%2Flocalhost%2FPractica_Segundo_Parcial%2Fpublic, RUTA=login%2F, autoridad=localhost [] {"uid":"43783cc"}
[2019-11-25 02:20:37] UTN FRA LOGGER.INFO: metodo=POST, URI=http%3A%2F%2Flocalhost%2FPractica_Segundo_Parcial%2Fpublic, RUTA=login%2F, autoridad=localhost [] {"uid":"1b30f39"}
[2019-11-25 02:21:02] UTN FRA LOGGER.INFO: metodo=POST, URI=http%3A%2F%2Flocalhost%2FPractica_Segundo_Parcial%2Fpublic, RUTA=login%2F, autoridad=localhost [] {"uid":"78f0a48"}
[2019-11-25 02:21:52] UTN FRA LOGGER.INFO: metodo=POST, URI=http%3A%2F%2Flocalhost%2FPractica_Segundo_Parcial%2Fpublic, RUTA=login%2F, autoridad=localhost [] {"uid":"cade8ff"}
[2019-11-25 02:28:01] UTN FRA LOGGER.INFO: metodo=POST, URI=http%3A%2F%2Flocalhost%2FPractica_Segundo_Parcial%2Fpublic, RUTA=ingreso%2F, autoridad=localhost [] {"uid":"130da4f"}
[2019-11-25 02:29:46] UTN FRA LOGGER.INFO: metodo=POST, URI=http%3A%2F%2Flocalhost%2FPractica_Segundo_Parcial%2Fpublic, RUTA=ingreso%2F, autoridad=localhost [] {"uid":"4bd4b6f"}
[2019-11-25 02:30:30] UTN FRA LOGGER.INFO: metodo=POST, URI=http%3A%2F%2Flocalhost%2FPractica_Segundo_Parcial%2Fpublic, RUTA=ingreso%2F, autoridad=localhost [] {"uid":"b77b5f4"}
[2019-11-25 02:49:30] UTN FRA LOGGER.INFO: metodo=POST, URI=http%3A%2F%2Flocalhost%2FPractica_Segundo_Parcial%2Fpublic, RUTA=ingreso%2F, autoridad=localhost [] {"uid":"5d968c5"}
[2019-11-25 02:49:44] UTN FRA LOGGER.INFO: metodo=POST, URI=http%3A%2F%2Flocalhost%2FPractica_Segundo_Parcial%2Fpublic, RUTA=ingreso%2F, autoridad=localhost [] {"uid":"5041c5c"}
[2019-11-25 02:50:19] UTN FRA LOGGER.INFO: metodo=POST, URI=http%3A%2F%2Flocalhost%2FPractica_Segundo_Parcial%2Fpublic, RUTA=ingreso%2F, autoridad=localhost [] {"uid":"0fe758b"}
[2019-11-25 02:50:38] UTN FRA LOGGER.INFO: metodo=POST, URI=http%3A%2F%2Flocalhost%2FPractica_Segundo_Parcial%2Fpublic, RUTA=ingreso%2F, autoridad=localhost [] {"uid":"745356c"}
[2019-11-25 02:56:01] UTN FRA LOGGER.INFO: metodo=POST, URI=http%3A%2F%2Flocalhost%2FPractica_Segundo_Parcial%2Fpublic, RUTA=ingreso%2F, autoridad=localhost [] {"uid":"425abd4"}
[2019-11-25 02:56:03] UTN FRA LOGGER.INFO: metodo=POST, URI=http%3A%2F%2Flocalhost%2FPractica_Segundo_Parcial%2Fpublic, RUTA=ingreso%2F, autoridad=localhost [] {"uid":"73a9855"}
[2019-11-25 02:56:38] UTN FRA LOGGER.INFO: metodo=POST, URI=http%3A%2F%2Flocalhost%2FPractica_Segundo_Parcial%2Fpublic, RUTA=ingreso%2F, autoridad=localhost [] {"uid":"cffc7e1"}
[2019-11-25 02:57:08] UTN FRA LOGGER.INFO: metodo=POST, URI=http%3A%2F%2Flocalhost%2FPractica_Segundo_Parcial%2Fpublic, RUTA=ingreso%2F, autoridad=localhost [] {"uid":"f601541"}
[2019-11-25 02:58:52] UTN FRA LOGGER.INFO: metodo=POST, URI=http%3A%2F%2Flocalhost%2FPractica_Segundo_Parcial%2Fpublic, RUTA=ingreso%2F, autoridad=localhost [] {"uid":"8947ae8"}
[2019-11-25 02:59:10] UTN FRA LOGGER.INFO: metodo=POST, URI=http%3A%2F%2Flocalhost%2FPractica_Segundo_Parcial%2Fpublic, RUTA=ingreso%2F, autoridad=localhost [] {"uid":"f537cb6"}
[2019-11-25 02:59:29] UTN FRA LOGGER.INFO: metodo=POST, URI=http%3A%2F%2Flocalhost%2FPractica_Segundo_Parcial%2Fpublic, RUTA=ingreso%2F, autoridad=localhost [] {"uid":"1a20a09"}
[2019-11-25 02:59:41] UTN FRA LOGGER.INFO: metodo=POST, URI=http%3A%2F%2Flocalhost%2FPractica_Segundo_Parcial%2Fpublic, RUTA=ingreso%2F, autoridad=localhost [] {"uid":"559e44b"}
[2019-11-25 03:00:03] UTN FRA LOGGER.INFO: metodo=POST, URI=http%3A%2F%2Flocalhost%2FPractica_Segundo_Parcial%2Fpublic, RUTA=ingreso%2F, autoridad=localhost [] {"uid":"c169ebc"}
[2019-11-25 03:01:31] UTN FRA LOGGER.INFO: metodo=POST, URI=http%3A%2F%2Flocalhost%2FPractica_Segundo_Parcial%2Fpublic, RUTA=ingreso%2F, autoridad=localhost [] {"uid":"b8f9558"}
[2019-11-25 03:01:33] UTN FRA LOGGER.INFO: metodo=POST, URI=http%3A%2F%2Flocalhost%2FPractica_Segundo_Parcial%2Fpublic, RUTA=ingreso%2F, autoridad=localhost [] {"uid":"5012a9f"}
[2019-11-25 03:01:45] UTN FRA LOGGER.INFO: metodo=POST, URI=http%3A%2F%2Flocalhost%2FPractica_Segundo_Parcial%2Fpublic, RUTA=ingreso%2F, autoridad=localhost [] {"uid":"de353d1"}
[2019-11-25 03:02:08] UTN FRA LOGGER.INFO: metodo=POST, URI=http%3A%2F%2Flocalhost%2FPractica_Segundo_Parcial%2Fpublic, RUTA=ingreso%2F, autoridad=localhost [] {"uid":"bb44383"}
[2019-11-25 03:02:10] UTN FRA LOGGER.INFO: metodo=POST, URI=http%3A%2F%2Flocalhost%2FPractica_Segundo_Parcial%2Fpublic, RUTA=ingreso%2F, autoridad=localhost [] {"uid":"4d709e4"}
[2019-11-25 03:03:16] UTN FRA LOGGER.INFO: metodo=POST, URI=http%3A%2F%2Flocalhost%2FPractica_Segundo_Parcial%2Fpublic, RUTA=ingreso%2F, autoridad=localhost [] {"uid":"c7e7ee4"}
[2019-11-25 03:03:28] UTN FRA LOGGER.INFO: metodo=POST, URI=http%3A%2F%2Flocalhost%2FPractica_Segundo_Parcial%2Fpublic, RUTA=ingreso%2F, autoridad=localhost [] {"uid":"1f7de88"}
[2019-11-25 03:04:30] UTN FRA LOGGER.INFO: metodo=POST, URI=http%3A%2F%2Flocalhost%2FPractica_Segundo_Parcial%2Fpublic, RUTA=ingreso%2F, autoridad=localhost [] {"uid":"77855f2"}
[2019-11-25 03:04:38] UTN FRA LOGGER.INFO: metodo=POST, URI=http%3A%2F%2Flocalhost%2FPractica_Segundo_Parcial%2Fpublic, RUTA=ingreso%2F, autoridad=localhost [] {"uid":"bf17b46"}
[2019-11-25 03:05:14] UTN FRA LOGGER.INFO: metodo=POST, URI=http%3A%2F%2Flocalhost%2FPractica_Segundo_Parcial%2Fpublic, RUTA=ingreso%2F, autoridad=localhost [] {"uid":"6b9efa8"}
[2019-11-25 03:05:25] UTN FRA LOGGER.INFO: metodo=POST, URI=http%3A%2F%2Flocalhost%2FPractica_Segundo_Parcial%2Fpublic, RUTA=ingreso%2F, autoridad=localhost [] {"uid":"a70f949"}
[2019-11-25 03:05:46] UTN FRA LOGGER.INFO: metodo=POST, URI=http%3A%2F%2Flocalhost%2FPractica_Segundo_Parcial%2Fpublic, RUTA=ingreso%2F, autoridad=localhost [] {"uid":"e40592a"}
[2019-11-25 03:05:48] UTN FRA LOGGER.INFO: metodo=POST, URI=http%3A%2F%2Flocalhost%2FPractica_Segundo_Parcial%2Fpublic, RUTA=ingreso%2F, autoridad=localhost [] {"uid":"03d6597"}
[2019-11-25 03:05:50] UTN FRA LOGGER.INFO: metodo=POST, URI=http%3A%2F%2Flocalhost%2FPractica_Segundo_Parcial%2Fpublic, RUTA=ingreso%2F, autoridad=localhost [] {"uid":"af9d625"}
[2019-11-25 03:11:24] UTN FRA LOGGER.INFO: metodo=POST, URI=http%3A%2F%2Flocalhost%2FPractica_Segundo_Parcial%2Fpublic, RUTA=egreso%2F, autoridad=localhost [] {"uid":"9ec5c67"}
[2019-11-25 03:11:41] UTN FRA LOGGER.INFO: metodo=POST, URI=http%3A%2F%2Flocalhost%2FPractica_Segundo_Parcial%2Fpublic, RUTA=egreso%2F, autoridad=localhost [] {"uid":"aabead5"}
[2019-11-25 03:11:51] UTN FRA LOGGER.INFO: metodo=POST, URI=http%3A%2F%2Flocalhost%2FPractica_Segundo_Parcial%2Fpublic, RUTA=egreso%2F, autoridad=localhost [] {"uid":"d787071"}
[2019-11-25 03:17:45] UTN FRA LOGGER.INFO: metodo=POST, URI=http%3A%2F%2Flocalhost%2FPractica_Segundo_Parcial%2Fpublic, RUTA=egreso%2F, autoridad=localhost [] {"uid":"b320e91"}
[2019-11-25 03:17:51] UTN FRA LOGGER.INFO: metodo=POST, URI=http%3A%2F%2Flocalhost%2FPractica_Segundo_Parcial%2Fpublic, RUTA=ingreso%2F, autoridad=localhost [] {"uid":"dbf68f3"}
[2019-11-25 03:18:11] UTN FRA LOGGER.INFO: metodo=POST, URI=http%3A%2F%2Flocalhost%2FPractica_Segundo_Parcial%2Fpublic, RUTA=ingreso%2F, autoridad=localhost [] {"uid":"3f8522d"}
[2019-11-25 03:18:16] UTN FRA LOGGER.INFO: metodo=POST, URI=http%3A%2F%2Flocalhost%2FPractica_Segundo_Parcial%2Fpublic, RUTA=egreso%2F, autoridad=localhost [] {"uid":"85ecb91"}
[2019-11-25 03:18:18] UTN FRA LOGGER.INFO: metodo=POST, URI=http%3A%2F%2Flocalhost%2FPractica_Segundo_Parcial%2Fpublic, RUTA=egreso%2F, autoridad=localhost [] {"uid":"1756ecd"}
[2019-11-25 03:18:30] UTN FRA LOGGER.INFO: metodo=POST, URI=http%3A%2F%2Flocalhost%2FPractica_Segundo_Parcial%2Fpublic, RUTA=egreso%2F, autoridad=localhost [] {"uid":"57fd6f5"}
[2019-11-25 03:18:32] UTN FRA LOGGER.INFO: metodo=POST, URI=http%3A%2F%2Flocalhost%2FPractica_Segundo_Parcial%2Fpublic, RUTA=egreso%2F, autoridad=localhost [] {"uid":"eaa04c7"}
[2019-11-25 03:18:33] UTN FRA LOGGER.INFO: metodo=POST, URI=http%3A%2F%2Flocalhost%2FPractica_Segundo_Parcial%2Fpublic, RUTA=egreso%2F, autoridad=localhost [] {"uid":"784d08d"}
[2019-11-25 03:18:34] UTN FRA LOGGER.INFO: metodo=POST, URI=http%3A%2F%2Flocalhost%2FPractica_Segundo_Parcial%2Fpublic, RUTA=egreso%2F, autoridad=localhost [] {"uid":"a6405b0"}
[2019-11-25 03:18:35] UTN FRA LOGGER.INFO: metodo=POST, URI=http%3A%2F%2Flocalhost%2FPractica_Segundo_Parcial%2Fpublic, RUTA=egreso%2F, autoridad=localhost [] {"uid":"7c2c26c"}
[2019-11-25 03:18:36] UTN FRA LOGGER.INFO: metodo=POST, URI=http%3A%2F%2Flocalhost%2FPractica_Segundo_Parcial%2Fpublic, RUTA=egreso%2F, autoridad=localhost [] {"uid":"10707a5"}
[2019-11-25 03:18:36] UTN FRA LOGGER.INFO: metodo=POST, URI=http%3A%2F%2Flocalhost%2FPractica_Segundo_Parcial%2Fpublic, RUTA=egreso%2F, autoridad=localhost [] {"uid":"0c48a28"}
[2019-11-25 03:19:30] UTN FRA LOGGER.INFO: metodo=POST, URI=http%3A%2F%2Flocalhost%2FPractica_Segundo_Parcial%2Fpublic, RUTA=egreso%2F, autoridad=localhost [] {"uid":"135cdd9"}
[2019-11-25 03:19:34] UTN FRA LOGGER.INFO: metodo=POST, URI=http%3A%2F%2Flocalhost%2FPractica_Segundo_Parcial%2Fpublic, RUTA=ingreso%2F, autoridad=localhost [] {"uid":"622b72a"}
[2019-11-25 03:19:37] UTN FRA LOGGER.INFO: metodo=POST, URI=http%3A%2F%2Flocalhost%2FPractica_Segundo_Parcial%2Fpublic, RUTA=egreso%2F, autoridad=localhost [] {"uid":"bee31a2"}
[2019-11-25 03:19:39] UTN FRA LOGGER.INFO: metodo=POST, URI=http%3A%2F%2Flocalhost%2FPractica_Segundo_Parcial%2Fpublic, RUTA=egreso%2F, autoridad=localhost [] {"uid":"84ca260"}
[2019-11-25 03:19:40] UTN FRA LOGGER.INFO: metodo=POST, URI=http%3A%2F%2Flocalhost%2FPractica_Segundo_Parcial%2Fpublic, RUTA=egreso%2F, autoridad=localhost [] {"uid":"41776fc"}
[2019-11-25 03:19:41] UTN FRA LOGGER.INFO: metodo=POST, URI=http%3A%2F%2Flocalhost%2FPractica_Segundo_Parcial%2Fpublic, RUTA=egreso%2F, autoridad=localhost [] {"uid":"531de6c"}
[2019-11-25 03:19:41] UTN FRA LOGGER.INFO: metodo=POST, URI=http%3A%2F%2Flocalhost%2FPractica_Segundo_Parcial%2Fpublic, RUTA=egreso%2F, autoridad=localhost [] {"uid":"f720b7b"}
[2019-11-25 03:20:58] UTN FRA LOGGER.INFO: metodo=POST, URI=http%3A%2F%2Flocalhost%2FPractica_Segundo_Parcial%2Fpublic, RUTA=ingreso%2F, autoridad=localhost [] {"uid":"0d4a3ab"}
[2019-11-25 03:21:00] UTN FRA LOGGER.INFO: metodo=POST, URI=http%3A%2F%2Flocalhost%2FPractica_Segundo_Parcial%2Fpublic, RUTA=egreso%2F, autoridad=localhost [] {"uid":"6ec32cf"}
[2019-11-25 03:21:47] UTN FRA LOGGER.INFO: metodo=POST, URI=http%3A%2F%2Flocalhost%2FPractica_Segundo_Parcial%2Fpublic, RUTA=egreso%2F, autoridad=localhost [] {"uid":"d69c8a8"}
[2019-11-25 03:21:49] UTN FRA LOGGER.INFO: metodo=POST, URI=http%3A%2F%2Flocalhost%2FPractica_Segundo_Parcial%2Fpublic, RUTA=egreso%2F, autoridad=localhost [] {"uid":"2246bdf"}
[2019-11-25 03:22:15] UTN FRA LOGGER.INFO: metodo=POST, URI=http%3A%2F%2Flocalhost%2FPractica_Segundo_Parcial%2Fpublic, RUTA=egreso%2F, autoridad=localhost [] {"uid":"2fa6fa3"}
[2019-11-25 03:22:21] UTN FRA LOGGER.INFO: metodo=POST, URI=http%3A%2F%2Flocalhost%2FPractica_Segundo_Parcial%2Fpublic, RUTA=egreso%2F, autoridad=localhost [] {"uid":"7c94fde"}
[2019-11-25 03:22:23] UTN FRA LOGGER.INFO: metodo=POST, URI=http%3A%2F%2Flocalhost%2FPractica_Segundo_Parcial%2Fpublic, RUTA=egreso%2F, autoridad=localhost [] {"uid":"d796d6f"}
[2019-11-25 03:22:25] UTN FRA LOGGER.INFO: metodo=POST, URI=http%3A%2F%2Flocalhost%2FPractica_Segundo_Parcial%2Fpublic, RUTA=egreso%2F, autoridad=localhost [] {"uid":"be38195"}
[2019-11-25 03:23:12] UTN FRA LOGGER.INFO: metodo=POST, URI=http%3A%2F%2Flocalhost%2FPractica_Segundo_Parcial%2Fpublic, RUTA=egreso%2F, autoridad=localhost [] {"uid":"26186b1"}
[2019-11-25 03:23:14] UTN FRA LOGGER.INFO: metodo=POST, URI=http%3A%2F%2Flocalhost%2FPractica_Segundo_Parcial%2Fpublic, RUTA=ingreso%2F, autoridad=localhost [] {"uid":"f730d33"}
[2019-11-25 03:23:19] UTN FRA LOGGER.INFO: metodo=POST, URI=http%3A%2F%2Flocalhost%2FPractica_Segundo_Parcial%2Fpublic, RUTA=egreso%2F, autoridad=localhost [] {"uid":"1d6ff52"}
[2019-11-25 03:23:23] UTN FRA LOGGER.INFO: metodo=POST, URI=http%3A%2F%2Flocalhost%2FPractica_Segundo_Parcial%2Fpublic, RUTA=egreso%2F, autoridad=localhost [] {"uid":"98810ee"}
[2019-11-25 03:23:25] UTN FRA LOGGER.INFO: metodo=POST, URI=http%3A%2F%2Flocalhost%2FPractica_Segundo_Parcial%2Fpublic, RUTA=egreso%2F, autoridad=localhost [] {"uid":"3a2241b"}
[2019-11-25 03:23:26] UTN FRA LOGGER.INFO: metodo=POST, URI=http%3A%2F%2Flocalhost%2FPractica_Segundo_Parcial%2Fpublic, RUTA=egreso%2F, autoridad=localhost [] {"uid":"6dd5ed2"}
[2019-11-25 03:23:29] UTN FRA LOGGER.INFO: metodo=POST, URI=http%3A%2F%2Flocalhost%2FPractica_Segundo_Parcial%2Fpublic, RUTA=ingreso%2F, autoridad=localhost [] {"uid":"817e097"}
[2019-11-25 03:23:31] UTN FRA LOGGER.INFO: metodo=POST, URI=http%3A%2F%2Flocalhost%2FPractica_Segundo_Parcial%2Fpublic, RUTA=egreso%2F, autoridad=localhost [] {"uid":"523e5f7"}
[2019-11-25 03:23:33] UTN FRA LOGGER.INFO: metodo=POST, URI=http%3A%2F%2Flocalhost%2FPractica_Segundo_Parcial%2Fpublic, RUTA=egreso%2F, autoridad=localhost [] {"uid":"fafc74c"}
[2019-11-25 03:23:40] UTN FRA LOGGER.INFO: metodo=POST, URI=http%3A%2F%2Flocalhost%2FPractica_Segundo_Parcial%2Fpublic, RUTA=ingreso%2F, autoridad=localhost [] {"uid":"aaf2f8d"}
[2019-11-25 03:23:43] UTN FRA LOGGER.INFO: metodo=POST, URI=http%3A%2F%2Flocalhost%2FPractica_Segundo_Parcial%2Fpublic, RUTA=egreso%2F, autoridad=localhost [] {"uid":"9dae8d3"}
[2019-11-25 03:23:45] UTN FRA LOGGER.INFO: metodo=POST, URI=http%3A%2F%2Flocalhost%2FPractica_Segundo_Parcial%2Fpublic, RUTA=egreso%2F, autoridad=localhost [] {"uid":"55f39cc"}
[2019-11-25 03:24:04] UTN FRA LOGGER.INFO: metodo=POST, URI=http%3A%2F%2Flocalhost%2FPractica_Segundo_Parcial%2Fpublic, RUTA=ingreso%2F, autoridad=localhost [] {"uid":"1d64a78"}
[2019-11-25 03:24:07] UTN FRA LOGGER.INFO: metodo=POST, URI=http%3A%2F%2Flocalhost%2FPractica_Segundo_Parcial%2Fpublic, RUTA=egreso%2F, autoridad=localhost [] {"uid":"12dc19e"}
[2019-11-25 03:24:12] UTN FRA LOGGER.INFO: metodo=POST, URI=http%3A%2F%2Flocalhost%2FPractica_Segundo_Parcial%2Fpublic, RUTA=egreso%2F, autoridad=localhost [] {"uid":"5cc2c30"}
[2019-11-25 03:30:00] UTN FRA LOGGER.INFO: metodo=POST, URI=http%3A%2F%2Flocalhost%2FPractica_Segundo_Parcial%2Fpublic, RUTA=ingreso%2F, autoridad=localhost [] {"uid":"0f8f37a"}
[2019-11-25 03:30:01] UTN FRA LOGGER.INFO: metodo=POST, URI=http%3A%2F%2Flocalhost%2FPractica_Segundo_Parcial%2Fpublic, RUTA=ingreso%2F, autoridad=localhost [] {"uid":"2e11b59"}
[2019-11-25 03:30:03] UTN FRA LOGGER.INFO: metodo=POST, URI=http%3A%2F%2Flocalhost%2FPractica_Segundo_Parcial%2Fpublic, RUTA=ingreso%2F, autoridad=localhost [] {"uid":"2438cab"}
[2019-11-25 03:30:03] UTN FRA LOGGER.INFO: metodo=POST, URI=http%3A%2F%2Flocalhost%2FPractica_Segundo_Parcial%2Fpublic, RUTA=ingreso%2F, autoridad=localhost [] {"uid":"9c3fd8c"}
[2019-11-25 03:30:06] UTN FRA LOGGER.INFO: metodo=POST, URI=http%3A%2F%2Flocalhost%2FPractica_Segundo_Parcial%2Fpublic, RUTA=egreso%2F, autoridad=localhost [] {"uid":"541ca60"}
[2019-11-25 03:30:07] UTN FRA LOGGER.INFO: metodo=POST, URI=http%3A%2F%2Flocalhost%2FPractica_Segundo_Parcial%2Fpublic, RUTA=egreso%2F, autoridad=localhost [] {"uid":"14445bc"}
[2019-11-25 03:30:10] UTN FRA LOGGER.INFO: metodo=POST, URI=http%3A%2F%2Flocalhost%2FPractica_Segundo_Parcial%2Fpublic, RUTA=ingreso%2F, autoridad=localhost [] {"uid":"d55fbf6"}
[2019-11-25 03:30:11] UTN FRA LOGGER.INFO: metodo=POST, URI=http%3A%2F%2Flocalhost%2FPractica_Segundo_Parcial%2Fpublic, RUTA=ingreso%2F, autoridad=localhost [] {"uid":"424cd02"}
[2019-11-25 03:30:14] UTN FRA LOGGER.INFO: metodo=POST, URI=http%3A%2F%2Flocalhost%2FPractica_Segundo_Parcial%2Fpublic, RUTA=egreso%2F, autoridad=localhost [] {"uid":"77596b1"}
[2019-11-25 03:30:40] UTN FRA LOGGER.INFO: metodo=POST, URI=http%3A%2F%2Flocalhost%2FPractica_Segundo_Parcial%2Fpublic, RUTA=egreso%2F, autoridad=localhost [] {"uid":"892f1b8"}
[2019-11-25 03:30:44] UTN FRA LOGGER.INFO: metodo=POST, URI=http%3A%2F%2Flocalhost%2FPractica_Segundo_Parcial%2Fpublic, RUTA=ingreso%2F, autoridad=localhost [] {"uid":"0c05639"}
[2019-11-25 03:30:48] UTN FRA LOGGER.INFO: metodo=POST, URI=http%3A%2F%2Flocalhost%2FPractica_Segundo_Parcial%2Fpublic, RUTA=ingreso%2F, autoridad=localhost [] {"uid":"a5452de"}
[2019-11-25 03:31:43] UTN FRA LOGGER.INFO: metodo=POST, URI=http%3A%2F%2Flocalhost%2FPractica_Segundo_Parcial%2Fpublic, RUTA=ingreso%2F, autoridad=localhost [] {"uid":"39b5b33"}
[2019-11-25 03:31:45] UTN FRA LOGGER.INFO: metodo=POST, URI=http%3A%2F%2Flocalhost%2FPractica_Segundo_Parcial%2Fpublic, RUTA=ingreso%2F, autoridad=localhost [] {"uid":"35db545"}
[2019-11-25 03:31:47] UTN FRA LOGGER.INFO: metodo=POST, URI=http%3A%2F%2Flocalhost%2FPractica_Segundo_Parcial%2Fpublic, RUTA=egreso%2F, autoridad=localhost [] {"uid":"52d3bef"}
[2019-11-25 03:31:48] UTN FRA LOGGER.INFO: metodo=POST, URI=http%3A%2F%2Flocalhost%2FPractica_Segundo_Parcial%2Fpublic, RUTA=egreso%2F, autoridad=localhost [] {"uid":"90bcd12"}
[2019-11-25 13:26:38] UTN FRA LOGGER.INFO: metodo=POST, URI=http%3A%2F%2Flocalhost%2FPractica_Segundo_Parcial%2Fpublic, RUTA=ingreso%2F, autoridad=localhost [] {"uid":"5836a67"}
[2019-11-25 13:26:43] UTN FRA LOGGER.INFO: metodo=POST, URI=http%3A%2F%2Flocalhost%2FPractica_Segundo_Parcial%2Fpublic, RUTA=ingreso%2F, autoridad=localhost [] {"uid":"5bb9ea6"}
[2019-11-25 13:26:53] UTN FRA LOGGER.INFO: metodo=POST, URI=http%3A%2F%2Flocalhost%2FPractica_Segundo_Parcial%2Fpublic, RUTA=egreso%2F, autoridad=localhost [] {"uid":"cf91b91"}
[2019-11-25 13:26:55] UTN FRA LOGGER.INFO: metodo=POST, URI=http%3A%2F%2Flocalhost%2FPractica_Segundo_Parcial%2Fpublic, RUTA=egreso%2F, autoridad=localhost [] {"uid":"c1fd470"}
[2019-11-25 13:35:15] UTN FRA LOGGER.INFO: metodo=GET, URI=http%3A%2F%2Flocalhost%2FPractica_Segundo_Parcial%2Fpublic, RUTA=egreso%2F, autoridad=localhost [] {"uid":"7ae731f"}
[2019-11-25 13:35:35] UTN FRA LOGGER.INFO: metodo=POST, URI=http%3A%2F%2Flocalhost%2FPractica_Segundo_Parcial%2Fpublic, RUTA=login%2F, autoridad=localhost [] {"uid":"1962826"}
[2019-11-25 13:36:14] UTN FRA LOGGER.INFO: metodo=GET, URI=http%3A%2F%2Flocalhost%2FPractica_Segundo_Parcial%2Fpublic, RUTA=egreso%2F, autoridad=localhost [] {"uid":"52158de"}
[2019-11-25 13:36:23] UTN FRA LOGGER.INFO: metodo=GET, URI=http%3A%2F%2Flocalhost%2FPractica_Segundo_Parcial%2Fpublic, RUTA=egreso%2F, autoridad=localhost [] {"uid":"1bb62c3"}
[2019-11-25 13:37:53] UTN FRA LOGGER.INFO: metodo=GET, URI=http%3A%2F%2Flocalhost%2FPractica_Segundo_Parcial%2Fpublic, RUTA=egreso%2F, autoridad=localhost [] {"uid":"3fa41ae"}
[2019-11-25 13:39:03] UTN FRA LOGGER.INFO: metodo=GET, URI=http%3A%2F%2Flocalhost%2FPractica_Segundo_Parcial%2Fpublic, RUTA=egreso%2F, autoridad=localhost [] {"uid":"bd5d644"}
[2019-11-25 13:40:09] UTN FRA LOGGER.INFO: metodo=GET, URI=http%3A%2F%2Flocalhost%2FPractica_Segundo_Parcial%2Fpublic, RUTA=egreso%2F, autoridad=localhost [] {"uid":"827c371"}
[2019-11-25 13:40:25] UTN FRA LOGGER.INFO: metodo=GET, URI=http%3A%2F%2Flocalhost%2FPractica_Segundo_Parcial%2Fpublic, RUTA=egreso%2F, autoridad=localhost [] {"uid":"103d6df"}
[2019-11-25 13:42:54] UTN FRA LOGGER.INFO: metodo=GET, URI=http%3A%2F%2Flocalhost%2FPractica_Segundo_Parcial%2Fpublic, RUTA=egreso%2F, autoridad=localhost [] {"uid":"63a071c"}
[2019-11-25 13:43:11] UTN FRA LOGGER.INFO: metodo=GET, URI=http%3A%2F%2Flocalhost%2FPractica_Segundo_Parcial%2Fpublic, RUTA=egreso%2F, autoridad=localhost [] {"uid":"0f563ed"}
[2019-11-25 13:43:40] UTN FRA LOGGER.INFO: metodo=GET, URI=http%3A%2F%2Flocalhost%2FPractica_Segundo_Parcial%2Fpublic, RUTA=egreso%2F, autoridad=localhost [] {"uid":"854624f"}
[2019-11-25 13:44:17] UTN FRA LOGGER.INFO: metodo=GET, URI=http%3A%2F%2Flocalhost%2FPractica_Segundo_Parcial%2Fpublic, RUTA=egreso%2F, autoridad=localhost [] {"uid":"48b0b71"}
[2019-11-25 13:44:46] UTN FRA LOGGER.INFO: metodo=GET, URI=http%3A%2F%2Flocalhost%2FPractica_Segundo_Parcial%2Fpublic, RUTA=egreso%2F, autoridad=localhost [] {"uid":"ccdc76c"}
[2019-11-25 13:45:05] UTN FRA LOGGER.INFO: metodo=GET, URI=http%3A%2F%2Flocalhost%2FPractica_Segundo_Parcial%2Fpublic, RUTA=egreso%2F, autoridad=localhost [] {"uid":"0bae76c"}
[2019-11-25 13:45:19] UTN FRA LOGGER.INFO: metodo=GET, URI=http%3A%2F%2Flocalhost%2FPractica_Segundo_Parcial%2Fpublic, RUTA=egreso%2F, autoridad=localhost [] {"uid":"3bd1dcc"}
[2019-11-25 13:46:03] UTN FRA LOGGER.INFO: metodo=GET, URI=http%3A%2F%2Flocalhost%2FPractica_Segundo_Parcial%2Fpublic, RUTA=egreso%2F, autoridad=localhost [] {"uid":"c01490b"}
[2019-11-25 13:46:17] UTN FRA LOGGER.INFO: metodo=GET, URI=http%3A%2F%2Flocalhost%2FPractica_Segundo_Parcial%2Fpublic, RUTA=egreso%2F, autoridad=localhost [] {"uid":"8f7183d"}
[2019-11-25 13:46:30] UTN FRA LOGGER.INFO: metodo=GET, URI=http%3A%2F%2Flocalhost%2FPractica_Segundo_Parcial%2Fpublic, RUTA=egreso%2F, autoridad=localhost [] {"uid":"34cfa5d"}
[2019-11-25 13:46:35] UTN FRA LOGGER.INFO: metodo=GET, URI=http%3A%2F%2Flocalhost%2FPractica_Segundo_Parcial%2Fpublic, RUTA=egreso%2F, autoridad=localhost [] {"uid":"50a0acf"}
[2019-11-25 13:47:30] UTN FRA LOGGER.INFO: metodo=GET, URI=http%3A%2F%2Flocalhost%2FPractica_Segundo_Parcial%2Fpublic, RUTA=egreso%2F, autoridad=localhost [] {"uid":"5489e5f"}
[2019-11-25 13:48:18] UTN FRA LOGGER.INFO: metodo=GET, URI=http%3A%2F%2Flocalhost%2FPractica_Segundo_Parcial%2Fpublic, RUTA=egreso%2F, autoridad=localhost [] {"uid":"98f308b"}
[2019-11-25 13:50:15] UTN FRA LOGGER.INFO: metodo=GET, URI=http%3A%2F%2Flocalhost%2FPractica_Segundo_Parcial%2Fpublic, RUTA=egreso%2F, autoridad=localhost [] {"uid":"9e3e6f3"}
[2019-11-25 13:50:43] UTN FRA LOGGER.INFO: metodo=GET, URI=http%3A%2F%2Flocalhost%2FPractica_Segundo_Parcial%2Fpublic, RUTA=egreso%2F, autoridad=localhost [] {"uid":"6b59b5c"}
[2019-11-25 13:51:50] UTN FRA LOGGER.INFO: metodo=GET, URI=http%3A%2F%2Flocalhost%2FPractica_Segundo_Parcial%2Fpublic, RUTA=egreso%2F, autoridad=localhost [] {"uid":"275811a"}
[2019-11-25 13:53:09] UTN FRA LOGGER.INFO: metodo=GET, URI=http%3A%2F%2Flocalhost%2FPractica_Segundo_Parcial%2Fpublic, RUTA=egreso%2F, autoridad=localhost [] {"uid":"d6c4f5d"}
[2019-11-25 13:54:49] UTN FRA LOGGER.INFO: metodo=GET, URI=http%3A%2F%2Flocalhost%2FPractica_Segundo_Parcial%2Fpublic, RUTA=egreso%2F, autoridad=localhost [] {"uid":"d53e9e5"}
[2019-11-25 13:55:01] UTN FRA LOGGER.INFO: metodo=POST, URI=http%3A%2F%2Flocalhost%2FPractica_Segundo_Parcial%2Fpublic, RUTA=login%2F, autoridad=localhost [] {"uid":"fbdc6a7"}
[2019-11-25 13:56:40] UTN FRA LOGGER.INFO: metodo=POST, URI=http%3A%2F%2Flocalhost%2FPractica_Segundo_Parcial%2Fpublic, RUTA=login%2F, autoridad=localhost [] {"uid":"b7117aa"}
[2019-11-25 13:56:56] UTN FRA LOGGER.INFO: metodo=POST, URI=http%3A%2F%2Flocalhost%2FPractica_Segundo_Parcial%2Fpublic, RUTA=login%2F, autoridad=localhost [] {"uid":"3897008"}
[2019-11-25 13:57:09] UTN FRA LOGGER.INFO: metodo=POST, URI=http%3A%2F%2Flocalhost%2FPractica_Segundo_Parcial%2Fpublic, RUTA=login%2F, autoridad=localhost [] {"uid":"44d4692"}
[2019-11-25 13:57:49] UTN FRA LOGGER.INFO: metodo=POST, URI=http%3A%2F%2Flocalhost%2FPractica_Segundo_Parcial%2Fpublic, RUTA=login%2F, autoridad=localhost [] {"uid":"5741e58"}
[2019-11-25 14:13:46] UTN FRA LOGGER.INFO: metodo=POST, URI=http%3A%2F%2Flocalhost%2FPractica_Segundo_Parcial%2Fpublic, RUTA=login%2F, autoridad=localhost [] {"uid":"92aeeff"}
[2019-11-25 14:14:03] UTN FRA LOGGER.INFO: metodo=POST, URI=http%3A%2F%2Flocalhost%2FPractica_Segundo_Parcial%2Fpublic, RUTA=login%2F, autoridad=localhost [] {"uid":"5b6b3bd"}
[2019-11-25 14:16:09] UTN FRA LOGGER.INFO: metodo=POST, URI=http%3A%2F%2Flocalhost%2FPractica_Segundo_Parcial%2Fpublic, RUTA=login%2F, autoridad=localhost [] {"uid":"d907602"}
[2019-11-25 14:16:21] UTN FRA LOGGER.INFO: metodo=POST, URI=http%3A%2F%2Flocalhost%2FPractica_Segundo_Parcial%2Fpublic, RUTA=login%2F, autoridad=localhost [] {"uid":"9cdd82d"}
[2019-11-25 14:18:34] UTN FRA LOGGER.INFO: metodo=POST, URI=http%3A%2F%2Flocalhost%2FPractica_Segundo_Parcial%2Fpublic, RUTA=login%2F, autoridad=localhost [] {"uid":"0fa990c"}
[2019-11-25 14:18:53] UTN FRA LOGGER.INFO: metodo=POST, URI=http%3A%2F%2Flocalhost%2FPractica_Segundo_Parcial%2Fpublic, RUTA=login%2F, autoridad=localhost [] {"uid":"29112c8"}
[2019-11-25 14:19:32] UTN FRA LOGGER.INFO: metodo=POST, URI=http%3A%2F%2Flocalhost%2FPractica_Segundo_Parcial%2Fpublic, RUTA=login%2F, autoridad=localhost [] {"uid":"de7bbea"}
[2019-11-25 14:20:09] UTN FRA LOGGER.INFO: metodo=POST, URI=http%3A%2F%2Flocalhost%2FPractica_Segundo_Parcial%2Fpublic, RUTA=login%2F, autoridad=localhost [] {"uid":"301618b"}
[2019-11-25 14:20:22] UTN FRA LOGGER.INFO: metodo=POST, URI=http%3A%2F%2Flocalhost%2FPractica_Segundo_Parcial%2Fpublic, RUTA=login%2F, autoridad=localhost [] {"uid":"37a6e45"}
[2019-11-25 14:21:33] UTN FRA LOGGER.INFO: metodo=POST, URI=http%3A%2F%2Flocalhost%2FPractica_Segundo_Parcial%2Fpublic, RUTA=login%2F, autoridad=localhost [] {"uid":"245acf8"}
[2019-11-25 14:22:59] UTN FRA LOGGER.INFO: metodo=POST, URI=http%3A%2F%2Flocalhost%2FPractica_Segundo_Parcial%2Fpublic, RUTA=login%2F, autoridad=localhost [] {"uid":"419ae1b"}
[2019-11-25 14:23:45] UTN FRA LOGGER.INFO: metodo=POST, URI=http%3A%2F%2Flocalhost%2FPractica_Segundo_Parcial%2Fpublic, RUTA=login%2F, autoridad=localhost [] {"uid":"df72a00"}
[2019-11-25 14:24:32] UTN FRA LOGGER.INFO: metodo=POST, URI=http%3A%2F%2Flocalhost%2FPractica_Segundo_Parcial%2Fpublic, RUTA=login%2F, autoridad=localhost [] {"uid":"d12b6ba"}
[2019-11-25 14:26:23] UTN FRA LOGGER.INFO: metodo=POST, URI=http%3A%2F%2Flocalhost%2FPractica_Segundo_Parcial%2Fpublic, RUTA=login%2F, autoridad=localhost [] {"uid":"d85e912"}
[2019-11-25 14:27:13] UTN FRA LOGGER.INFO: metodo=POST, URI=http%3A%2F%2Flocalhost%2FPractica_Segundo_Parcial%2Fpublic, RUTA=login%2F, autoridad=localhost [] {"uid":"5c84330"}
[2019-11-25 14:27:15] UTN FRA LOGGER.INFO: metodo=POST, URI=http%3A%2F%2Flocalhost%2FPractica_Segundo_Parcial%2Fpublic, RUTA=login%2F, autoridad=localhost [] {"uid":"a21b8e5"}
[2019-11-25 14:27:29] UTN FRA LOGGER.INFO: metodo=POST, URI=http%3A%2F%2Flocalhost%2FPractica_Segundo_Parcial%2Fpublic, RUTA=login%2F, autoridad=localhost [] {"uid":"2a3c56b"}
[2019-11-25 14:27:54] UTN FRA LOGGER.INFO: metodo=GET, URI=http%3A%2F%2Flocalhost%2FPractica_Segundo_Parcial%2Fpublic, RUTA=egreso%2F, autoridad=localhost [] {"uid":"7396add"}
[2019-11-25 14:28:18] UTN FRA LOGGER.INFO: metodo=GET, URI=http%3A%2F%2Flocalhost%2FPractica_Segundo_Parcial%2Fpublic, RUTA=egreso%2F, autoridad=localhost [] {"uid":"dbb7ea8"}
[2019-11-25 14:28:30] UTN FRA LOGGER.INFO: metodo=GET, URI=http%3A%2F%2Flocalhost%2FPractica_Segundo_Parcial%2Fpublic, RUTA=egreso%2F, autoridad=localhost [] {"uid":"cd6beb3"}
[2019-11-25 14:29:16] UTN FRA LOGGER.INFO: metodo=GET, URI=http%3A%2F%2Flocalhost%2FPractica_Segundo_Parcial%2Fpublic, RUTA=egreso%2F, autoridad=localhost [] {"uid":"740d4e6"}
[2019-11-25 14:29:23] UTN FRA LOGGER.INFO: metodo=GET, URI=http%3A%2F%2Flocalhost%2FPractica_Segundo_Parcial%2Fpublic, RUTA=egreso%2F, autoridad=localhost [] {"uid":"4f2413a"}
[2019-11-25 14:29:49] UTN FRA LOGGER.INFO: metodo=GET, URI=http%3A%2F%2Flocalhost%2FPractica_Segundo_Parcial%2Fpublic, RUTA=egreso%2F, autoridad=localhost [] {"uid":"31c032b"}
[2019-11-25 14:30:18] UTN FRA LOGGER.INFO: metodo=GET, URI=http%3A%2F%2Flocalhost%2FPractica_Segundo_Parcial%2Fpublic, RUTA=egreso%2F, autoridad=localhost [] {"uid":"0e642c0"}
[2019-11-25 14:30:22] UTN FRA LOGGER.INFO: metodo=GET, URI=http%3A%2F%2Flocalhost%2FPractica_Segundo_Parcial%2Fpublic, RUTA=egreso%2F, autoridad=localhost [] {"uid":"eaca91e"}
[2019-11-25 14:42:50] UTN FRA LOGGER.INFO: metodo=POST, URI=http%3A%2F%2Flocalhost%2FPractica_Segundo_Parcial%2Fpublic, RUTA=login%2F, autoridad=localhost [] {"uid":"06f9fa8"}
[2019-11-25 14:43:05] UTN FRA LOGGER.INFO: metodo=GET, URI=http%3A%2F%2Flocalhost%2FPractica_Segundo_Parcial%2Fpublic, RUTA=egreso%2F, autoridad=localhost [] {"uid":"56a38a3"}
[2019-11-25 14:43:07] UTN FRA LOGGER.INFO: metodo=GET, URI=http%3A%2F%2Flocalhost%2FPractica_Segundo_Parcial%2Fpublic, RUTA=egreso%2F, autoridad=localhost [] {"uid":"bf62760"}
[2019-11-25 14:44:15] UTN FRA LOGGER.INFO: metodo=GET, URI=http%3A%2F%2Flocalhost%2FPractica_Segundo_Parcial%2Fpublic, RUTA=egreso%2F, autoridad=localhost [] {"uid":"d826135"}
[2019-11-25 14:44:49] UTN FRA LOGGER.INFO: metodo=GET, URI=http%3A%2F%2Flocalhost%2FPractica_Segundo_Parcial%2Fpublic, RUTA=egreso%2F, autoridad=localhost [] {"uid":"a012aae"}
[2019-11-25 14:45:07] UTN FRA LOGGER.INFO: metodo=GET, URI=http%3A%2F%2Flocalhost%2FPractica_Segundo_Parcial%2Fpublic, RUTA=egreso%2F, autoridad=localhost [] {"uid":"5338bcc"}
[2019-11-25 14:49:27] UTN FRA LOGGER.INFO: metodo=GET, URI=http%3A%2F%2Flocalhost%2FPractica_Segundo_Parcial%2Fpublic, RUTA=ingreso%2F, autoridad=localhost [] {"uid":"7811028"}
[2019-11-25 14:49:34] UTN FRA LOGGER.INFO: metodo=POST, URI=http%3A%2F%2Flocalhost%2FPractica_Segundo_Parcial%2Fpublic, RUTA=login%2F, autoridad=localhost [] {"uid":"a628130"}
[2019-11-25 14:49:45] UTN FRA LOGGER.INFO: metodo=GET, URI=http%3A%2F%2Flocalhost%2FPractica_Segundo_Parcial%2Fpublic, RUTA=ingreso%2F, autoridad=localhost [] {"uid":"4a9a0f9"}
[2019-11-25 14:50:08] UTN FRA LOGGER.INFO: metodo=GET, URI=http%3A%2F%2Flocalhost%2FPractica_Segundo_Parcial%2Fpublic, RUTA=ingreso%2F, autoridad=localhost [] {"uid":"1391ed4"}
[2019-11-25 14:50:38] UTN FRA LOGGER.INFO: metodo=POST, URI=http%3A%2F%2Flocalhost%2FPractica_Segundo_Parcial%2Fpublic, RUTA=login%2F, autoridad=localhost [] {"uid":"a4e47a1"}
[2019-11-25 14:50:48] UTN FRA LOGGER.INFO: metodo=GET, URI=http%3A%2F%2Flocalhost%2FPractica_Segundo_Parcial%2Fpublic, RUTA=ingreso%2F, autoridad=localhost [] {"uid":"dfd759c"}
[2019-11-25 14:50:58] UTN FRA LOGGER.INFO: metodo=POST, URI=http%3A%2F%2Flocalhost%2FPractica_Segundo_Parcial%2Fpublic, RUTA=ingreso%2F, autoridad=localhost [] {"uid":"60fa157"}
[2019-11-25 14:51:07] UTN FRA LOGGER.INFO: metodo=POST, URI=http%3A%2F%2Flocalhost%2FPractica_Segundo_Parcial%2Fpublic, RUTA=egreso%2F, autoridad=localhost [] {"uid":"5a8f736"}
[2019-11-25 14:51:13] UTN FRA LOGGER.INFO: metodo=POST, URI=http%3A%2F%2Flocalhost%2FPractica_Segundo_Parcial%2Fpublic, RUTA=ingreso%2F, autoridad=localhost [] {"uid":"99412bf"}
[2019-11-25 14:51:18] UTN FRA LOGGER.INFO: metodo=POST, URI=http%3A%2F%2Flocalhost%2FPractica_Segundo_Parcial%2Fpublic, RUTA=login%2F, autoridad=localhost [] {"uid":"f9af5ce"}
[2019-11-25 14:51:32] UTN FRA LOGGER.INFO: metodo=POST, URI=http%3A%2F%2Flocalhost%2FPractica_Segundo_Parcial%2Fpublic, RUTA=login%2F, autoridad=localhost [] {"uid":"bd3beb6"}
[2019-11-25 14:51:41] UTN FRA LOGGER.INFO: metodo=POST, URI=http%3A%2F%2Flocalhost%2FPractica_Segundo_Parcial%2Fpublic, RUTA=ingreso%2F, autoridad=localhost [] {"uid":"589179b"}
[2019-11-25 14:51:44] UTN FRA LOGGER.INFO: metodo=POST, URI=http%3A%2F%2Flocalhost%2FPractica_Segundo_Parcial%2Fpublic, RUTA=egreso%2F, autoridad=localhost [] {"uid":"86ff258"}
[2019-11-25 14:51:46] UTN FRA LOGGER.INFO: metodo=POST, URI=http%3A%2F%2Flocalhost%2FPractica_Segundo_Parcial%2Fpublic, RUTA=ingreso%2F, autoridad=localhost [] {"uid":"05ee71f"}
[2019-11-25 14:51:48] UTN FRA LOGGER.INFO: metodo=POST, URI=http%3A%2F%2Flocalhost%2FPractica_Segundo_Parcial%2Fpublic, RUTA=egreso%2F, autoridad=localhost [] {"uid":"0601379"}
[2019-11-25 14:51:51] UTN FRA LOGGER.INFO: metodo=POST, URI=http%3A%2F%2Flocalhost%2FPractica_Segundo_Parcial%2Fpublic, RUTA=ingreso%2F, autoridad=localhost [] {"uid":"db274bc"}
[2019-11-25 14:51:53] UTN FRA LOGGER.INFO: metodo=POST, URI=http%3A%2F%2Flocalhost%2FPractica_Segundo_Parcial%2Fpublic, RUTA=egreso%2F, autoridad=localhost [] {"uid":"430019c"}
[2019-11-25 14:52:00] UTN FRA LOGGER.INFO: metodo=GET, URI=http%3A%2F%2Flocalhost%2FPractica_Segundo_Parcial%2Fpublic, RUTA=ingreso%2F, autoridad=localhost [] {"uid":"156660c"}
[2019-11-25 15:08:07] UTN FRA LOGGER.INFO: metodo=GET, URI=http%3A%2F%2Flocalhost%2FPractica_Segundo_Parcial%2Fpublic, RUTA=ingreso%2F, autoridad=localhost [] {"uid":"915417a"}
[2019-11-25 15:08:35] UTN FRA LOGGER.INFO: metodo=GET, URI=http%3A%2F%2Flocalhost%2FPractica_Segundo_Parcial%2Fpublic, RUTA=ingreso%2F, autoridad=localhost [] {"uid":"0ff7e1d"}
[2019-11-25 15:08:37] UTN FRA LOGGER.INFO: metodo=GET, URI=http%3A%2F%2Flocalhost%2FPractica_Segundo_Parcial%2Fpublic, RUTA=ingreso%2F, autoridad=localhost [] {"uid":"7274dc2"}
[2019-11-25 15:09:03] UTN FRA LOGGER.INFO: metodo=GET, URI=http%3A%2F%2Flocalhost%2FPractica_Segundo_Parcial%2Fpublic, RUTA=ingreso%2F, autoridad=localhost [] {"uid":"7ff598d"}
[2019-11-25 15:09:23] UTN FRA LOGGER.INFO: metodo=GET, URI=http%3A%2F%2Flocalhost%2FPractica_Segundo_Parcial%2Fpublic, RUTA=ingreso%2F, autoridad=localhost [] {"uid":"54a60bc"}
[2019-11-25 15:10:33] UTN FRA LOGGER.INFO: metodo=GET, URI=http%3A%2F%2Flocalhost%2FPractica_Segundo_Parcial%2Fpublic, RUTA=ingreso%2F, autoridad=localhost [] {"uid":"1ed40ec"}
[2019-11-25 15:10:52] UTN FRA LOGGER.INFO: metodo=GET, URI=http%3A%2F%2Flocalhost%2FPractica_Segundo_Parcial%2Fpublic, RUTA=ingreso%2F, autoridad=localhost [] {"uid":"acdbdb6"}
[2019-11-25 15:11:27] UTN FRA LOGGER.INFO: metodo=GET, URI=http%3A%2F%2Flocalhost%2FPractica_Segundo_Parcial%2Fpublic, RUTA=ingreso%2F, autoridad=localhost [] {"uid":"547375f"}
[2019-11-25 15:11:48] UTN FRA LOGGER.INFO: metodo=GET, URI=http%3A%2F%2Flocalhost%2FPractica_Segundo_Parcial%2Fpublic, RUTA=ingreso%2F, autoridad=localhost [] {"uid":"2071b8d"}
[2019-11-25 15:12:16] UTN FRA LOGGER.INFO: metodo=GET, URI=http%3A%2F%2Flocalhost%2FPractica_Segundo_Parcial%2Fpublic, RUTA=ingreso%2F, autoridad=localhost [] {"uid":"42a4607"}
[2019-11-25 15:12:33] UTN FRA LOGGER.INFO: metodo=GET, URI=http%3A%2F%2Flocalhost%2FPractica_Segundo_Parcial%2Fpublic, RUTA=ingreso%2F, autoridad=localhost [] {"uid":"f6a7dae"}
[2019-11-25 15:13:05] UTN FRA LOGGER.INFO: metodo=GET, URI=http%3A%2F%2Flocalhost%2FPractica_Segundo_Parcial%2Fpublic, RUTA=ingreso%2F, autoridad=localhost [] {"uid":"52b00e3"}
[2019-11-25 15:17:22] UTN FRA LOGGER.INFO: metodo=GET, URI=http%3A%2F%2Flocalhost%2FPractica_Segundo_Parcial%2Fpublic, RUTA=ingreso%2F, autoridad=localhost [] {"uid":"485bc11"}
[2019-11-25 15:22:24] UTN FRA LOGGER.INFO: metodo=GET, URI=http%3A%2F%2Flocalhost%2FPractica_Segundo_Parcial%2Fpublic, RUTA=ingreso%2F, autoridad=localhost [] {"uid":"4e44e3e"}
[2019-11-25 15:22:38] UTN FRA LOGGER.INFO: metodo=GET, URI=http%3A%2F%2Flocalhost%2FPractica_Segundo_Parcial%2Fpublic, RUTA=ingreso%2F, autoridad=localhost [] {"uid":"01a0b28"}
[2019-11-25 15:22:43] UTN FRA LOGGER.INFO: metodo=GET, URI=http%3A%2F%2Flocalhost%2FPractica_Segundo_Parcial%2Fpublic, RUTA=ingreso%2F, autoridad=localhost [] {"uid":"bf0dae6"}
[2019-11-25 15:25:46] UTN FRA LOGGER.INFO: metodo=GET, URI=http%3A%2F%2Flocalhost%2FPractica_Segundo_Parcial%2Fpublic, RUTA=ingreso%2F, autoridad=localhost [] {"uid":"ad67640"}
[2019-11-25 15:25:58] UTN FRA LOGGER.INFO: metodo=GET, URI=http%3A%2F%2Flocalhost%2FPractica_Segundo_Parcial%2Fpublic, RUTA=ingreso%2F, autoridad=localhost [] {"uid":"fe960ee"}
[2019-11-25 15:26:10] UTN FRA LOGGER.INFO: metodo=GET, URI=http%3A%2F%2Flocalhost%2FPractica_Segundo_Parcial%2Fpublic, RUTA=ingreso%2F, autoridad=localhost [] {"uid":"4194d84"}
[2019-11-25 15:26:23] UTN FRA LOGGER.INFO: metodo=GET, URI=http%3A%2F%2Flocalhost%2FPractica_Segundo_Parcial%2Fpublic, RUTA=ingreso%2F, autoridad=localhost [] {"uid":"b02afb9"}
[2019-11-25 15:27:04] UTN FRA LOGGER.INFO: metodo=GET, URI=http%3A%2F%2Flocalhost%2FPractica_Segundo_Parcial%2Fpublic, RUTA=ingreso%2F, autoridad=localhost [] {"uid":"5416072"}
[2019-11-25 15:27:54] UTN FRA LOGGER.INFO: metodo=GET, URI=http%3A%2F%2Flocalhost%2FPractica_Segundo_Parcial%2Fpublic, RUTA=ingreso%2F, autoridad=localhost [] {"uid":"a2e9340"}
[2019-11-25 15:28:00] UTN FRA LOGGER.INFO: metodo=GET, URI=http%3A%2F%2Flocalhost%2FPractica_Segundo_Parcial%2Fpublic, RUTA=ingreso%2F, autoridad=localhost [] {"uid":"80eee40"}
[2019-11-25 15:28:19] UTN FRA LOGGER.INFO: metodo=GET, URI=http%3A%2F%2Flocalhost%2FPractica_Segundo_Parcial%2Fpublic, RUTA=ingreso%2F, autoridad=localhost [] {"uid":"fc69a24"}
[2019-11-25 15:28:32] UTN FRA LOGGER.INFO: metodo=GET, URI=http%3A%2F%2Flocalhost%2FPractica_Segundo_Parcial%2Fpublic, RUTA=ingreso%2F, autoridad=localhost [] {"uid":"0eb0fd6"}
[2019-11-25 15:28:47] UTN FRA LOGGER.INFO: metodo=GET, URI=http%3A%2F%2Flocalhost%2FPractica_Segundo_Parcial%2Fpublic, RUTA=ingreso%2F, autoridad=localhost [] {"uid":"2559dec"}
[2019-11-25 15:29:01] UTN FRA LOGGER.INFO: metodo=GET, URI=http%3A%2F%2Flocalhost%2FPractica_Segundo_Parcial%2Fpublic, RUTA=ingreso%2F, autoridad=localhost [] {"uid":"11c698a"}
[2019-11-25 15:29:32] UTN FRA LOGGER.INFO: metodo=GET, URI=http%3A%2F%2Flocalhost%2FPractica_Segundo_Parcial%2Fpublic, RUTA=ingreso%2F, autoridad=localhost [] {"uid":"7980814"}
[2019-11-25 15:29:56] UTN FRA LOGGER.INFO: metodo=GET, URI=http%3A%2F%2Flocalhost%2FPractica_Segundo_Parcial%2Fpublic, RUTA=ingreso%2F, autoridad=localhost [] {"uid":"644f4b2"}
[2019-11-25 15:30:55] UTN FRA LOGGER.INFO: metodo=GET, URI=http%3A%2F%2Flocalhost%2FPractica_Segundo_Parcial%2Fpublic, RUTA=ingreso%2F, autoridad=localhost [] {"uid":"f6e426e"}
[2019-11-25 15:31:03] UTN FRA LOGGER.INFO: metodo=GET, URI=http%3A%2F%2Flocalhost%2FPractica_Segundo_Parcial%2Fpublic, RUTA=ingreso%2F, autoridad=localhost [] {"uid":"5917285"}
[2019-11-25 15:31:11] UTN FRA LOGGER.INFO: metodo=GET, URI=http%3A%2F%2Flocalhost%2FPractica_Segundo_Parcial%2Fpublic, RUTA=ingreso%2F, autoridad=localhost [] {"uid":"b5469ba"}
[2019-11-25 15:31:33] UTN FRA LOGGER.INFO: metodo=GET, URI=http%3A%2F%2Flocalhost%2FPractica_Segundo_Parcial%2Fpublic, RUTA=ingreso%2F, autoridad=localhost [] {"uid":"96977bd"}
[2019-11-25 15:32:27] UTN FRA LOGGER.INFO: metodo=GET, URI=http%3A%2F%2Flocalhost%2FPractica_Segundo_Parcial%2Fpublic, RUTA=ingreso%2F, autoridad=localhost [] {"uid":"9e9cb36"}
[2019-11-25 15:33:45] UTN FRA LOGGER.INFO: metodo=GET, URI=http%3A%2F%2Flocalhost%2FPractica_Segundo_Parcial%2Fpublic, RUTA=ingreso%2F, autoridad=localhost [] {"uid":"f7d8b1c"}
[2019-11-25 15:36:00] UTN FRA LOGGER.INFO: metodo=GET, URI=http%3A%2F%2Flocalhost%2FPractica_Segundo_Parcial%2Fpublic, RUTA=ingreso%2F, autoridad=localhost [] {"uid":"72b8fab"}
[2019-11-25 15:38:20] UTN FRA LOGGER.INFO: metodo=GET, URI=http%3A%2F%2Flocalhost%2FPractica_Segundo_Parcial%2Fpublic, RUTA=ingreso%2F, autoridad=localhost [] {"uid":"abd151d"}
[2019-11-25 15:38:40] UTN FRA LOGGER.INFO: metodo=GET, URI=http%3A%2F%2Flocalhost%2FPractica_Segundo_Parcial%2Fpublic, RUTA=ingreso%2F, autoridad=localhost [] {"uid":"d9265b8"}
[2019-11-25 15:38:55] UTN FRA LOGGER.INFO: metodo=GET, URI=http%3A%2F%2Flocalhost%2FPractica_Segundo_Parcial%2Fpublic, RUTA=ingreso%2F, autoridad=localhost [] {"uid":"b4e49ae"}
[2019-11-25 15:42:03] UTN FRA LOGGER.INFO: metodo=GET, URI=http%3A%2F%2Flocalhost%2FPractica_Segundo_Parcial%2Fpublic, RUTA=ingreso%2F, autoridad=localhost [] {"uid":"e19b206"}
[2019-11-25 15:44:16] UTN FRA LOGGER.INFO: metodo=GET, URI=http%3A%2F%2Flocalhost%2FPractica_Segundo_Parcial%2Fpublic, RUTA=ingreso%2F, autoridad=localhost [] {"uid":"b53c2ce"}
[2019-11-25 15:44:58] UTN FRA LOGGER.INFO: metodo=GET, URI=http%3A%2F%2Flocalhost%2FPractica_Segundo_Parcial%2Fpublic, RUTA=ingreso%2F, autoridad=localhost [] {"uid":"bcd156d"}
[2019-11-25 15:45:28] UTN FRA LOGGER.INFO: metodo=GET, URI=http%3A%2F%2Flocalhost%2FPractica_Segundo_Parcial%2Fpublic, RUTA=ingreso%2F, autoridad=localhost [] {"uid":"b49f436"}
[2019-11-25 15:45:31] UTN FRA LOGGER.INFO: metodo=GET, URI=http%3A%2F%2Flocalhost%2FPractica_Segundo_Parcial%2Fpublic, RUTA=ingreso%2F, autoridad=localhost [] {"uid":"e903e76"}
[2019-11-25 15:46:17] UTN FRA LOGGER.INFO: metodo=GET, URI=http%3A%2F%2Flocalhost%2FPractica_Segundo_Parcial%2Fpublic, RUTA=ingreso%2F, autoridad=localhost [] {"uid":"39720f8"}
[2019-11-25 15:49:32] UTN FRA LOGGER.INFO: metodo=GET, URI=http%3A%2F%2Flocalhost%2FPractica_Segundo_Parcial%2Fpublic, RUTA=ingreso%2F, autoridad=localhost [] {"uid":"d94a3a0"}
[2019-11-25 15:49:53] UTN FRA LOGGER.INFO: metodo=GET, URI=http%3A%2F%2Flocalhost%2FPractica_Segundo_Parcial%2Fpublic, RUTA=ingreso%2F, autoridad=localhost [] {"uid":"7aeb5a5"}
[2019-11-25 15:50:03] UTN FRA LOGGER.INFO: metodo=GET, URI=http%3A%2F%2Flocalhost%2FPractica_Segundo_Parcial%2Fpublic, RUTA=ingreso%2F, autoridad=localhost [] {"uid":"d4ad4ee"}
[2019-11-25 15:50:28] UTN FRA LOGGER.INFO: metodo=GET, URI=http%3A%2F%2Flocalhost%2FPractica_Segundo_Parcial%2Fpublic, RUTA=ingreso%2F, autoridad=localhost [] {"uid":"fd4fa26"}
[2019-11-25 15:51:05] UTN FRA LOGGER.INFO: metodo=GET, URI=http%3A%2F%2Flocalhost%2FPractica_Segundo_Parcial%2Fpublic, RUTA=ingreso%2F, autoridad=localhost [] {"uid":"03eb7e6"}
[2019-11-25 15:51:19] UTN FRA LOGGER.INFO: metodo=GET, URI=http%3A%2F%2Flocalhost%2FPractica_Segundo_Parcial%2Fpublic, RUTA=ingreso%2F, autoridad=localhost [] {"uid":"958b32d"}
[2019-11-25 15:51:27] UTN FRA LOGGER.INFO: metodo=GET, URI=http%3A%2F%2Flocalhost%2FPractica_Segundo_Parcial%2Fpublic, RUTA=ingreso%2F, autoridad=localhost [] {"uid":"fe2929f"}
[2019-11-25 16:17:21] UTN FRA LOGGER.INFO: metodo=POST, URI=http%3A%2F%2Flocalhost%2FPractica_Segundo_Parcial%2Fpublic, RUTA=login%2F, autoridad=localhost [] {"uid":"57c3f59"}
[2019-11-25 16:17:31] UTN FRA LOGGER.INFO: metodo=POST, URI=http%3A%2F%2Flocalhost%2FPractica_Segundo_Parcial%2Fpublic, RUTA=ingreso%2F, autoridad=localhost [] {"uid":"57aee73"}
[2019-11-25 16:17:36] UTN FRA LOGGER.INFO: metodo=POST, URI=http%3A%2F%2Flocalhost%2FPractica_Segundo_Parcial%2Fpublic, RUTA=egreso%2F, autoridad=localhost [] {"uid":"56464a4"}
[2019-11-25 16:17:39] UTN FRA LOGGER.INFO: metodo=POST, URI=http%3A%2F%2Flocalhost%2FPractica_Segundo_Parcial%2Fpublic, RUTA=ingreso%2F, autoridad=localhost [] {"uid":"11f329d"}
[2019-11-25 16:17:41] UTN FRA LOGGER.INFO: metodo=POST, URI=http%3A%2F%2Flocalhost%2FPractica_Segundo_Parcial%2Fpublic, RUTA=ingreso%2F, autoridad=localhost [] {"uid":"0ad4398"}
[2019-11-25 16:17:42] UTN FRA LOGGER.INFO: metodo=POST, URI=http%3A%2F%2Flocalhost%2FPractica_Segundo_Parcial%2Fpublic, RUTA=ingreso%2F, autoridad=localhost [] {"uid":"0b01ef5"}
[2019-11-25 16:17:46] UTN FRA LOGGER.INFO: metodo=POST, URI=http%3A%2F%2Flocalhost%2FPractica_Segundo_Parcial%2Fpublic, RUTA=egreso%2F, autoridad=localhost [] {"uid":"e9f3a68"}
[2019-11-25 16:17:47] UTN FRA LOGGER.INFO: metodo=POST, URI=http%3A%2F%2Flocalhost%2FPractica_Segundo_Parcial%2Fpublic, RUTA=egreso%2F, autoridad=localhost [] {"uid":"64555e8"}
[2019-11-25 16:17:48] UTN FRA LOGGER.INFO: metodo=POST, URI=http%3A%2F%2Flocalhost%2FPractica_Segundo_Parcial%2Fpublic, RUTA=egreso%2F, autoridad=localhost [] {"uid":"3d76de3"}
[2019-11-25 16:17:53] UTN FRA LOGGER.INFO: metodo=POST, URI=http%3A%2F%2Flocalhost%2FPractica_Segundo_Parcial%2Fpublic, RUTA=ingreso%2F, autoridad=localhost [] {"uid":"0eba93f"}
[2019-11-25 16:17:54] UTN FRA LOGGER.INFO: metodo=POST, URI=http%3A%2F%2Flocalhost%2FPractica_Segundo_Parcial%2Fpublic, RUTA=ingreso%2F, autoridad=localhost [] {"uid":"0ed09b5"}
[2019-11-25 16:17:57] UTN FRA LOGGER.INFO: metodo=POST, URI=http%3A%2F%2Flocalhost%2FPractica_Segundo_Parcial%2Fpublic, RUTA=egreso%2F, autoridad=localhost [] {"uid":"9a2c043"}
[2019-11-25 16:17:58] UTN FRA LOGGER.INFO: metodo=POST, URI=http%3A%2F%2Flocalhost%2FPractica_Segundo_Parcial%2Fpublic, RUTA=egreso%2F, autoridad=localhost [] {"uid":"22f9995"}
[2019-11-25 16:18:31] UTN FRA LOGGER.INFO: metodo=GET, URI=http%3A%2F%2Flocalhost%2FPractica_Segundo_Parcial%2Fpublic, RUTA=egreso%2F, autoridad=localhost [] {"uid":"567d5d3"}
[2019-11-25 16:18:36] UTN FRA LOGGER.INFO: metodo=POST, URI=http%3A%2F%2Flocalhost%2FPractica_Segundo_Parcial%2Fpublic, RUTA=login%2F, autoridad=localhost [] {"uid":"2bb71e1"}
[2019-11-25 16:18:46] UTN FRA LOGGER.INFO: metodo=GET, URI=http%3A%2F%2Flocalhost%2FPractica_Segundo_Parcial%2Fpublic, RUTA=egreso%2F, autoridad=localhost [] {"uid":"8250ed9"}
[2019-11-25 16:18:47] UTN FRA LOGGER.INFO: metodo=GET, URI=http%3A%2F%2Flocalhost%2FPractica_Segundo_Parcial%2Fpublic, RUTA=egreso%2F, autoridad=localhost [] {"uid":"8c2470d"}
[2019-11-25 16:18:51] UTN FRA LOGGER.INFO: metodo=GET, URI=http%3A%2F%2Flocalhost%2FPractica_Segundo_Parcial%2Fpublic, RUTA=egreso%2F, autoridad=localhost [] {"uid":"94ce5e9"}
[2019-11-25 16:19:13] UTN FRA LOGGER.INFO: metodo=GET, URI=http%3A%2F%2Flocalhost%2FPractica_Segundo_Parcial%2Fpublic, RUTA=ingreso%2F, autoridad=localhost [] {"uid":"7337463"}
[2019-11-25 16:20:14] UTN FRA LOGGER.INFO: metodo=GET, URI=http%3A%2F%2Flocalhost%2FPractica_Segundo_Parcial%2Fpublic, RUTA=ingreso%2F, autoridad=localhost [] {"uid":"4bd41b6"}
[2019-11-25 16:20:25] UTN FRA LOGGER.INFO: metodo=POST, URI=http%3A%2F%2Flocalhost%2FPractica_Segundo_Parcial%2Fpublic, RUTA=login%2F, autoridad=localhost [] {"uid":"e359c39"}
[2019-11-25 16:20:35] UTN FRA LOGGER.INFO: metodo=GET, URI=http%3A%2F%2Flocalhost%2FPractica_Segundo_Parcial%2Fpublic, RUTA=egreso%2F, autoridad=localhost [] {"uid":"fd876c3"}
[2019-11-25 16:20:42] UTN FRA LOGGER.INFO: metodo=GET, URI=http%3A%2F%2Flocalhost%2FPractica_Segundo_Parcial%2Fpublic, RUTA=ingreso%2F, autoridad=localhost [] {"uid":"e22ee5a"}
[2019-11-25 16:21:18] UTN FRA LOGGER.INFO: metodo=GET, URI=http%3A%2F%2Flocalhost%2FPractica_Segundo_Parcial%2Fpublic, RUTA=ingreso%2F, autoridad=localhost [] {"uid":"33d1da6"}
[2019-11-25 16:21:23] UTN FRA LOGGER.INFO: metodo=GET, URI=http%3A%2F%2Flocalhost%2FPractica_Segundo_Parcial%2Fpublic, RUTA=egreso%2F, autoridad=localhost [] {"uid":"e174f96"}
[2019-11-25 16:21:25] UTN FRA LOGGER.INFO: metodo=GET, URI=http%3A%2F%2Flocalhost%2FPractica_Segundo_Parcial%2Fpublic, RUTA=egreso%2F, autoridad=localhost [] {"uid":"59ad033"}
[2019-11-25 16:21:26] UTN FRA LOGGER.INFO: metodo=GET, URI=http%3A%2F%2Flocalhost%2FPractica_Segundo_Parcial%2Fpublic, RUTA=egreso%2F, autoridad=localhost [] {"uid":"3710ff7"}
[2019-11-25 16:21:30] UTN FRA LOGGER.INFO: metodo=GET, URI=http%3A%2F%2Flocalhost%2FPractica_Segundo_Parcial%2Fpublic, RUTA=ingreso%2F, autoridad=localhost [] {"uid":"88262ec"}
[2019-11-25 16:21:36] UTN FRA LOGGER.INFO: metodo=POST, URI=http%3A%2F%2Flocalhost%2FPractica_Segundo_Parcial%2Fpublic, RUTA=ingreso%2F, autoridad=localhost [] {"uid":"0668d4b"}
[2019-11-25 16:21:38] UTN FRA LOGGER.INFO: metodo=POST, URI=http%3A%2F%2Flocalhost%2FPractica_Segundo_Parcial%2Fpublic, RUTA=egreso%2F, autoridad=localhost [] {"uid":"73c4f38"}
