[2019-06-13 14:22:41] UTN FRA LOGGER.INFO: ::1 [] {"uid":"ecfba35"}
[2019-06-13 14:23:14] UTN FRA LOGGER.INFO: ip :::1 [] {"uid":"f1af206"}
[2019-06-13 14:31:21] UTN FRA LOGGER.INFO: info  =Mozilla/5.0 (X11; Linux x86_64) AppleWebKit/537.36 (KHTML, like Gecko) Chrome/73.0.3683.86 Safari/537.36 [] {"uid":"2676799"}
[2019-06-13 14:31:21] UTN FRA LOGGER.INFO: ip =::1 [] {"uid":"2676799"}
[2019-06-13 14:33:01] UTN FRA LOGGER.INFO: info  =PostmanRuntime/7.1.1 [] {"uid":"1c0e970"}
[2019-06-13 14:33:01] UTN FRA LOGGER.INFO: ip =::1 [] {"uid":"1c0e970"}
[2019-06-13 14:33:04] UTN FRA LOGGER.INFO: info  =PostmanRuntime/7.1.1 [] {"uid":"e0a490b"}
[2019-06-13 14:33:04] UTN FRA LOGGER.INFO: ip =::1 [] {"uid":"e0a490b"}
[2019-06-13 14:33:08] UTN FRA LOGGER.INFO: info  =PostmanRuntime/7.1.1 [] {"uid":"5792b8b"}
[2019-06-13 14:33:08] UTN FRA LOGGER.INFO: ip =::1 [] {"uid":"5792b8b"}
[2019-06-13 14:33:14] UTN FRA LOGGER.INFO: info  =PostmanRuntime/7.1.1 [] {"uid":"c3f3041"}
[2019-06-13 14:33:14] UTN FRA LOGGER.INFO: ip =::1 [] {"uid":"c3f3041"}
[2019-06-13 14:41:27] UTN FRA LOGGER.INFO: info  =Mozilla/5.0 (X11; Linux x86_64; rv:60.0) Gecko/20100101 Firefox/60.0 [] {"uid":"d971c69"}
[2019-06-13 14:41:27] UTN FRA LOGGER.INFO: ip =127.0.0.1 [] {"uid":"d971c69"}
[2019-06-13 14:46:20] UTN FRA LOGGER.INFO: info  =Mozilla/5.0 (X11; Linux x86_64; rv:60.0) Gecko/20100101 Firefox/60.0 [] {"uid":"01737b9"}
[2019-06-13 14:46:20] UTN FRA LOGGER.INFO: ip =127.0.0.1 [] {"uid":"01737b9"}
[2019-06-13 14:48:37] UTN FRA LOGGER.INFO: info  =Mozilla/5.0 (X11; Linux x86_64) AppleWebKit/537.36 (KHTML, like Gecko) Chrome/50.0.2661.76 YaBrowser/16.6.0.6383 (beta) Safari/537.36 [] {"uid":"5d9f7e5"}
[2019-06-13 14:48:37] UTN FRA LOGGER.INFO: ip =::1 [] {"uid":"5d9f7e5"}
[2019-06-13 14:48:52] UTN FRA LOGGER.INFO: info  =Mozilla/5.0 (X11; Linux x86_64) AppleWebKit/537.36 (KHTML, like Gecko) Chrome/50.0.2661.76 YaBrowser/16.6.0.6383 (beta) Safari/537.36 [] {"uid":"f6cdba9"}
[2019-06-13 14:48:52] UTN FRA LOGGER.INFO: ip =::1 [] {"uid":"f6cdba9"}
[2019-06-13 14:48:59] UTN FRA LOGGER.INFO: info  =Mozilla/5.0 (X11; Linux x86_64) AppleWebKit/537.36 (KHTML, like Gecko) Chrome/50.0.2661.76 YaBrowser/16.6.0.6383 (beta) Safari/537.36 [] {"uid":"7fb9fe5"}
[2019-06-13 14:48:59] UTN FRA LOGGER.INFO: ip =::1 [] {"uid":"7fb9fe5"}
[2019-06-13 14:50:12] UTN FRA LOGGER.INFO: info  =Mozilla/5.0 (X11; Linux x86_64) AppleWebKit/537.36 (KHTML, like Gecko) Chrome/71.0.3578.98 Safari/537.36 OPR/58.0.3135.107 [] {"uid":"05adba9"}
[2019-06-13 14:50:13] UTN FRA LOGGER.INFO: ip =::1 [] {"uid":"05adba9"}
[2019-06-13 14:51:49] UTN FRA LOGGER.INFO: info  =Mozilla/5.0 (X11; Linux x86_64) AppleWebKit/537.36 (KHTML, like Gecko) Chrome/73.0.3683.86 Safari/537.36 [] {"uid":"4869fa1"}
[2019-06-13 14:51:49] UTN FRA LOGGER.INFO: ip =::1 [] {"uid":"4869fa1"}
[2019-06-13 14:52:04] UTN FRA LOGGER.INFO: info  =PostmanRuntime/7.1.1 [] {"uid":"955f892"}
[2019-06-13 14:52:04] UTN FRA LOGGER.INFO: ip =::1 [] {"uid":"955f892"}
[2019-06-13 14:52:24] UTN FRA LOGGER.INFO: Datos  =PostmanRuntime/7.1.1 [] {"uid":"3d3557f"}
[2019-06-13 14:52:24] UTN FRA LOGGER.INFO: ip =::1 [] {"uid":"3d3557f"}
[2019-06-13 14:52:34] UTN FRA LOGGER.INFO: Datos  =Mozilla/5.0 (X11; Linux x86_64) AppleWebKit/537.36 (KHTML, like Gecko) Chrome/71.0.3578.98 Safari/537.36 OPR/58.0.3135.107 [] {"uid":"521a87e"}
[2019-06-13 14:52:34] UTN FRA LOGGER.INFO: ip =::1 [] {"uid":"521a87e"}
[2019-06-13 14:54:41] UTN FRA LOGGER.INFO: Datos  =Mozilla/5.0 (X11; Linux x86_64) AppleWebKit/537.36 (KHTML, like Gecko) Chrome/73.0.3683.86 Safari/537.36 [] {"uid":"15b9fd3"}
[2019-06-13 14:54:41] UTN FRA LOGGER.INFO: ip =::1 [] {"uid":"15b9fd3"}
[2019-06-13 15:40:36] UTN FRA LOGGER.INFO: Datos  =Mozilla/5.0 (X11; Linux x86_64) AppleWebKit/537.36 (KHTML, like Gecko) Chrome/73.0.3683.86 Safari/537.36 [] {"uid":"bbb9226"}
[2019-06-13 15:40:36] UTN FRA LOGGER.INFO: ip =::1 [] {"uid":"bbb9226"}
[2019-06-13 15:40:42] UTN FRA LOGGER.INFO: Datos  =Mozilla/5.0 (X11; Linux x86_64) AppleWebKit/537.36 (KHTML, like Gecko) Chrome/73.0.3683.86 Safari/537.36 [] {"uid":"d5105f7"}
[2019-06-13 15:40:42] UTN FRA LOGGER.INFO: ip =::1 [] {"uid":"d5105f7"}
[2019-06-13 15:41:29] UTN FRA LOGGER.INFO: Datos  =Mozilla/5.0 (X11; Linux x86_64) AppleWebKit/537.36 (KHTML, like Gecko) Chrome/73.0.3683.86 Safari/537.36 [] {"uid":"e12c6d8"}
[2019-06-13 15:41:29] UTN FRA LOGGER.INFO: ip =::1 [] {"uid":"e12c6d8"}
[2019-06-13 15:42:30] UTN FRA LOGGER.INFO: Datos  =Mozilla/5.0 (X11; Linux x86_64) AppleWebKit/537.36 (KHTML, like Gecko) Chrome/73.0.3683.86 Safari/537.36 [] {"uid":"36ef6fa"}
[2019-06-13 15:42:30] UTN FRA LOGGER.INFO: ip =::1 [] {"uid":"36ef6fa"}
[2019-06-13 15:45:52] UTN FRA LOGGER.INFO: Datos  =Mozilla/5.0 (X11; Linux x86_64) AppleWebKit/537.36 (KHTML, like Gecko) Chrome/73.0.3683.86 Safari/537.36 [] {"uid":"452e00c"}
[2019-06-13 15:45:52] UTN FRA LOGGER.INFO: ip =::1 [] {"uid":"452e00c"}
[2019-06-13 15:46:48] UTN FRA LOGGER.INFO: Datos  =Mozilla/5.0 (X11; Linux x86_64) AppleWebKit/537.36 (KHTML, like Gecko) Chrome/73.0.3683.86 Safari/537.36 [] {"uid":"accaf17"}
[2019-06-13 15:46:48] UTN FRA LOGGER.INFO: ip =::1 [] {"uid":"accaf17"}
[2019-06-13 15:46:49] UTN FRA LOGGER.INFO: Datos  =Mozilla/5.0 (X11; Linux x86_64) AppleWebKit/537.36 (KHTML, like Gecko) Chrome/73.0.3683.86 Safari/537.36 [] {"uid":"2977b9f"}
[2019-06-13 15:46:49] UTN FRA LOGGER.INFO: ip =::1 [] {"uid":"2977b9f"}
[2019-06-13 15:46:50] UTN FRA LOGGER.INFO: Datos  =Mozilla/5.0 (X11; Linux x86_64) AppleWebKit/537.36 (KHTML, like Gecko) Chrome/73.0.3683.86 Safari/537.36 [] {"uid":"5b1fbcd"}
[2019-06-13 15:46:50] UTN FRA LOGGER.INFO: ip =::1 [] {"uid":"5b1fbcd"}
[2019-06-13 15:47:05] UTN FRA LOGGER.INFO: Datos  =Mozilla/5.0 (X11; Linux x86_64) AppleWebKit/537.36 (KHTML, like Gecko) Chrome/73.0.3683.86 Safari/537.36 [] {"uid":"618e906"}
[2019-06-13 15:47:05] UTN FRA LOGGER.INFO: ip =::1 [] {"uid":"618e906"}
[2019-06-13 15:47:10] UTN FRA LOGGER.INFO: Datos  =Mozilla/5.0 (X11; Linux x86_64) AppleWebKit/537.36 (KHTML, like Gecko) Chrome/73.0.3683.86 Safari/537.36 [] {"uid":"e6f850c"}
[2019-06-13 15:47:10] UTN FRA LOGGER.INFO: ip =::1 [] {"uid":"e6f850c"}
[2019-06-13 15:47:16] UTN FRA LOGGER.INFO: Datos  =Mozilla/5.0 (X11; Linux x86_64) AppleWebKit/537.36 (KHTML, like Gecko) Chrome/73.0.3683.86 Safari/537.36 [] {"uid":"6080469"}
[2019-06-13 15:47:16] UTN FRA LOGGER.INFO: ip =::1 [] {"uid":"6080469"}
[2019-06-13 15:47:52] UTN FRA LOGGER.INFO: Datos  =Mozilla/5.0 (X11; Linux x86_64) AppleWebKit/537.36 (KHTML, like Gecko) Chrome/73.0.3683.86 Safari/537.36 [] {"uid":"be829a8"}
[2019-06-13 15:47:52] UTN FRA LOGGER.INFO: ip =::1 [] {"uid":"be829a8"}
[2019-06-13 15:47:55] UTN FRA LOGGER.INFO: Datos  =Mozilla/5.0 (X11; Linux x86_64) AppleWebKit/537.36 (KHTML, like Gecko) Chrome/73.0.3683.86 Safari/537.36 [] {"uid":"8f497ca"}
[2019-06-13 15:47:55] UTN FRA LOGGER.INFO: ip =::1 [] {"uid":"8f497ca"}
[2019-06-13 15:48:12] UTN FRA LOGGER.INFO: Datos  =Mozilla/5.0 (X11; Linux x86_64) AppleWebKit/537.36 (KHTML, like Gecko) Chrome/73.0.3683.86 Safari/537.36 [] {"uid":"9e48c5a"}
[2019-06-13 15:48:12] UTN FRA LOGGER.INFO: ip =::1 [] {"uid":"9e48c5a"}
[2019-06-13 15:48:15] UTN FRA LOGGER.INFO: Datos  =Mozilla/5.0 (X11; Linux x86_64) AppleWebKit/537.36 (KHTML, like Gecko) Chrome/73.0.3683.86 Safari/537.36 [] {"uid":"b916695"}
[2019-06-13 15:48:15] UTN FRA LOGGER.INFO: ip =::1 [] {"uid":"b916695"}
[2019-06-13 15:50:55] UTN FRA LOGGER.INFO: Datos  =Mozilla/5.0 (X11; Linux x86_64) AppleWebKit/537.36 (KHTML, like Gecko) Chrome/73.0.3683.86 Safari/537.36 [] {"uid":"1dd5fc6"}
[2019-06-13 15:50:55] UTN FRA LOGGER.INFO: ip =::1 [] {"uid":"1dd5fc6"}
[2019-06-13 15:51:28] UTN FRA LOGGER.INFO: Datos  =Mozilla/5.0 (X11; Linux x86_64) AppleWebKit/537.36 (KHTML, like Gecko) Chrome/73.0.3683.86 Safari/537.36 [] {"uid":"458c08c"}
[2019-06-13 15:51:28] UTN FRA LOGGER.INFO: ip =::1 [] {"uid":"458c08c"}
[2019-06-13 15:51:33] UTN FRA LOGGER.INFO: Datos  =Mozilla/5.0 (X11; Linux x86_64) AppleWebKit/537.36 (KHTML, like Gecko) Chrome/73.0.3683.86 Safari/537.36 [] {"uid":"c57b200"}
[2019-06-13 15:51:33] UTN FRA LOGGER.INFO: ip =::1 [] {"uid":"c57b200"}
[2019-06-13 15:53:23] UTN FRA LOGGER.INFO: Datos  =Mozilla/5.0 (X11; Linux x86_64) AppleWebKit/537.36 (KHTML, like Gecko) Chrome/73.0.3683.86 Safari/537.36 [] {"uid":"903207f"}
[2019-06-13 15:53:23] UTN FRA LOGGER.INFO: ip =::1 [] {"uid":"903207f"}
[2019-06-13 15:53:26] UTN FRA LOGGER.INFO: Datos  =Mozilla/5.0 (X11; Linux x86_64) AppleWebKit/537.36 (KHTML, like Gecko) Chrome/73.0.3683.86 Safari/537.36 [] {"uid":"3a71660"}
[2019-06-13 15:53:26] UTN FRA LOGGER.INFO: ip =::1 [] {"uid":"3a71660"}
[2019-06-13 15:54:00] UTN FRA LOGGER.INFO: Datos  =Mozilla/5.0 (X11; Linux x86_64) AppleWebKit/537.36 (KHTML, like Gecko) Chrome/73.0.3683.86 Safari/537.36 [] {"uid":"b363313"}
[2019-06-13 15:54:00] UTN FRA LOGGER.INFO: ip =::1 [] {"uid":"b363313"}
[2019-06-13 15:54:01] UTN FRA LOGGER.INFO: Datos  =Mozilla/5.0 (X11; Linux x86_64) AppleWebKit/537.36 (KHTML, like Gecko) Chrome/73.0.3683.86 Safari/537.36 [] {"uid":"a1ab03e"}
[2019-06-13 15:54:01] UTN FRA LOGGER.INFO: ip =::1 [] {"uid":"a1ab03e"}
[2019-06-13 15:54:01] UTN FRA LOGGER.INFO: Datos  =Mozilla/5.0 (X11; Linux x86_64) AppleWebKit/537.36 (KHTML, like Gecko) Chrome/73.0.3683.86 Safari/537.36 [] {"uid":"74bb1fc"}
[2019-06-13 15:54:01] UTN FRA LOGGER.INFO: ip =::1 [] {"uid":"74bb1fc"}
[2019-06-13 15:54:01] UTN FRA LOGGER.INFO: Datos  =Mozilla/5.0 (X11; Linux x86_64) AppleWebKit/537.36 (KHTML, like Gecko) Chrome/73.0.3683.86 Safari/537.36 [] {"uid":"e07b9d7"}
[2019-06-13 15:54:01] UTN FRA LOGGER.INFO: ip =::1 [] {"uid":"e07b9d7"}
[2019-06-13 15:54:01] UTN FRA LOGGER.INFO: Datos  =Mozilla/5.0 (X11; Linux x86_64) AppleWebKit/537.36 (KHTML, like Gecko) Chrome/73.0.3683.86 Safari/537.36 [] {"uid":"b3e7a0b"}
[2019-06-13 15:54:01] UTN FRA LOGGER.INFO: ip =::1 [] {"uid":"b3e7a0b"}
[2019-06-13 15:54:02] UTN FRA LOGGER.INFO: Datos  =Mozilla/5.0 (X11; Linux x86_64) AppleWebKit/537.36 (KHTML, like Gecko) Chrome/73.0.3683.86 Safari/537.36 [] {"uid":"e6fa77e"}
[2019-06-13 15:54:02] UTN FRA LOGGER.INFO: ip =::1 [] {"uid":"e6fa77e"}
[2019-06-13 15:54:02] UTN FRA LOGGER.INFO: Datos  =Mozilla/5.0 (X11; Linux x86_64) AppleWebKit/537.36 (KHTML, like Gecko) Chrome/73.0.3683.86 Safari/537.36 [] {"uid":"262fbd8"}
[2019-06-13 15:54:02] UTN FRA LOGGER.INFO: ip =::1 [] {"uid":"262fbd8"}
[2019-06-13 15:54:29] UTN FRA LOGGER.INFO: Datos  =Mozilla/5.0 (X11; Linux x86_64) AppleWebKit/537.36 (KHTML, like Gecko) Chrome/73.0.3683.86 Safari/537.36 [] {"uid":"69026c5"}
[2019-06-13 15:54:29] UTN FRA LOGGER.INFO: ip =::1 [] {"uid":"69026c5"}
[2019-06-13 15:54:53] UTN FRA LOGGER.INFO: Datos  =Mozilla/5.0 (X11; Linux x86_64) AppleWebKit/537.36 (KHTML, like Gecko) Chrome/73.0.3683.86 Safari/537.36 [] {"uid":"7f80bac"}
[2019-06-13 15:54:53] UTN FRA LOGGER.INFO: ip =::1 [] {"uid":"7f80bac"}
[2019-06-13 16:14:20] UTN FRA LOGGER.INFO: Datos  =PostmanRuntime/7.1.1 [] {"uid":"f37f107"}
[2019-06-13 16:14:20] UTN FRA LOGGER.INFO: ip =::1 [] {"uid":"f37f107"}
[2019-06-13 16:14:25] UTN FRA LOGGER.INFO: Datos  =PostmanRuntime/7.1.1 [] {"uid":"f86c548"}
[2019-06-13 16:14:25] UTN FRA LOGGER.INFO: ip =::1 [] {"uid":"f86c548"}
[2019-06-13 16:16:52] UTN FRA LOGGER.INFO: Datos  =PostmanRuntime/7.1.1 [] {"uid":"cfce916"}
[2019-06-13 16:16:52] UTN FRA LOGGER.INFO: ip =::1 [] {"uid":"cfce916"}
[2019-06-13 16:16:56] UTN FRA LOGGER.INFO: Datos  =PostmanRuntime/7.1.1 [] {"uid":"24b074c"}
[2019-06-13 16:16:56] UTN FRA LOGGER.INFO: ip =::1 [] {"uid":"24b074c"}
[2019-06-13 16:17:07] UTN FRA LOGGER.INFO: Datos  =PostmanRuntime/7.1.1 [] {"uid":"fecc8fc"}
[2019-06-13 16:17:07] UTN FRA LOGGER.INFO: ip =::1 [] {"uid":"fecc8fc"}
[2019-06-13 16:19:09] UTN FRA LOGGER.INFO: Datos  =Mozilla/5.0 (X11; Linux x86_64) AppleWebKit/537.36 (KHTML, like Gecko) Chrome/73.0.3683.86 Safari/537.36 [] {"uid":"e2193d4"}
[2019-06-13 16:19:09] UTN FRA LOGGER.INFO: ip =::1 [] {"uid":"e2193d4"}
[2019-06-13 16:19:58] UTN FRA LOGGER.INFO: Datos  =Mozilla/5.0 (X11; Linux x86_64) AppleWebKit/537.36 (KHTML, like Gecko) Chrome/73.0.3683.86 Safari/537.36 [] {"uid":"d83d781"}
[2019-06-13 16:19:58] UTN FRA LOGGER.INFO: ip =::1 [] {"uid":"d83d781"}
[2019-06-13 16:20:00] UTN FRA LOGGER.INFO: Datos  =Mozilla/5.0 (X11; Linux x86_64) AppleWebKit/537.36 (KHTML, like Gecko) Chrome/73.0.3683.86 Safari/537.36 [] {"uid":"89e32cc"}
[2019-06-13 16:20:00] UTN FRA LOGGER.INFO: ip =::1 [] {"uid":"89e32cc"}
[2019-06-13 16:20:32] UTN FRA LOGGER.INFO: Datos  =Mozilla/5.0 (X11; Linux x86_64) AppleWebKit/537.36 (KHTML, like Gecko) Chrome/73.0.3683.86 Safari/537.36 [] {"uid":"434586f"}
[2019-06-13 16:20:32] UTN FRA LOGGER.INFO: ip =::1 [] {"uid":"434586f"}
[2019-06-13 16:20:40] UTN FRA LOGGER.INFO: Datos  =PostmanRuntime/7.1.1 [] {"uid":"87cac8e"}
[2019-06-13 16:20:40] UTN FRA LOGGER.INFO: ip =::1 [] {"uid":"87cac8e"}
[2019-11-24 22:29:37] UTN FRA LOGGER.INFO: Datos  =PostmanRuntime/7.19.0 [] {"uid":"d590766"}
[2019-11-24 22:29:37] UTN FRA LOGGER.INFO: ip =::1 [] {"uid":"d590766"}
[2019-11-24 22:30:11] UTN FRA LOGGER.INFO: Datos  =PostmanRuntime/7.19.0 [] {"uid":"3659dc2"}
[2019-11-24 22:30:11] UTN FRA LOGGER.INFO: ip =::1 [] {"uid":"3659dc2"}
[2019-11-24 22:31:02] UTN FRA LOGGER.INFO: Datos  =PostmanRuntime/7.19.0 [] {"uid":"0539b15"}
[2019-11-24 22:31:02] UTN FRA LOGGER.INFO: ip =::1 [] {"uid":"0539b15"}
[2019-11-24 22:31:20] UTN FRA LOGGER.INFO: Datos  =PostmanRuntime/7.19.0 [] {"uid":"cdf4f1d"}
[2019-11-24 22:31:20] UTN FRA LOGGER.INFO: ip =::1 [] {"uid":"cdf4f1d"}
[2019-11-24 22:31:35] UTN FRA LOGGER.INFO: Datos  =PostmanRuntime/7.19.0 [] {"uid":"b3dbe9d"}
[2019-11-24 22:31:35] UTN FRA LOGGER.INFO: ip =::1 [] {"uid":"b3dbe9d"}
[2019-11-24 22:32:18] UTN FRA LOGGER.INFO: Datos  =PostmanRuntime/7.19.0 [] {"uid":"2f21337"}
[2019-11-24 22:32:18] UTN FRA LOGGER.INFO: ip =::1 [] {"uid":"2f21337"}
[2019-11-24 22:32:41] UTN FRA LOGGER.INFO: Datos  =PostmanRuntime/7.19.0 [] {"uid":"19edada"}
[2019-11-24 22:32:41] UTN FRA LOGGER.INFO: ip =::1 [] {"uid":"19edada"}
[2019-11-24 22:34:34] UTN FRA LOGGER.INFO: Datos  =PostmanRuntime/7.19.0 [] {"uid":"a79b4cb"}
[2019-11-24 22:34:34] UTN FRA LOGGER.INFO: ip =::1 [] {"uid":"a79b4cb"}
[2019-11-24 22:36:38] UTN FRA LOGGER.INFO: Datos  =PostmanRuntime/7.19.0 [] {"uid":"a46e858"}
[2019-11-24 22:36:38] UTN FRA LOGGER.INFO: ip =::1 [] {"uid":"a46e858"}
[2019-11-24 22:37:32] UTN FRA LOGGER.INFO: Datos  =PostmanRuntime/7.19.0 [] {"uid":"47bcc1c"}
[2019-11-24 22:37:32] UTN FRA LOGGER.INFO: ip =::1 [] {"uid":"47bcc1c"}
[2019-11-24 22:38:51] UTN FRA LOGGER.INFO: Datos  =PostmanRuntime/7.19.0 [] {"uid":"5f81d7f"}
[2019-11-24 22:38:51] UTN FRA LOGGER.INFO: ip =::1 [] {"uid":"5f81d7f"}
[2019-11-24 22:41:17] UTN FRA LOGGER.INFO: Datos  =PostmanRuntime/7.19.0 [] {"uid":"7811b2c"}
[2019-11-24 22:41:17] UTN FRA LOGGER.INFO: ip =::1 [] {"uid":"7811b2c"}
[2019-11-24 22:45:47] UTN FRA LOGGER.INFO: Datos  =PostmanRuntime/7.19.0 [] {"uid":"ed571d0"}
[2019-11-24 22:45:47] UTN FRA LOGGER.INFO: ip =::1 [] {"uid":"ed571d0"}
[2019-11-24 22:46:25] UTN FRA LOGGER.INFO: Datos  =PostmanRuntime/7.19.0 [] {"uid":"594ec18"}
[2019-11-24 22:46:25] UTN FRA LOGGER.INFO: ip =::1 [] {"uid":"594ec18"}
[2019-11-24 22:46:51] UTN FRA LOGGER.INFO: Datos  =PostmanRuntime/7.19.0 [] {"uid":"35cdeb3"}
[2019-11-24 22:46:51] UTN FRA LOGGER.INFO: ip =::1 [] {"uid":"35cdeb3"}
[2019-11-24 22:49:03] UTN FRA LOGGER.INFO: Datos  =PostmanRuntime/7.19.0 [] {"uid":"deedc51"}
[2019-11-24 22:49:03] UTN FRA LOGGER.INFO: ip =::1 [] {"uid":"deedc51"}
[2019-11-24 22:49:22] UTN FRA LOGGER.INFO: Datos  =PostmanRuntime/7.19.0 [] {"uid":"407176c"}
[2019-11-24 22:49:22] UTN FRA LOGGER.INFO: ip =::1 [] {"uid":"407176c"}
[2019-11-24 22:49:30] UTN FRA LOGGER.INFO: Datos  =PostmanRuntime/7.19.0 [] {"uid":"0c3efbc"}
[2019-11-24 22:49:30] UTN FRA LOGGER.INFO: ip =::1 [] {"uid":"0c3efbc"}
[2019-11-24 22:49:43] UTN FRA LOGGER.INFO: Datos  =PostmanRuntime/7.19.0 [] {"uid":"e569805"}
[2019-11-24 22:49:43] UTN FRA LOGGER.INFO: ip =::1 [] {"uid":"e569805"}
[2019-11-24 22:49:53] UTN FRA LOGGER.INFO: Datos  =PostmanRuntime/7.19.0 [] {"uid":"4ed3e8f"}
[2019-11-24 22:49:53] UTN FRA LOGGER.INFO: ip =::1 [] {"uid":"4ed3e8f"}
[2019-11-24 22:50:23] UTN FRA LOGGER.INFO: Datos  =PostmanRuntime/7.19.0 [] {"uid":"3326900"}
[2019-11-24 22:50:23] UTN FRA LOGGER.INFO: ip =::1 [] {"uid":"3326900"}
[2019-11-24 22:52:02] UTN FRA LOGGER.INFO: Datos  =PostmanRuntime/7.19.0 [] {"uid":"e13c309"}
[2019-11-24 22:52:02] UTN FRA LOGGER.INFO: ip =::1 [] {"uid":"e13c309"}
[2019-11-24 22:54:12] UTN FRA LOGGER.INFO: Datos  =PostmanRuntime/7.19.0 [] {"uid":"3f4212a"}
[2019-11-24 22:54:12] UTN FRA LOGGER.INFO: ip =::1 [] {"uid":"3f4212a"}
[2019-11-24 22:54:39] UTN FRA LOGGER.INFO: Datos  =PostmanRuntime/7.19.0 [] {"uid":"6903710"}
[2019-11-24 22:54:39] UTN FRA LOGGER.INFO: ip =::1 [] {"uid":"6903710"}
[2019-11-24 22:54:47] UTN FRA LOGGER.INFO: Datos  =PostmanRuntime/7.19.0 [] {"uid":"491d0eb"}
[2019-11-24 22:54:47] UTN FRA LOGGER.INFO: ip =::1 [] {"uid":"491d0eb"}
[2019-11-24 22:56:26] UTN FRA LOGGER.INFO: Datos  =PostmanRuntime/7.19.0 [] {"uid":"8c2571b"}
[2019-11-24 22:56:26] UTN FRA LOGGER.INFO: ip =::1 [] {"uid":"8c2571b"}
[2019-11-24 22:57:26] UTN FRA LOGGER.INFO: Datos  =PostmanRuntime/7.19.0 [] {"uid":"9433e90"}
[2019-11-24 22:57:26] UTN FRA LOGGER.INFO: ip =::1 [] {"uid":"9433e90"}
[2019-11-24 22:58:21] UTN FRA LOGGER.INFO: Datos  =PostmanRuntime/7.19.0 [] {"uid":"9c0fbf3"}
[2019-11-24 22:58:21] UTN FRA LOGGER.INFO: ip =::1 [] {"uid":"9c0fbf3"}
[2019-11-24 22:59:12] UTN FRA LOGGER.INFO: Datos  =PostmanRuntime/7.19.0 [] {"uid":"ca5ea7a"}
[2019-11-24 22:59:12] UTN FRA LOGGER.INFO: ip =::1 [] {"uid":"ca5ea7a"}
[2019-11-24 22:59:30] UTN FRA LOGGER.INFO: Datos  =PostmanRuntime/7.19.0 [] {"uid":"67f733d"}
[2019-11-24 22:59:30] UTN FRA LOGGER.INFO: ip =::1 [] {"uid":"67f733d"}
[2019-11-24 23:00:07] UTN FRA LOGGER.INFO: Datos  =PostmanRuntime/7.19.0 [] {"uid":"06c85a8"}
[2019-11-24 23:00:07] UTN FRA LOGGER.INFO: ip =::1 [] {"uid":"06c85a8"}
[2019-11-24 23:00:28] UTN FRA LOGGER.INFO: Datos  =PostmanRuntime/7.19.0 [] {"uid":"e6716f0"}
[2019-11-24 23:00:28] UTN FRA LOGGER.INFO: ip =::1 [] {"uid":"e6716f0"}
[2019-11-24 23:01:28] UTN FRA LOGGER.INFO: Datos  =PostmanRuntime/7.19.0 [] {"uid":"1fedf20"}
[2019-11-24 23:01:28] UTN FRA LOGGER.INFO: ip =::1 [] {"uid":"1fedf20"}
[2019-11-24 23:02:07] UTN FRA LOGGER.INFO: Datos  =PostmanRuntime/7.19.0 [] {"uid":"81ba4aa"}
[2019-11-24 23:02:07] UTN FRA LOGGER.INFO: ip =::1 [] {"uid":"81ba4aa"}
[2019-11-24 23:02:28] UTN FRA LOGGER.INFO: Datos  =PostmanRuntime/7.19.0 [] {"uid":"d600faa"}
[2019-11-24 23:02:28] UTN FRA LOGGER.INFO: ip =::1 [] {"uid":"d600faa"}
[2019-11-24 23:02:47] UTN FRA LOGGER.INFO: Datos  =PostmanRuntime/7.19.0 [] {"uid":"605cb66"}
[2019-11-24 23:02:47] UTN FRA LOGGER.INFO: ip =::1 [] {"uid":"605cb66"}
[2019-11-24 23:03:03] UTN FRA LOGGER.INFO: Datos  =PostmanRuntime/7.19.0 [] {"uid":"43e6125"}
[2019-11-24 23:03:03] UTN FRA LOGGER.INFO: ip =::1 [] {"uid":"43e6125"}
[2019-11-24 23:04:43] UTN FRA LOGGER.INFO: Datos  =PostmanRuntime/7.19.0 [] {"uid":"d81601d"}
[2019-11-24 23:04:43] UTN FRA LOGGER.INFO: ip =::1 [] {"uid":"d81601d"}
[2019-11-24 23:05:02] UTN FRA LOGGER.INFO: Datos  =PostmanRuntime/7.19.0 [] {"uid":"5522cff"}
[2019-11-24 23:05:02] UTN FRA LOGGER.INFO: ip =::1 [] {"uid":"5522cff"}
[2019-11-24 23:06:38] UTN FRA LOGGER.INFO: Datos  =PostmanRuntime/7.19.0 [] {"uid":"dfaeeab"}
[2019-11-24 23:06:38] UTN FRA LOGGER.INFO: ip =::1 [] {"uid":"dfaeeab"}
[2019-11-24 23:06:49] UTN FRA LOGGER.INFO: Datos  =PostmanRuntime/7.19.0 [] {"uid":"9f7dd03"}
[2019-11-24 23:06:49] UTN FRA LOGGER.INFO: ip =::1 [] {"uid":"9f7dd03"}
[2019-11-24 23:07:15] UTN FRA LOGGER.INFO: Datos  =PostmanRuntime/7.19.0 [] {"uid":"7abea81"}
[2019-11-24 23:07:15] UTN FRA LOGGER.INFO: ip =::1 [] {"uid":"7abea81"}
[2019-11-24 23:08:16] UTN FRA LOGGER.INFO: Datos  =PostmanRuntime/7.19.0 [] {"uid":"79d94ef"}
[2019-11-24 23:08:16] UTN FRA LOGGER.INFO: ip =::1 [] {"uid":"79d94ef"}
[2019-11-24 23:35:29] UTN FRA LOGGER.INFO: Datos  =PostmanRuntime/7.19.0 [] {"uid":"d32c3c1"}
[2019-11-24 23:35:29] UTN FRA LOGGER.INFO: ip =::1 [] {"uid":"d32c3c1"}
[2019-11-24 23:45:23] UTN FRA LOGGER.INFO: Datos  =PostmanRuntime/7.19.0 [] {"uid":"3ed2a41"}
[2019-11-24 23:45:23] UTN FRA LOGGER.INFO: ip =::1 [] {"uid":"3ed2a41"}
[2019-11-24 23:45:46] UTN FRA LOGGER.INFO: Datos  =PostmanRuntime/7.19.0 [] {"uid":"aa60805"}
[2019-11-24 23:45:46] UTN FRA LOGGER.INFO: ip =::1 [] {"uid":"aa60805"}
[2019-11-24 23:48:25] UTN FRA LOGGER.INFO: Datos  =PostmanRuntime/7.19.0 [] {"uid":"134dd7f"}
[2019-11-24 23:48:25] UTN FRA LOGGER.INFO: ip =::1 [] {"uid":"134dd7f"}
[2019-11-24 23:49:14] UTN FRA LOGGER.INFO: Datos  =PostmanRuntime/7.19.0 [] {"uid":"15a6ab2"}
[2019-11-24 23:49:14] UTN FRA LOGGER.INFO: ip =::1 [] {"uid":"15a6ab2"}
[2019-11-24 23:55:45] UTN FRA LOGGER.INFO: Datos  =PostmanRuntime/7.19.0 [] {"uid":"c18c4a0"}
[2019-11-24 23:55:45] UTN FRA LOGGER.INFO: ip =::1 [] {"uid":"c18c4a0"}
[2019-11-25 00:05:12] UTN FRA LOGGER.INFO: Datos  =PostmanRuntime/7.19.0 [] {"uid":"1ba0895"}
[2019-11-25 00:05:12] UTN FRA LOGGER.INFO: ip =::1 [] {"uid":"1ba0895"}
[2019-11-25 00:07:45] UTN FRA LOGGER.INFO: Datos  =PostmanRuntime/7.19.0 [] {"uid":"69f9296"}
[2019-11-25 00:07:45] UTN FRA LOGGER.INFO: ip =::1 [] {"uid":"69f9296"}
[2019-11-25 00:08:03] UTN FRA LOGGER.INFO: Datos  =PostmanRuntime/7.19.0 [] {"uid":"7d2c689"}
[2019-11-25 00:08:03] UTN FRA LOGGER.INFO: ip =::1 [] {"uid":"7d2c689"}
[2019-11-25 00:08:18] UTN FRA LOGGER.INFO: Datos  =PostmanRuntime/7.19.0 [] {"uid":"9b77b06"}
[2019-11-25 00:08:18] UTN FRA LOGGER.INFO: ip =::1 [] {"uid":"9b77b06"}
[2019-11-25 00:08:31] UTN FRA LOGGER.INFO: Datos  =PostmanRuntime/7.19.0 [] {"uid":"0506812"}
[2019-11-25 00:08:31] UTN FRA LOGGER.INFO: ip =::1 [] {"uid":"0506812"}
[2019-11-25 00:14:44] UTN FRA LOGGER.INFO: Datos  =PostmanRuntime/7.19.0 [] {"uid":"c2e56c6"}
[2019-11-25 00:14:44] UTN FRA LOGGER.INFO: ip =::1 [] {"uid":"c2e56c6"}
[2019-11-25 00:14:49] UTN FRA LOGGER.INFO: Datos  =PostmanRuntime/7.19.0 [] {"uid":"5de6616"}
[2019-11-25 00:14:49] UTN FRA LOGGER.INFO: ip =::1 [] {"uid":"5de6616"}
[2019-11-25 00:17:49] UTN FRA LOGGER.INFO: Datos  =PostmanRuntime/7.19.0 [] {"uid":"cf62443"}
[2019-11-25 00:17:49] UTN FRA LOGGER.INFO: ip =::1 [] {"uid":"cf62443"}
[2019-11-25 00:21:14] UTN FRA LOGGER.INFO: Datos  =PostmanRuntime/7.19.0 [] {"uid":"858b8ae"}
[2019-11-25 00:21:14] UTN FRA LOGGER.INFO: ip =::1 [] {"uid":"858b8ae"}
[2019-11-25 00:21:21] UTN FRA LOGGER.INFO: Datos  =PostmanRuntime/7.19.0 [] {"uid":"06a18a5"}
[2019-11-25 00:21:21] UTN FRA LOGGER.INFO: ip =::1 [] {"uid":"06a18a5"}
[2019-11-25 00:21:41] UTN FRA LOGGER.INFO: Datos  =PostmanRuntime/7.19.0 [] {"uid":"bbbb182"}
[2019-11-25 00:21:41] UTN FRA LOGGER.INFO: ip =::1 [] {"uid":"bbbb182"}
[2019-11-25 00:22:10] UTN FRA LOGGER.INFO: Datos  =PostmanRuntime/7.19.0 [] {"uid":"207c45a"}
[2019-11-25 00:22:10] UTN FRA LOGGER.INFO: ip =::1 [] {"uid":"207c45a"}
[2019-11-25 00:22:18] UTN FRA LOGGER.INFO: Datos  =PostmanRuntime/7.19.0 [] {"uid":"5a3300d"}
[2019-11-25 00:22:18] UTN FRA LOGGER.INFO: ip =::1 [] {"uid":"5a3300d"}
[2019-11-25 00:22:31] UTN FRA LOGGER.INFO: Datos  =PostmanRuntime/7.19.0 [] {"uid":"7c7b31c"}
[2019-11-25 00:22:31] UTN FRA LOGGER.INFO: ip =::1 [] {"uid":"7c7b31c"}
[2019-11-25 00:22:41] UTN FRA LOGGER.INFO: Datos  =PostmanRuntime/7.19.0 [] {"uid":"bbc8011"}
[2019-11-25 00:22:41] UTN FRA LOGGER.INFO: ip =::1 [] {"uid":"bbc8011"}
[2019-11-25 00:24:04] UTN FRA LOGGER.INFO: Datos  =PostmanRuntime/7.19.0 [] {"uid":"f89d005"}
[2019-11-25 00:24:04] UTN FRA LOGGER.INFO: ip =::1 [] {"uid":"f89d005"}
[2019-11-25 00:24:09] UTN FRA LOGGER.INFO: Datos  =PostmanRuntime/7.19.0 [] {"uid":"dc0f320"}
[2019-11-25 00:24:09] UTN FRA LOGGER.INFO: ip =::1 [] {"uid":"dc0f320"}
[2019-11-25 00:26:06] UTN FRA LOGGER.INFO: Datos  =PostmanRuntime/7.19.0 [] {"uid":"90e5d71"}
[2019-11-25 00:26:06] UTN FRA LOGGER.INFO: ip =::1 [] {"uid":"90e5d71"}
[2019-11-25 00:26:25] UTN FRA LOGGER.INFO: Datos  =PostmanRuntime/7.19.0 [] {"uid":"549387f"}
[2019-11-25 00:26:25] UTN FRA LOGGER.INFO: ip =::1 [] {"uid":"549387f"}
[2019-11-25 00:26:39] UTN FRA LOGGER.INFO: Datos  =PostmanRuntime/7.19.0 [] {"uid":"22a94c8"}
[2019-11-25 00:26:39] UTN FRA LOGGER.INFO: ip =::1 [] {"uid":"22a94c8"}
[2019-11-25 00:28:40] UTN FRA LOGGER.INFO: Datos  =PostmanRuntime/7.19.0 [] {"uid":"183fe9f"}
[2019-11-25 00:28:40] UTN FRA LOGGER.INFO: ip =::1 [] {"uid":"183fe9f"}
[2019-11-25 00:28:41] UTN FRA LOGGER.INFO: Datos  =PostmanRuntime/7.19.0 [] {"uid":"8a34a9e"}
[2019-11-25 00:28:41] UTN FRA LOGGER.INFO: ip =::1 [] {"uid":"8a34a9e"}
[2019-11-25 00:28:42] UTN FRA LOGGER.INFO: Datos  =PostmanRuntime/7.19.0 [] {"uid":"efde22d"}
[2019-11-25 00:28:42] UTN FRA LOGGER.INFO: ip =::1 [] {"uid":"efde22d"}
[2019-11-25 00:31:03] UTN FRA LOGGER.INFO: Datos  =PostmanRuntime/7.19.0 [] {"uid":"9561807"}
[2019-11-25 00:31:03] UTN FRA LOGGER.INFO: ip =::1 [] {"uid":"9561807"}
[2019-11-25 00:31:36] UTN FRA LOGGER.INFO: Datos  =PostmanRuntime/7.19.0 [] {"uid":"6e22a92"}
[2019-11-25 00:31:36] UTN FRA LOGGER.INFO: ip =::1 [] {"uid":"6e22a92"}
[2019-11-25 00:57:58] UTN FRA LOGGER.INFO: Datos  =PostmanRuntime/7.19.0 [] {"uid":"fa09319"}
[2019-11-25 00:57:58] UTN FRA LOGGER.INFO: ip =::1 [] {"uid":"fa09319"}
[2019-11-25 00:58:24] UTN FRA LOGGER.INFO: Datos  =PostmanRuntime/7.19.0 [] {"uid":"c8c91ea"}
[2019-11-25 00:58:24] UTN FRA LOGGER.INFO: ip =::1 [] {"uid":"c8c91ea"}
[2019-11-25 00:59:13] UTN FRA LOGGER.INFO: Datos  =PostmanRuntime/7.19.0 [] {"uid":"575e704"}
[2019-11-25 00:59:13] UTN FRA LOGGER.INFO: ip =::1 [] {"uid":"575e704"}
[2019-11-25 01:01:25] UTN FRA LOGGER.INFO: Datos  =PostmanRuntime/7.19.0 [] {"uid":"83d6774"}
[2019-11-25 01:01:25] UTN FRA LOGGER.INFO: ip =::1 [] {"uid":"83d6774"}
[2019-11-25 01:02:17] UTN FRA LOGGER.INFO: Datos  =PostmanRuntime/7.19.0 [] {"uid":"f6b9380"}
[2019-11-25 01:02:17] UTN FRA LOGGER.INFO: ip =::1 [] {"uid":"f6b9380"}
[2019-11-25 01:02:37] UTN FRA LOGGER.INFO: Datos  =PostmanRuntime/7.19.0 [] {"uid":"6140575"}
[2019-11-25 01:02:37] UTN FRA LOGGER.INFO: ip =::1 [] {"uid":"6140575"}
[2019-11-25 01:03:30] UTN FRA LOGGER.INFO: Datos  =PostmanRuntime/7.19.0 [] {"uid":"0885f2d"}
[2019-11-25 01:03:30] UTN FRA LOGGER.INFO: ip =::1 [] {"uid":"0885f2d"}
[2019-11-25 01:03:39] UTN FRA LOGGER.INFO: Datos  =PostmanRuntime/7.19.0 [] {"uid":"3dce4ef"}
[2019-11-25 01:03:39] UTN FRA LOGGER.INFO: ip =::1 [] {"uid":"3dce4ef"}
[2019-11-25 01:04:03] UTN FRA LOGGER.INFO: Datos  =PostmanRuntime/7.19.0 [] {"uid":"65409c8"}
[2019-11-25 01:04:03] UTN FRA LOGGER.INFO: ip =::1 [] {"uid":"65409c8"}
[2019-11-25 01:04:59] UTN FRA LOGGER.INFO: Datos  =PostmanRuntime/7.19.0 [] {"uid":"00bf593"}
[2019-11-25 01:04:59] UTN FRA LOGGER.INFO: ip =::1 [] {"uid":"00bf593"}
[2019-11-25 01:05:21] UTN FRA LOGGER.INFO: Datos  =PostmanRuntime/7.19.0 [] {"uid":"44c2430"}
[2019-11-25 01:05:21] UTN FRA LOGGER.INFO: ip =::1 [] {"uid":"44c2430"}
[2019-11-25 01:05:22] UTN FRA LOGGER.INFO: Datos  =PostmanRuntime/7.19.0 [] {"uid":"d384eb0"}
[2019-11-25 01:05:22] UTN FRA LOGGER.INFO: ip =::1 [] {"uid":"d384eb0"}
[2019-11-25 01:05:39] UTN FRA LOGGER.INFO: Datos  =PostmanRuntime/7.19.0 [] {"uid":"ddd50c1"}
[2019-11-25 01:05:39] UTN FRA LOGGER.INFO: ip =::1 [] {"uid":"ddd50c1"}
[2019-11-25 01:06:00] UTN FRA LOGGER.INFO: Datos  =PostmanRuntime/7.19.0 [] {"uid":"5fccdda"}
[2019-11-25 01:06:00] UTN FRA LOGGER.INFO: ip =::1 [] {"uid":"5fccdda"}
[2019-11-25 01:06:33] UTN FRA LOGGER.INFO: Datos  =PostmanRuntime/7.19.0 [] {"uid":"ce99465"}
[2019-11-25 01:06:33] UTN FRA LOGGER.INFO: ip =::1 [] {"uid":"ce99465"}
[2019-11-25 01:07:04] UTN FRA LOGGER.INFO: Datos  =PostmanRuntime/7.19.0 [] {"uid":"6e48f30"}
[2019-11-25 01:07:04] UTN FRA LOGGER.INFO: ip =::1 [] {"uid":"6e48f30"}
[2019-11-25 01:08:03] UTN FRA LOGGER.INFO: Datos  =PostmanRuntime/7.19.0 [] {"uid":"e01fe37"}
[2019-11-25 01:08:03] UTN FRA LOGGER.INFO: ip =::1 [] {"uid":"e01fe37"}
[2019-11-25 01:09:28] UTN FRA LOGGER.INFO: Datos  =PostmanRuntime/7.19.0 [] {"uid":"92fc7ab"}
[2019-11-25 01:09:28] UTN FRA LOGGER.INFO: ip =::1 [] {"uid":"92fc7ab"}
[2019-11-25 01:09:44] UTN FRA LOGGER.INFO: Datos  =PostmanRuntime/7.19.0 [] {"uid":"9201e6a"}
[2019-11-25 01:09:44] UTN FRA LOGGER.INFO: ip =::1 [] {"uid":"9201e6a"}
[2019-11-25 01:09:57] UTN FRA LOGGER.INFO: Datos  =PostmanRuntime/7.19.0 [] {"uid":"61fece1"}
[2019-11-25 01:09:57] UTN FRA LOGGER.INFO: ip =::1 [] {"uid":"61fece1"}
[2019-11-25 01:10:57] UTN FRA LOGGER.INFO: Datos  =PostmanRuntime/7.19.0 [] {"uid":"0694c3e"}
[2019-11-25 01:10:57] UTN FRA LOGGER.INFO: ip =::1 [] {"uid":"0694c3e"}
[2019-11-25 01:11:28] UTN FRA LOGGER.INFO: Datos  =PostmanRuntime/7.19.0 [] {"uid":"3557538"}
[2019-11-25 01:11:28] UTN FRA LOGGER.INFO: ip =::1 [] {"uid":"3557538"}
[2019-11-25 01:12:28] UTN FRA LOGGER.INFO: Datos  =PostmanRuntime/7.19.0 [] {"uid":"46eafab"}
[2019-11-25 01:12:28] UTN FRA LOGGER.INFO: ip =::1 [] {"uid":"46eafab"}
[2019-11-25 01:16:07] UTN FRA LOGGER.INFO: Datos  =PostmanRuntime/7.19.0 [] {"uid":"9ff2319"}
[2019-11-25 01:16:07] UTN FRA LOGGER.INFO: ip =::1 [] {"uid":"9ff2319"}
[2019-11-25 01:16:11] UTN FRA LOGGER.INFO: Datos  =PostmanRuntime/7.19.0 [] {"uid":"18bfd8a"}
[2019-11-25 01:16:11] UTN FRA LOGGER.INFO: ip =::1 [] {"uid":"18bfd8a"}
[2019-11-25 01:21:55] UTN FRA LOGGER.INFO: Datos  =PostmanRuntime/7.19.0 [] {"uid":"2d714c1"}
[2019-11-25 01:21:55] UTN FRA LOGGER.INFO: ip =::1 [] {"uid":"2d714c1"}
[2019-11-25 01:22:08] UTN FRA LOGGER.INFO: Datos  =PostmanRuntime/7.19.0 [] {"uid":"9271ebb"}
[2019-11-25 01:22:08] UTN FRA LOGGER.INFO: ip =::1 [] {"uid":"9271ebb"}
[2019-11-25 01:22:29] UTN FRA LOGGER.INFO: Datos  =PostmanRuntime/7.19.0 [] {"uid":"07b2625"}
[2019-11-25 01:22:29] UTN FRA LOGGER.INFO: ip =::1 [] {"uid":"07b2625"}
[2019-11-25 01:22:39] UTN FRA LOGGER.INFO: Datos  =PostmanRuntime/7.19.0 [] {"uid":"770fb9a"}
[2019-11-25 01:22:39] UTN FRA LOGGER.INFO: ip =::1 [] {"uid":"770fb9a"}
[2019-11-25 01:22:48] UTN FRA LOGGER.INFO: Datos  =PostmanRuntime/7.19.0 [] {"uid":"f7c1d82"}
[2019-11-25 01:22:48] UTN FRA LOGGER.INFO: ip =::1 [] {"uid":"f7c1d82"}
[2019-11-25 01:22:56] UTN FRA LOGGER.INFO: Datos  =PostmanRuntime/7.19.0 [] {"uid":"d8e62d9"}
[2019-11-25 01:22:56] UTN FRA LOGGER.INFO: ip =::1 [] {"uid":"d8e62d9"}
[2019-11-25 01:26:06] UTN FRA LOGGER.INFO: Datos  =PostmanRuntime/7.19.0 [] {"uid":"656c6a0"}
[2019-11-25 01:26:06] UTN FRA LOGGER.INFO: ip =::1 [] {"uid":"656c6a0"}
[2019-11-25 01:26:14] UTN FRA LOGGER.INFO: Datos  =PostmanRuntime/7.19.0 [] {"uid":"3739afc"}
[2019-11-25 01:26:14] UTN FRA LOGGER.INFO: ip =::1 [] {"uid":"3739afc"}
[2019-11-25 01:27:26] UTN FRA LOGGER.INFO: Datos  =PostmanRuntime/7.19.0 [] {"uid":"375c8a9"}
[2019-11-25 01:27:26] UTN FRA LOGGER.INFO: ip =::1 [] {"uid":"375c8a9"}
[2019-11-25 01:27:27] UTN FRA LOGGER.INFO: Datos  =PostmanRuntime/7.19.0 [] {"uid":"2dcf28b"}
[2019-11-25 01:27:27] UTN FRA LOGGER.INFO: ip =::1 [] {"uid":"2dcf28b"}
[2019-11-25 01:27:55] UTN FRA LOGGER.INFO: Datos  =PostmanRuntime/7.19.0 [] {"uid":"99f95b4"}
[2019-11-25 01:27:55] UTN FRA LOGGER.INFO: ip =::1 [] {"uid":"99f95b4"}
[2019-11-25 01:28:04] UTN FRA LOGGER.INFO: Datos  =PostmanRuntime/7.19.0 [] {"uid":"4d02aa0"}
[2019-11-25 01:28:04] UTN FRA LOGGER.INFO: ip =::1 [] {"uid":"4d02aa0"}
[2019-11-25 01:28:15] UTN FRA LOGGER.INFO: Datos  =PostmanRuntime/7.19.0 [] {"uid":"3c5be98"}
[2019-11-25 01:28:15] UTN FRA LOGGER.INFO: ip =::1 [] {"uid":"3c5be98"}
[2019-11-25 01:29:36] UTN FRA LOGGER.INFO: Datos  =PostmanRuntime/7.19.0 [] {"uid":"b72aee5"}
[2019-11-25 01:29:36] UTN FRA LOGGER.INFO: ip =::1 [] {"uid":"b72aee5"}
[2019-11-25 01:30:00] UTN FRA LOGGER.INFO: Datos  =PostmanRuntime/7.19.0 [] {"uid":"7bf3785"}
[2019-11-25 01:30:00] UTN FRA LOGGER.INFO: ip =::1 [] {"uid":"7bf3785"}
[2019-11-25 01:30:42] UTN FRA LOGGER.INFO: Datos  =PostmanRuntime/7.19.0 [] {"uid":"4b3e27f"}
[2019-11-25 01:30:42] UTN FRA LOGGER.INFO: ip =::1 [] {"uid":"4b3e27f"}
[2019-11-25 01:30:43] UTN FRA LOGGER.INFO: Datos  =PostmanRuntime/7.19.0 [] {"uid":"8da05c1"}
[2019-11-25 01:30:43] UTN FRA LOGGER.INFO: ip =::1 [] {"uid":"8da05c1"}
[2019-11-25 01:30:57] UTN FRA LOGGER.INFO: Datos  =PostmanRuntime/7.19.0 [] {"uid":"4d7392e"}
[2019-11-25 01:30:57] UTN FRA LOGGER.INFO: ip =::1 [] {"uid":"4d7392e"}
[2019-11-25 01:31:37] UTN FRA LOGGER.INFO: Datos  =PostmanRuntime/7.19.0 [] {"uid":"54c2793"}
[2019-11-25 01:31:37] UTN FRA LOGGER.INFO: ip =::1 [] {"uid":"54c2793"}
[2019-11-25 01:32:26] UTN FRA LOGGER.INFO: Datos  =PostmanRuntime/7.19.0 [] {"uid":"52acd27"}
[2019-11-25 01:32:26] UTN FRA LOGGER.INFO: ip =::1 [] {"uid":"52acd27"}
[2019-11-25 01:33:35] UTN FRA LOGGER.INFO: Datos  =PostmanRuntime/7.19.0 [] {"uid":"671396c"}
[2019-11-25 01:33:35] UTN FRA LOGGER.INFO: ip =::1 [] {"uid":"671396c"}
[2019-11-25 01:33:54] UTN FRA LOGGER.INFO: Datos  =PostmanRuntime/7.19.0 [] {"uid":"b34c8dd"}
[2019-11-25 01:33:54] UTN FRA LOGGER.INFO: ip =::1 [] {"uid":"b34c8dd"}
[2019-11-25 01:37:57] UTN FRA LOGGER.INFO: Datos  =PostmanRuntime/7.19.0 [] {"uid":"1e2f231"}
[2019-11-25 01:37:57] UTN FRA LOGGER.INFO: ip =::1 [] {"uid":"1e2f231"}
[2019-11-25 01:38:06] UTN FRA LOGGER.INFO: Datos  =PostmanRuntime/7.19.0 [] {"uid":"3472591"}
[2019-11-25 01:38:06] UTN FRA LOGGER.INFO: ip =::1 [] {"uid":"3472591"}
[2019-11-25 01:38:40] UTN FRA LOGGER.INFO: Datos  =PostmanRuntime/7.19.0 [] {"uid":"83cd318"}
[2019-11-25 01:38:40] UTN FRA LOGGER.INFO: ip =::1 [] {"uid":"83cd318"}
[2019-11-25 01:39:07] UTN FRA LOGGER.INFO: Datos  =PostmanRuntime/7.19.0 [] {"uid":"70994fb"}
[2019-11-25 01:39:07] UTN FRA LOGGER.INFO: ip =::1 [] {"uid":"70994fb"}
[2019-11-25 01:39:27] UTN FRA LOGGER.INFO: Datos  =PostmanRuntime/7.19.0 [] {"uid":"2688bab"}
[2019-11-25 01:39:27] UTN FRA LOGGER.INFO: ip =::1 [] {"uid":"2688bab"}
[2019-11-25 01:39:48] UTN FRA LOGGER.INFO: Datos  =PostmanRuntime/7.19.0 [] {"uid":"8ddeb18"}
[2019-11-25 01:39:48] UTN FRA LOGGER.INFO: ip =::1 [] {"uid":"8ddeb18"}
[2019-11-25 01:40:01] UTN FRA LOGGER.INFO: Datos  =PostmanRuntime/7.19.0 [] {"uid":"6d84240"}
[2019-11-25 01:40:01] UTN FRA LOGGER.INFO: ip =::1 [] {"uid":"6d84240"}
[2019-11-25 01:41:47] UTN FRA LOGGER.INFO: Datos  =PostmanRuntime/7.19.0 [] {"uid":"1b0f028"}
[2019-11-25 01:41:47] UTN FRA LOGGER.INFO: ip =::1 [] {"uid":"1b0f028"}
[2019-11-25 01:43:22] UTN FRA LOGGER.INFO: Datos  =PostmanRuntime/7.19.0 [] {"uid":"f5d345a"}
[2019-11-25 01:43:22] UTN FRA LOGGER.INFO: ip =::1 [] {"uid":"f5d345a"}
[2019-11-25 01:44:04] UTN FRA LOGGER.INFO: Datos  =PostmanRuntime/7.19.0 [] {"uid":"7c94446"}
[2019-11-25 01:44:04] UTN FRA LOGGER.INFO: ip =::1 [] {"uid":"7c94446"}
[2019-11-25 01:44:33] UTN FRA LOGGER.INFO: Datos  =PostmanRuntime/7.19.0 [] {"uid":"1af5d5d"}
[2019-11-25 01:44:33] UTN FRA LOGGER.INFO: ip =::1 [] {"uid":"1af5d5d"}
[2019-11-25 01:44:57] UTN FRA LOGGER.INFO: Datos  =PostmanRuntime/7.19.0 [] {"uid":"e3c9021"}
[2019-11-25 01:44:57] UTN FRA LOGGER.INFO: ip =::1 [] {"uid":"e3c9021"}
[2019-11-25 01:45:03] UTN FRA LOGGER.INFO: Datos  =PostmanRuntime/7.19.0 [] {"uid":"9ff08b2"}
[2019-11-25 01:45:03] UTN FRA LOGGER.INFO: ip =::1 [] {"uid":"9ff08b2"}
[2019-11-25 01:45:05] UTN FRA LOGGER.INFO: Datos  =PostmanRuntime/7.19.0 [] {"uid":"bfbd819"}
[2019-11-25 01:45:05] UTN FRA LOGGER.INFO: ip =::1 [] {"uid":"bfbd819"}
[2019-11-25 01:45:27] UTN FRA LOGGER.INFO: Datos  =PostmanRuntime/7.19.0 [] {"uid":"faaba48"}
[2019-11-25 01:45:27] UTN FRA LOGGER.INFO: ip =::1 [] {"uid":"faaba48"}
[2019-11-25 01:46:50] UTN FRA LOGGER.INFO: Datos  =PostmanRuntime/7.19.0 [] {"uid":"61f1b5e"}
[2019-11-25 01:46:50] UTN FRA LOGGER.INFO: ip =::1 [] {"uid":"61f1b5e"}
[2019-11-25 01:47:17] UTN FRA LOGGER.INFO: Datos  =PostmanRuntime/7.19.0 [] {"uid":"14adcaa"}
[2019-11-25 01:47:17] UTN FRA LOGGER.INFO: ip =::1 [] {"uid":"14adcaa"}
[2019-11-25 01:47:27] UTN FRA LOGGER.INFO: Datos  =PostmanRuntime/7.19.0 [] {"uid":"a6c4029"}
[2019-11-25 01:47:27] UTN FRA LOGGER.INFO: ip =::1 [] {"uid":"a6c4029"}
[2019-11-25 01:48:01] UTN FRA LOGGER.INFO: Datos  =PostmanRuntime/7.19.0 [] {"uid":"0196a4b"}
[2019-11-25 01:48:01] UTN FRA LOGGER.INFO: ip =::1 [] {"uid":"0196a4b"}
[2019-11-25 01:48:45] UTN FRA LOGGER.INFO: Datos  =PostmanRuntime/7.19.0 [] {"uid":"f055af0"}
[2019-11-25 01:48:45] UTN FRA LOGGER.INFO: ip =::1 [] {"uid":"f055af0"}
[2019-11-25 01:48:54] UTN FRA LOGGER.INFO: Datos  =PostmanRuntime/7.19.0 [] {"uid":"f7fe47b"}
[2019-11-25 01:48:54] UTN FRA LOGGER.INFO: ip =::1 [] {"uid":"f7fe47b"}
[2019-11-25 02:20:37] UTN FRA LOGGER.INFO: Datos  =PostmanRuntime/7.19.0 [] {"uid":"b432c25"}
[2019-11-25 02:20:37] UTN FRA LOGGER.INFO: ip =::1 [] {"uid":"b432c25"}
[2019-11-25 02:21:01] UTN FRA LOGGER.INFO: Datos  =PostmanRuntime/7.19.0 [] {"uid":"9e6356a"}
[2019-11-25 02:21:02] UTN FRA LOGGER.INFO: ip =::1 [] {"uid":"9e6356a"}
[2019-11-25 02:21:52] UTN FRA LOGGER.INFO: Datos  =PostmanRuntime/7.19.0 [] {"uid":"15ec84c"}
[2019-11-25 02:21:52] UTN FRA LOGGER.INFO: ip =::1 [] {"uid":"15ec84c"}
[2019-11-25 02:28:01] UTN FRA LOGGER.INFO: Datos  =PostmanRuntime/7.19.0 [] {"uid":"62796d1"}
[2019-11-25 02:28:01] UTN FRA LOGGER.INFO: ip =::1 [] {"uid":"62796d1"}
[2019-11-25 02:29:46] UTN FRA LOGGER.INFO: Datos  =PostmanRuntime/7.19.0 [] {"uid":"3cc2555"}
[2019-11-25 02:29:46] UTN FRA LOGGER.INFO: ip =::1 [] {"uid":"3cc2555"}
[2019-11-25 02:30:30] UTN FRA LOGGER.INFO: Datos  =PostmanRuntime/7.19.0 [] {"uid":"d97545e"}
[2019-11-25 02:30:30] UTN FRA LOGGER.INFO: ip =::1 [] {"uid":"d97545e"}
[2019-11-25 02:49:30] UTN FRA LOGGER.INFO: Datos  =PostmanRuntime/7.19.0 [] {"uid":"741cc32"}
[2019-11-25 02:49:30] UTN FRA LOGGER.INFO: ip =::1 [] {"uid":"741cc32"}
[2019-11-25 02:49:44] UTN FRA LOGGER.INFO: Datos  =PostmanRuntime/7.19.0 [] {"uid":"ae1dcdb"}
[2019-11-25 02:49:44] UTN FRA LOGGER.INFO: ip =::1 [] {"uid":"ae1dcdb"}
[2019-11-25 02:50:19] UTN FRA LOGGER.INFO: Datos  =PostmanRuntime/7.19.0 [] {"uid":"20f2b4f"}
[2019-11-25 02:50:19] UTN FRA LOGGER.INFO: ip =::1 [] {"uid":"20f2b4f"}
[2019-11-25 02:50:38] UTN FRA LOGGER.INFO: Datos  =PostmanRuntime/7.19.0 [] {"uid":"7e78e76"}
[2019-11-25 02:50:38] UTN FRA LOGGER.INFO: ip =::1 [] {"uid":"7e78e76"}
[2019-11-25 02:56:01] UTN FRA LOGGER.INFO: Datos  =PostmanRuntime/7.19.0 [] {"uid":"3af5865"}
[2019-11-25 02:56:01] UTN FRA LOGGER.INFO: ip =::1 [] {"uid":"3af5865"}
[2019-11-25 02:56:03] UTN FRA LOGGER.INFO: Datos  =PostmanRuntime/7.19.0 [] {"uid":"0313dbd"}
[2019-11-25 02:56:03] UTN FRA LOGGER.INFO: ip =::1 [] {"uid":"0313dbd"}
[2019-11-25 02:56:38] UTN FRA LOGGER.INFO: Datos  =PostmanRuntime/7.19.0 [] {"uid":"fd215ad"}
[2019-11-25 02:56:38] UTN FRA LOGGER.INFO: ip =::1 [] {"uid":"fd215ad"}
[2019-11-25 02:57:08] UTN FRA LOGGER.INFO: Datos  =PostmanRuntime/7.19.0 [] {"uid":"0621c11"}
[2019-11-25 02:57:08] UTN FRA LOGGER.INFO: ip =::1 [] {"uid":"0621c11"}
[2019-11-25 02:58:52] UTN FRA LOGGER.INFO: Datos  =PostmanRuntime/7.19.0 [] {"uid":"ad715c0"}
[2019-11-25 02:58:52] UTN FRA LOGGER.INFO: ip =::1 [] {"uid":"ad715c0"}
[2019-11-25 02:59:10] UTN FRA LOGGER.INFO: Datos  =PostmanRuntime/7.19.0 [] {"uid":"a82810b"}
[2019-11-25 02:59:10] UTN FRA LOGGER.INFO: ip =::1 [] {"uid":"a82810b"}
[2019-11-25 02:59:29] UTN FRA LOGGER.INFO: Datos  =PostmanRuntime/7.19.0 [] {"uid":"b2db9ac"}
[2019-11-25 02:59:29] UTN FRA LOGGER.INFO: ip =::1 [] {"uid":"b2db9ac"}
[2019-11-25 02:59:41] UTN FRA LOGGER.INFO: Datos  =PostmanRuntime/7.19.0 [] {"uid":"588617b"}
[2019-11-25 02:59:41] UTN FRA LOGGER.INFO: ip =::1 [] {"uid":"588617b"}
[2019-11-25 03:00:03] UTN FRA LOGGER.INFO: Datos  =PostmanRuntime/7.19.0 [] {"uid":"69eb8bb"}
[2019-11-25 03:00:03] UTN FRA LOGGER.INFO: ip =::1 [] {"uid":"69eb8bb"}
[2019-11-25 03:01:31] UTN FRA LOGGER.INFO: Datos  =PostmanRuntime/7.19.0 [] {"uid":"2865c03"}
[2019-11-25 03:01:31] UTN FRA LOGGER.INFO: ip =::1 [] {"uid":"2865c03"}
[2019-11-25 03:01:33] UTN FRA LOGGER.INFO: Datos  =PostmanRuntime/7.19.0 [] {"uid":"2384191"}
[2019-11-25 03:01:33] UTN FRA LOGGER.INFO: ip =::1 [] {"uid":"2384191"}
[2019-11-25 03:01:45] UTN FRA LOGGER.INFO: Datos  =PostmanRuntime/7.19.0 [] {"uid":"8cfb5f5"}
[2019-11-25 03:01:45] UTN FRA LOGGER.INFO: ip =::1 [] {"uid":"8cfb5f5"}
[2019-11-25 03:02:08] UTN FRA LOGGER.INFO: Datos  =PostmanRuntime/7.19.0 [] {"uid":"8ac571c"}
[2019-11-25 03:02:08] UTN FRA LOGGER.INFO: ip =::1 [] {"uid":"8ac571c"}
[2019-11-25 03:02:10] UTN FRA LOGGER.INFO: Datos  =PostmanRuntime/7.19.0 [] {"uid":"6440fd1"}
[2019-11-25 03:02:10] UTN FRA LOGGER.INFO: ip =::1 [] {"uid":"6440fd1"}
[2019-11-25 03:03:16] UTN FRA LOGGER.INFO: Datos  =PostmanRuntime/7.19.0 [] {"uid":"e856378"}
[2019-11-25 03:03:16] UTN FRA LOGGER.INFO: ip =::1 [] {"uid":"e856378"}
[2019-11-25 03:03:28] UTN FRA LOGGER.INFO: Datos  =PostmanRuntime/7.19.0 [] {"uid":"d4252c5"}
[2019-11-25 03:03:28] UTN FRA LOGGER.INFO: ip =::1 [] {"uid":"d4252c5"}
[2019-11-25 03:04:30] UTN FRA LOGGER.INFO: Datos  =PostmanRuntime/7.19.0 [] {"uid":"66ac77d"}
[2019-11-25 03:04:30] UTN FRA LOGGER.INFO: ip =::1 [] {"uid":"66ac77d"}
[2019-11-25 03:04:38] UTN FRA LOGGER.INFO: Datos  =PostmanRuntime/7.19.0 [] {"uid":"10ae1e4"}
[2019-11-25 03:04:38] UTN FRA LOGGER.INFO: ip =::1 [] {"uid":"10ae1e4"}
[2019-11-25 03:05:14] UTN FRA LOGGER.INFO: Datos  =PostmanRuntime/7.19.0 [] {"uid":"ae0016f"}
[2019-11-25 03:05:14] UTN FRA LOGGER.INFO: ip =::1 [] {"uid":"ae0016f"}
[2019-11-25 03:05:25] UTN FRA LOGGER.INFO: Datos  =PostmanRuntime/7.19.0 [] {"uid":"f81d89a"}
[2019-11-25 03:05:25] UTN FRA LOGGER.INFO: ip =::1 [] {"uid":"f81d89a"}
[2019-11-25 03:05:46] UTN FRA LOGGER.INFO: Datos  =PostmanRuntime/7.19.0 [] {"uid":"d9d8774"}
[2019-11-25 03:05:46] UTN FRA LOGGER.INFO: ip =::1 [] {"uid":"d9d8774"}
[2019-11-25 03:05:48] UTN FRA LOGGER.INFO: Datos  =PostmanRuntime/7.19.0 [] {"uid":"acc8bb6"}
[2019-11-25 03:05:48] UTN FRA LOGGER.INFO: ip =::1 [] {"uid":"acc8bb6"}
[2019-11-25 03:05:50] UTN FRA LOGGER.INFO: Datos  =PostmanRuntime/7.19.0 [] {"uid":"d1acc05"}
[2019-11-25 03:05:50] UTN FRA LOGGER.INFO: ip =::1 [] {"uid":"d1acc05"}
[2019-11-25 03:11:24] UTN FRA LOGGER.INFO: Datos  =PostmanRuntime/7.19.0 [] {"uid":"7fddc03"}
[2019-11-25 03:11:24] UTN FRA LOGGER.INFO: ip =::1 [] {"uid":"7fddc03"}
[2019-11-25 03:11:41] UTN FRA LOGGER.INFO: Datos  =PostmanRuntime/7.19.0 [] {"uid":"c560fd8"}
[2019-11-25 03:11:41] UTN FRA LOGGER.INFO: ip =::1 [] {"uid":"c560fd8"}
[2019-11-25 03:11:51] UTN FRA LOGGER.INFO: Datos  =PostmanRuntime/7.19.0 [] {"uid":"7d055ad"}
[2019-11-25 03:11:51] UTN FRA LOGGER.INFO: ip =::1 [] {"uid":"7d055ad"}
[2019-11-25 03:17:45] UTN FRA LOGGER.INFO: Datos  =PostmanRuntime/7.19.0 [] {"uid":"97de640"}
[2019-11-25 03:17:45] UTN FRA LOGGER.INFO: ip =::1 [] {"uid":"97de640"}
[2019-11-25 03:17:51] UTN FRA LOGGER.INFO: Datos  =PostmanRuntime/7.19.0 [] {"uid":"8162aab"}
[2019-11-25 03:17:51] UTN FRA LOGGER.INFO: ip =::1 [] {"uid":"8162aab"}
[2019-11-25 03:18:11] UTN FRA LOGGER.INFO: Datos  =PostmanRuntime/7.19.0 [] {"uid":"960922b"}
[2019-11-25 03:18:11] UTN FRA LOGGER.INFO: ip =::1 [] {"uid":"960922b"}
[2019-11-25 03:18:16] UTN FRA LOGGER.INFO: Datos  =PostmanRuntime/7.19.0 [] {"uid":"c4380cf"}
[2019-11-25 03:18:16] UTN FRA LOGGER.INFO: ip =::1 [] {"uid":"c4380cf"}
[2019-11-25 03:18:18] UTN FRA LOGGER.INFO: Datos  =PostmanRuntime/7.19.0 [] {"uid":"bc9c4f9"}
[2019-11-25 03:18:18] UTN FRA LOGGER.INFO: ip =::1 [] {"uid":"bc9c4f9"}
[2019-11-25 03:18:30] UTN FRA LOGGER.INFO: Datos  =PostmanRuntime/7.19.0 [] {"uid":"1916428"}
[2019-11-25 03:18:30] UTN FRA LOGGER.INFO: ip =::1 [] {"uid":"1916428"}
[2019-11-25 03:18:32] UTN FRA LOGGER.INFO: Datos  =PostmanRuntime/7.19.0 [] {"uid":"3b15001"}
[2019-11-25 03:18:32] UTN FRA LOGGER.INFO: ip =::1 [] {"uid":"3b15001"}
[2019-11-25 03:18:33] UTN FRA LOGGER.INFO: Datos  =PostmanRuntime/7.19.0 [] {"uid":"79c9775"}
[2019-11-25 03:18:33] UTN FRA LOGGER.INFO: ip =::1 [] {"uid":"79c9775"}
[2019-11-25 03:18:34] UTN FRA LOGGER.INFO: Datos  =PostmanRuntime/7.19.0 [] {"uid":"1c1c5f2"}
[2019-11-25 03:18:34] UTN FRA LOGGER.INFO: ip =::1 [] {"uid":"1c1c5f2"}
[2019-11-25 03:18:35] UTN FRA LOGGER.INFO: Datos  =PostmanRuntime/7.19.0 [] {"uid":"56dc5a9"}
[2019-11-25 03:18:35] UTN FRA LOGGER.INFO: ip =::1 [] {"uid":"56dc5a9"}
[2019-11-25 03:18:36] UTN FRA LOGGER.INFO: Datos  =PostmanRuntime/7.19.0 [] {"uid":"da5e84c"}
[2019-11-25 03:18:36] UTN FRA LOGGER.INFO: ip =::1 [] {"uid":"da5e84c"}
[2019-11-25 03:18:36] UTN FRA LOGGER.INFO: Datos  =PostmanRuntime/7.19.0 [] {"uid":"eb26ca1"}
[2019-11-25 03:18:36] UTN FRA LOGGER.INFO: ip =::1 [] {"uid":"eb26ca1"}
[2019-11-25 03:19:30] UTN FRA LOGGER.INFO: Datos  =PostmanRuntime/7.19.0 [] {"uid":"bad86a6"}
[2019-11-25 03:19:30] UTN FRA LOGGER.INFO: ip =::1 [] {"uid":"bad86a6"}
[2019-11-25 03:19:34] UTN FRA LOGGER.INFO: Datos  =PostmanRuntime/7.19.0 [] {"uid":"a743549"}
[2019-11-25 03:19:34] UTN FRA LOGGER.INFO: ip =::1 [] {"uid":"a743549"}
[2019-11-25 03:19:37] UTN FRA LOGGER.INFO: Datos  =PostmanRuntime/7.19.0 [] {"uid":"a8e43fa"}
[2019-11-25 03:19:37] UTN FRA LOGGER.INFO: ip =::1 [] {"uid":"a8e43fa"}
[2019-11-25 03:19:39] UTN FRA LOGGER.INFO: Datos  =PostmanRuntime/7.19.0 [] {"uid":"0bfa681"}
[2019-11-25 03:19:39] UTN FRA LOGGER.INFO: ip =::1 [] {"uid":"0bfa681"}
[2019-11-25 03:19:40] UTN FRA LOGGER.INFO: Datos  =PostmanRuntime/7.19.0 [] {"uid":"c3fd186"}
[2019-11-25 03:19:40] UTN FRA LOGGER.INFO: ip =::1 [] {"uid":"c3fd186"}
[2019-11-25 03:19:41] UTN FRA LOGGER.INFO: Datos  =PostmanRuntime/7.19.0 [] {"uid":"20769fc"}
[2019-11-25 03:19:41] UTN FRA LOGGER.INFO: ip =::1 [] {"uid":"20769fc"}
[2019-11-25 03:19:41] UTN FRA LOGGER.INFO: Datos  =PostmanRuntime/7.19.0 [] {"uid":"1766a5e"}
[2019-11-25 03:19:41] UTN FRA LOGGER.INFO: ip =::1 [] {"uid":"1766a5e"}
[2019-11-25 03:20:58] UTN FRA LOGGER.INFO: Datos  =PostmanRuntime/7.19.0 [] {"uid":"c282327"}
[2019-11-25 03:20:58] UTN FRA LOGGER.INFO: ip =::1 [] {"uid":"c282327"}
[2019-11-25 03:21:00] UTN FRA LOGGER.INFO: Datos  =PostmanRuntime/7.19.0 [] {"uid":"596e54c"}
[2019-11-25 03:21:00] UTN FRA LOGGER.INFO: ip =::1 [] {"uid":"596e54c"}
[2019-11-25 03:21:47] UTN FRA LOGGER.INFO: Datos  =PostmanRuntime/7.19.0 [] {"uid":"6c8d54b"}
[2019-11-25 03:21:47] UTN FRA LOGGER.INFO: ip =::1 [] {"uid":"6c8d54b"}
[2019-11-25 03:21:49] UTN FRA LOGGER.INFO: Datos  =PostmanRuntime/7.19.0 [] {"uid":"270255b"}
[2019-11-25 03:21:49] UTN FRA LOGGER.INFO: ip =::1 [] {"uid":"270255b"}
[2019-11-25 03:22:15] UTN FRA LOGGER.INFO: Datos  =PostmanRuntime/7.19.0 [] {"uid":"e3502f0"}
[2019-11-25 03:22:15] UTN FRA LOGGER.INFO: ip =::1 [] {"uid":"e3502f0"}
[2019-11-25 03:22:21] UTN FRA LOGGER.INFO: Datos  =PostmanRuntime/7.19.0 [] {"uid":"b11ed32"}
[2019-11-25 03:22:21] UTN FRA LOGGER.INFO: ip =::1 [] {"uid":"b11ed32"}
[2019-11-25 03:22:23] UTN FRA LOGGER.INFO: Datos  =PostmanRuntime/7.19.0 [] {"uid":"17a3202"}
[2019-11-25 03:22:23] UTN FRA LOGGER.INFO: ip =::1 [] {"uid":"17a3202"}
[2019-11-25 03:22:25] UTN FRA LOGGER.INFO: Datos  =PostmanRuntime/7.19.0 [] {"uid":"d8c8bab"}
[2019-11-25 03:22:25] UTN FRA LOGGER.INFO: ip =::1 [] {"uid":"d8c8bab"}
[2019-11-25 03:23:12] UTN FRA LOGGER.INFO: Datos  =PostmanRuntime/7.19.0 [] {"uid":"7c710a9"}
[2019-11-25 03:23:12] UTN FRA LOGGER.INFO: ip =::1 [] {"uid":"7c710a9"}
[2019-11-25 03:23:14] UTN FRA LOGGER.INFO: Datos  =PostmanRuntime/7.19.0 [] {"uid":"dd1004d"}
[2019-11-25 03:23:14] UTN FRA LOGGER.INFO: ip =::1 [] {"uid":"dd1004d"}
[2019-11-25 03:23:19] UTN FRA LOGGER.INFO: Datos  =PostmanRuntime/7.19.0 [] {"uid":"68b2d91"}
[2019-11-25 03:23:19] UTN FRA LOGGER.INFO: ip =::1 [] {"uid":"68b2d91"}
[2019-11-25 03:23:23] UTN FRA LOGGER.INFO: Datos  =PostmanRuntime/7.19.0 [] {"uid":"7109a6e"}
[2019-11-25 03:23:23] UTN FRA LOGGER.INFO: ip =::1 [] {"uid":"7109a6e"}
[2019-11-25 03:23:25] UTN FRA LOGGER.INFO: Datos  =PostmanRuntime/7.19.0 [] {"uid":"dd301aa"}
[2019-11-25 03:23:25] UTN FRA LOGGER.INFO: ip =::1 [] {"uid":"dd301aa"}
[2019-11-25 03:23:26] UTN FRA LOGGER.INFO: Datos  =PostmanRuntime/7.19.0 [] {"uid":"224ff40"}
[2019-11-25 03:23:26] UTN FRA LOGGER.INFO: ip =::1 [] {"uid":"224ff40"}
[2019-11-25 03:23:29] UTN FRA LOGGER.INFO: Datos  =PostmanRuntime/7.19.0 [] {"uid":"8d23dcf"}
[2019-11-25 03:23:29] UTN FRA LOGGER.INFO: ip =::1 [] {"uid":"8d23dcf"}
[2019-11-25 03:23:31] UTN FRA LOGGER.INFO: Datos  =PostmanRuntime/7.19.0 [] {"uid":"e42cb06"}
[2019-11-25 03:23:31] UTN FRA LOGGER.INFO: ip =::1 [] {"uid":"e42cb06"}
[2019-11-25 03:23:33] UTN FRA LOGGER.INFO: Datos  =PostmanRuntime/7.19.0 [] {"uid":"0efde46"}
[2019-11-25 03:23:33] UTN FRA LOGGER.INFO: ip =::1 [] {"uid":"0efde46"}
[2019-11-25 03:23:40] UTN FRA LOGGER.INFO: Datos  =PostmanRuntime/7.19.0 [] {"uid":"917393a"}
[2019-11-25 03:23:40] UTN FRA LOGGER.INFO: ip =::1 [] {"uid":"917393a"}
[2019-11-25 03:23:43] UTN FRA LOGGER.INFO: Datos  =PostmanRuntime/7.19.0 [] {"uid":"8699e85"}
[2019-11-25 03:23:43] UTN FRA LOGGER.INFO: ip =::1 [] {"uid":"8699e85"}
[2019-11-25 03:23:45] UTN FRA LOGGER.INFO: Datos  =PostmanRuntime/7.19.0 [] {"uid":"d565c7c"}
[2019-11-25 03:23:45] UTN FRA LOGGER.INFO: ip =::1 [] {"uid":"d565c7c"}
[2019-11-25 03:24:04] UTN FRA LOGGER.INFO: Datos  =PostmanRuntime/7.19.0 [] {"uid":"e8f4933"}
[2019-11-25 03:24:04] UTN FRA LOGGER.INFO: ip =::1 [] {"uid":"e8f4933"}
[2019-11-25 03:24:07] UTN FRA LOGGER.INFO: Datos  =PostmanRuntime/7.19.0 [] {"uid":"f10b1ff"}
[2019-11-25 03:24:07] UTN FRA LOGGER.INFO: ip =::1 [] {"uid":"f10b1ff"}
[2019-11-25 03:24:12] UTN FRA LOGGER.INFO: Datos  =PostmanRuntime/7.19.0 [] {"uid":"e70230a"}
[2019-11-25 03:24:12] UTN FRA LOGGER.INFO: ip =::1 [] {"uid":"e70230a"}
[2019-11-25 03:30:00] UTN FRA LOGGER.INFO: Datos  =PostmanRuntime/7.19.0 [] {"uid":"47a0aa4"}
[2019-11-25 03:30:00] UTN FRA LOGGER.INFO: ip =::1 [] {"uid":"47a0aa4"}
[2019-11-25 03:30:01] UTN FRA LOGGER.INFO: Datos  =PostmanRuntime/7.19.0 [] {"uid":"433d04d"}
[2019-11-25 03:30:01] UTN FRA LOGGER.INFO: ip =::1 [] {"uid":"433d04d"}
[2019-11-25 03:30:03] UTN FRA LOGGER.INFO: Datos  =PostmanRuntime/7.19.0 [] {"uid":"bd94b61"}
[2019-11-25 03:30:03] UTN FRA LOGGER.INFO: ip =::1 [] {"uid":"bd94b61"}
[2019-11-25 03:30:03] UTN FRA LOGGER.INFO: Datos  =PostmanRuntime/7.19.0 [] {"uid":"1ea371a"}
[2019-11-25 03:30:03] UTN FRA LOGGER.INFO: ip =::1 [] {"uid":"1ea371a"}
[2019-11-25 03:30:06] UTN FRA LOGGER.INFO: Datos  =PostmanRuntime/7.19.0 [] {"uid":"299cf85"}
[2019-11-25 03:30:06] UTN FRA LOGGER.INFO: ip =::1 [] {"uid":"299cf85"}
[2019-11-25 03:30:07] UTN FRA LOGGER.INFO: Datos  =PostmanRuntime/7.19.0 [] {"uid":"074a989"}
[2019-11-25 03:30:07] UTN FRA LOGGER.INFO: ip =::1 [] {"uid":"074a989"}
[2019-11-25 03:30:10] UTN FRA LOGGER.INFO: Datos  =PostmanRuntime/7.19.0 [] {"uid":"eb872db"}
[2019-11-25 03:30:10] UTN FRA LOGGER.INFO: ip =::1 [] {"uid":"eb872db"}
[2019-11-25 03:30:11] UTN FRA LOGGER.INFO: Datos  =PostmanRuntime/7.19.0 [] {"uid":"5de8df1"}
[2019-11-25 03:30:11] UTN FRA LOGGER.INFO: ip =::1 [] {"uid":"5de8df1"}
[2019-11-25 03:30:14] UTN FRA LOGGER.INFO: Datos  =PostmanRuntime/7.19.0 [] {"uid":"dee4b45"}
[2019-11-25 03:30:14] UTN FRA LOGGER.INFO: ip =::1 [] {"uid":"dee4b45"}
[2019-11-25 03:30:40] UTN FRA LOGGER.INFO: Datos  =PostmanRuntime/7.19.0 [] {"uid":"75b8396"}
[2019-11-25 03:30:40] UTN FRA LOGGER.INFO: ip =::1 [] {"uid":"75b8396"}
[2019-11-25 03:30:44] UTN FRA LOGGER.INFO: Datos  =PostmanRuntime/7.19.0 [] {"uid":"ddcfa62"}
[2019-11-25 03:30:44] UTN FRA LOGGER.INFO: ip =::1 [] {"uid":"ddcfa62"}
[2019-11-25 03:30:48] UTN FRA LOGGER.INFO: Datos  =PostmanRuntime/7.19.0 [] {"uid":"1a28720"}
[2019-11-25 03:30:48] UTN FRA LOGGER.INFO: ip =::1 [] {"uid":"1a28720"}
[2019-11-25 03:31:43] UTN FRA LOGGER.INFO: Datos  =PostmanRuntime/7.19.0 [] {"uid":"6540bdb"}
[2019-11-25 03:31:43] UTN FRA LOGGER.INFO: ip =::1 [] {"uid":"6540bdb"}
[2019-11-25 03:31:45] UTN FRA LOGGER.INFO: Datos  =PostmanRuntime/7.19.0 [] {"uid":"414b736"}
[2019-11-25 03:31:45] UTN FRA LOGGER.INFO: ip =::1 [] {"uid":"414b736"}
[2019-11-25 03:31:47] UTN FRA LOGGER.INFO: Datos  =PostmanRuntime/7.19.0 [] {"uid":"55fdd2c"}
[2019-11-25 03:31:47] UTN FRA LOGGER.INFO: ip =::1 [] {"uid":"55fdd2c"}
[2019-11-25 03:31:48] UTN FRA LOGGER.INFO: Datos  =PostmanRuntime/7.19.0 [] {"uid":"457b2d0"}
[2019-11-25 03:31:48] UTN FRA LOGGER.INFO: ip =::1 [] {"uid":"457b2d0"}
[2019-11-25 13:26:38] UTN FRA LOGGER.INFO: Datos  =PostmanRuntime/7.19.0 [] {"uid":"51d44a4"}
[2019-11-25 13:26:38] UTN FRA LOGGER.INFO: ip =::1 [] {"uid":"51d44a4"}
[2019-11-25 13:26:43] UTN FRA LOGGER.INFO: Datos  =PostmanRuntime/7.19.0 [] {"uid":"a04a7d4"}
[2019-11-25 13:26:43] UTN FRA LOGGER.INFO: ip =::1 [] {"uid":"a04a7d4"}
[2019-11-25 13:26:53] UTN FRA LOGGER.INFO: Datos  =PostmanRuntime/7.19.0 [] {"uid":"a7ccc71"}
[2019-11-25 13:26:53] UTN FRA LOGGER.INFO: ip =::1 [] {"uid":"a7ccc71"}
[2019-11-25 13:26:55] UTN FRA LOGGER.INFO: Datos  =PostmanRuntime/7.19.0 [] {"uid":"2e4e1cc"}
[2019-11-25 13:26:55] UTN FRA LOGGER.INFO: ip =::1 [] {"uid":"2e4e1cc"}
[2019-11-25 13:35:15] UTN FRA LOGGER.INFO: Datos  =PostmanRuntime/7.19.0 [] {"uid":"f65397e"}
[2019-11-25 13:35:15] UTN FRA LOGGER.INFO: ip =::1 [] {"uid":"f65397e"}
[2019-11-25 13:35:35] UTN FRA LOGGER.INFO: Datos  =PostmanRuntime/7.19.0 [] {"uid":"e0c40fb"}
[2019-11-25 13:35:35] UTN FRA LOGGER.INFO: ip =::1 [] {"uid":"e0c40fb"}
[2019-11-25 13:36:14] UTN FRA LOGGER.INFO: Datos  =PostmanRuntime/7.19.0 [] {"uid":"2bb53fc"}
[2019-11-25 13:36:14] UTN FRA LOGGER.INFO: ip =::1 [] {"uid":"2bb53fc"}
[2019-11-25 13:36:23] UTN FRA LOGGER.INFO: Datos  =PostmanRuntime/7.19.0 [] {"uid":"c67c7d5"}
[2019-11-25 13:36:23] UTN FRA LOGGER.INFO: ip =::1 [] {"uid":"c67c7d5"}
[2019-11-25 13:37:53] UTN FRA LOGGER.INFO: Datos  =PostmanRuntime/7.19.0 [] {"uid":"b8d999b"}
[2019-11-25 13:37:53] UTN FRA LOGGER.INFO: ip =::1 [] {"uid":"b8d999b"}
[2019-11-25 13:39:03] UTN FRA LOGGER.INFO: Datos  =PostmanRuntime/7.19.0 [] {"uid":"00e5b6f"}
[2019-11-25 13:39:03] UTN FRA LOGGER.INFO: ip =::1 [] {"uid":"00e5b6f"}
[2019-11-25 13:40:09] UTN FRA LOGGER.INFO: Datos  =PostmanRuntime/7.19.0 [] {"uid":"701a990"}
[2019-11-25 13:40:09] UTN FRA LOGGER.INFO: ip =::1 [] {"uid":"701a990"}
[2019-11-25 13:40:25] UTN FRA LOGGER.INFO: Datos  =PostmanRuntime/7.19.0 [] {"uid":"8280d87"}
[2019-11-25 13:40:25] UTN FRA LOGGER.INFO: ip =::1 [] {"uid":"8280d87"}
[2019-11-25 13:42:54] UTN FRA LOGGER.INFO: Datos  =PostmanRuntime/7.19.0 [] {"uid":"5bdcdf5"}
[2019-11-25 13:42:54] UTN FRA LOGGER.INFO: ip =::1 [] {"uid":"5bdcdf5"}
[2019-11-25 13:43:11] UTN FRA LOGGER.INFO: Datos  =PostmanRuntime/7.19.0 [] {"uid":"32e87c1"}
[2019-11-25 13:43:11] UTN FRA LOGGER.INFO: ip =::1 [] {"uid":"32e87c1"}
[2019-11-25 13:43:40] UTN FRA LOGGER.INFO: Datos  =PostmanRuntime/7.19.0 [] {"uid":"dd14e0a"}
[2019-11-25 13:43:40] UTN FRA LOGGER.INFO: ip =::1 [] {"uid":"dd14e0a"}
[2019-11-25 13:44:17] UTN FRA LOGGER.INFO: Datos  =PostmanRuntime/7.19.0 [] {"uid":"7dafea3"}
[2019-11-25 13:44:17] UTN FRA LOGGER.INFO: ip =::1 [] {"uid":"7dafea3"}
[2019-11-25 13:44:46] UTN FRA LOGGER.INFO: Datos  =PostmanRuntime/7.19.0 [] {"uid":"bf81824"}
[2019-11-25 13:44:46] UTN FRA LOGGER.INFO: ip =::1 [] {"uid":"bf81824"}
[2019-11-25 13:45:05] UTN FRA LOGGER.INFO: Datos  =PostmanRuntime/7.19.0 [] {"uid":"a13d9a3"}
[2019-11-25 13:45:05] UTN FRA LOGGER.INFO: ip =::1 [] {"uid":"a13d9a3"}
[2019-11-25 13:45:19] UTN FRA LOGGER.INFO: Datos  =PostmanRuntime/7.19.0 [] {"uid":"d24d937"}
[2019-11-25 13:45:19] UTN FRA LOGGER.INFO: ip =::1 [] {"uid":"d24d937"}
[2019-11-25 13:46:03] UTN FRA LOGGER.INFO: Datos  =PostmanRuntime/7.19.0 [] {"uid":"d8dbf67"}
[2019-11-25 13:46:03] UTN FRA LOGGER.INFO: ip =::1 [] {"uid":"d8dbf67"}
[2019-11-25 13:46:17] UTN FRA LOGGER.INFO: Datos  =PostmanRuntime/7.19.0 [] {"uid":"2508a22"}
[2019-11-25 13:46:17] UTN FRA LOGGER.INFO: ip =::1 [] {"uid":"2508a22"}
[2019-11-25 13:46:30] UTN FRA LOGGER.INFO: Datos  =PostmanRuntime/7.19.0 [] {"uid":"67a3fca"}
[2019-11-25 13:46:30] UTN FRA LOGGER.INFO: ip =::1 [] {"uid":"67a3fca"}
[2019-11-25 13:46:35] UTN FRA LOGGER.INFO: Datos  =PostmanRuntime/7.19.0 [] {"uid":"add563c"}
[2019-11-25 13:46:35] UTN FRA LOGGER.INFO: ip =::1 [] {"uid":"add563c"}
[2019-11-25 13:47:30] UTN FRA LOGGER.INFO: Datos  =PostmanRuntime/7.19.0 [] {"uid":"9f95770"}
[2019-11-25 13:47:30] UTN FRA LOGGER.INFO: ip =::1 [] {"uid":"9f95770"}
[2019-11-25 13:48:18] UTN FRA LOGGER.INFO: Datos  =PostmanRuntime/7.19.0 [] {"uid":"d4bf6bd"}
[2019-11-25 13:48:18] UTN FRA LOGGER.INFO: ip =::1 [] {"uid":"d4bf6bd"}
[2019-11-25 13:50:15] UTN FRA LOGGER.INFO: Datos  =PostmanRuntime/7.19.0 [] {"uid":"5021e6f"}
[2019-11-25 13:50:15] UTN FRA LOGGER.INFO: ip =::1 [] {"uid":"5021e6f"}
[2019-11-25 13:50:43] UTN FRA LOGGER.INFO: Datos  =PostmanRuntime/7.19.0 [] {"uid":"f056999"}
[2019-11-25 13:50:43] UTN FRA LOGGER.INFO: ip =::1 [] {"uid":"f056999"}
[2019-11-25 13:51:50] UTN FRA LOGGER.INFO: Datos  =PostmanRuntime/7.19.0 [] {"uid":"4618120"}
[2019-11-25 13:51:50] UTN FRA LOGGER.INFO: ip =::1 [] {"uid":"4618120"}
[2019-11-25 13:53:09] UTN FRA LOGGER.INFO: Datos  =PostmanRuntime/7.19.0 [] {"uid":"e4ceae9"}
[2019-11-25 13:53:09] UTN FRA LOGGER.INFO: ip =::1 [] {"uid":"e4ceae9"}
[2019-11-25 13:54:49] UTN FRA LOGGER.INFO: Datos  =PostmanRuntime/7.19.0 [] {"uid":"19cc67e"}
[2019-11-25 13:54:49] UTN FRA LOGGER.INFO: ip =::1 [] {"uid":"19cc67e"}
[2019-11-25 13:55:01] UTN FRA LOGGER.INFO: Datos  =PostmanRuntime/7.19.0 [] {"uid":"737f121"}
[2019-11-25 13:55:01] UTN FRA LOGGER.INFO: ip =::1 [] {"uid":"737f121"}
[2019-11-25 13:56:40] UTN FRA LOGGER.INFO: Datos  =PostmanRuntime/7.19.0 [] {"uid":"e218ebe"}
[2019-11-25 13:56:40] UTN FRA LOGGER.INFO: ip =::1 [] {"uid":"e218ebe"}
[2019-11-25 13:56:56] UTN FRA LOGGER.INFO: Datos  =PostmanRuntime/7.19.0 [] {"uid":"fd8b5d9"}
[2019-11-25 13:56:56] UTN FRA LOGGER.INFO: ip =::1 [] {"uid":"fd8b5d9"}
[2019-11-25 13:57:09] UTN FRA LOGGER.INFO: Datos  =PostmanRuntime/7.19.0 [] {"uid":"c40a41a"}
[2019-11-25 13:57:09] UTN FRA LOGGER.INFO: ip =::1 [] {"uid":"c40a41a"}
[2019-11-25 13:57:49] UTN FRA LOGGER.INFO: Datos  =PostmanRuntime/7.19.0 [] {"uid":"155327c"}
[2019-11-25 13:57:49] UTN FRA LOGGER.INFO: ip =::1 [] {"uid":"155327c"}
[2019-11-25 14:13:46] UTN FRA LOGGER.INFO: Datos  =PostmanRuntime/7.19.0 [] {"uid":"f1ccac6"}
[2019-11-25 14:13:46] UTN FRA LOGGER.INFO: ip =::1 [] {"uid":"f1ccac6"}
[2019-11-25 14:14:03] UTN FRA LOGGER.INFO: Datos  =PostmanRuntime/7.19.0 [] {"uid":"31ef4ac"}
[2019-11-25 14:14:03] UTN FRA LOGGER.INFO: ip =::1 [] {"uid":"31ef4ac"}
[2019-11-25 14:16:09] UTN FRA LOGGER.INFO: Datos  =PostmanRuntime/7.19.0 [] {"uid":"b7d2827"}
[2019-11-25 14:16:09] UTN FRA LOGGER.INFO: ip =::1 [] {"uid":"b7d2827"}
[2019-11-25 14:16:21] UTN FRA LOGGER.INFO: Datos  =PostmanRuntime/7.19.0 [] {"uid":"c2d88ef"}
[2019-11-25 14:16:21] UTN FRA LOGGER.INFO: ip =::1 [] {"uid":"c2d88ef"}
[2019-11-25 14:18:34] UTN FRA LOGGER.INFO: Datos  =PostmanRuntime/7.19.0 [] {"uid":"a97afad"}
[2019-11-25 14:18:34] UTN FRA LOGGER.INFO: ip =::1 [] {"uid":"a97afad"}
[2019-11-25 14:18:53] UTN FRA LOGGER.INFO: Datos  =PostmanRuntime/7.19.0 [] {"uid":"38b9c1e"}
[2019-11-25 14:18:53] UTN FRA LOGGER.INFO: ip =::1 [] {"uid":"38b9c1e"}
[2019-11-25 14:19:32] UTN FRA LOGGER.INFO: Datos  =PostmanRuntime/7.19.0 [] {"uid":"911c679"}
[2019-11-25 14:19:32] UTN FRA LOGGER.INFO: ip =::1 [] {"uid":"911c679"}
[2019-11-25 14:20:09] UTN FRA LOGGER.INFO: Datos  =PostmanRuntime/7.19.0 [] {"uid":"247f7b9"}
[2019-11-25 14:20:09] UTN FRA LOGGER.INFO: ip =::1 [] {"uid":"247f7b9"}
[2019-11-25 14:20:22] UTN FRA LOGGER.INFO: Datos  =PostmanRuntime/7.19.0 [] {"uid":"15d154e"}
[2019-11-25 14:20:22] UTN FRA LOGGER.INFO: ip =::1 [] {"uid":"15d154e"}
[2019-11-25 14:21:33] UTN FRA LOGGER.INFO: Datos  =PostmanRuntime/7.19.0 [] {"uid":"185d9a1"}
[2019-11-25 14:21:33] UTN FRA LOGGER.INFO: ip =::1 [] {"uid":"185d9a1"}
[2019-11-25 14:22:59] UTN FRA LOGGER.INFO: Datos  =PostmanRuntime/7.19.0 [] {"uid":"a42ea14"}
[2019-11-25 14:22:59] UTN FRA LOGGER.INFO: ip =::1 [] {"uid":"a42ea14"}
[2019-11-25 14:23:45] UTN FRA LOGGER.INFO: Datos  =PostmanRuntime/7.19.0 [] {"uid":"3331bed"}
[2019-11-25 14:23:45] UTN FRA LOGGER.INFO: ip =::1 [] {"uid":"3331bed"}
[2019-11-25 14:24:32] UTN FRA LOGGER.INFO: Datos  =PostmanRuntime/7.19.0 [] {"uid":"251ca29"}
[2019-11-25 14:24:32] UTN FRA LOGGER.INFO: ip =::1 [] {"uid":"251ca29"}
[2019-11-25 14:26:23] UTN FRA LOGGER.INFO: Datos  =PostmanRuntime/7.19.0 [] {"uid":"118d6d2"}
[2019-11-25 14:26:23] UTN FRA LOGGER.INFO: ip =::1 [] {"uid":"118d6d2"}
[2019-11-25 14:27:13] UTN FRA LOGGER.INFO: Datos  =PostmanRuntime/7.19.0 [] {"uid":"391e381"}
[2019-11-25 14:27:13] UTN FRA LOGGER.INFO: ip =::1 [] {"uid":"391e381"}
[2019-11-25 14:27:15] UTN FRA LOGGER.INFO: Datos  =PostmanRuntime/7.19.0 [] {"uid":"3a0742b"}
[2019-11-25 14:27:15] UTN FRA LOGGER.INFO: ip =::1 [] {"uid":"3a0742b"}
[2019-11-25 14:27:29] UTN FRA LOGGER.INFO: Datos  =PostmanRuntime/7.19.0 [] {"uid":"baf5c65"}
[2019-11-25 14:27:29] UTN FRA LOGGER.INFO: ip =::1 [] {"uid":"baf5c65"}
[2019-11-25 14:27:54] UTN FRA LOGGER.INFO: Datos  =PostmanRuntime/7.19.0 [] {"uid":"1712b52"}
[2019-11-25 14:27:54] UTN FRA LOGGER.INFO: ip =::1 [] {"uid":"1712b52"}
[2019-11-25 14:28:18] UTN FRA LOGGER.INFO: Datos  =PostmanRuntime/7.19.0 [] {"uid":"b5e63ff"}
[2019-11-25 14:28:18] UTN FRA LOGGER.INFO: ip =::1 [] {"uid":"b5e63ff"}
[2019-11-25 14:28:30] UTN FRA LOGGER.INFO: Datos  =PostmanRuntime/7.19.0 [] {"uid":"d755135"}
[2019-11-25 14:28:30] UTN FRA LOGGER.INFO: ip =::1 [] {"uid":"d755135"}
[2019-11-25 14:29:16] UTN FRA LOGGER.INFO: Datos  =PostmanRuntime/7.19.0 [] {"uid":"a52902d"}
[2019-11-25 14:29:16] UTN FRA LOGGER.INFO: ip =::1 [] {"uid":"a52902d"}
[2019-11-25 14:29:23] UTN FRA LOGGER.INFO: Datos  =PostmanRuntime/7.19.0 [] {"uid":"361582f"}
[2019-11-25 14:29:23] UTN FRA LOGGER.INFO: ip =::1 [] {"uid":"361582f"}
[2019-11-25 14:29:49] UTN FRA LOGGER.INFO: Datos  =PostmanRuntime/7.19.0 [] {"uid":"7c5f49a"}
[2019-11-25 14:29:49] UTN FRA LOGGER.INFO: ip =::1 [] {"uid":"7c5f49a"}
[2019-11-25 14:30:18] UTN FRA LOGGER.INFO: Datos  =PostmanRuntime/7.19.0 [] {"uid":"94af8d4"}
[2019-11-25 14:30:18] UTN FRA LOGGER.INFO: ip =::1 [] {"uid":"94af8d4"}
[2019-11-25 14:30:22] UTN FRA LOGGER.INFO: Datos  =PostmanRuntime/7.19.0 [] {"uid":"5c8a4a4"}
[2019-11-25 14:30:22] UTN FRA LOGGER.INFO: ip =::1 [] {"uid":"5c8a4a4"}
[2019-11-25 14:42:50] UTN FRA LOGGER.INFO: Datos  =PostmanRuntime/7.19.0 [] {"uid":"94b051b"}
[2019-11-25 14:42:50] UTN FRA LOGGER.INFO: ip =::1 [] {"uid":"94b051b"}
[2019-11-25 14:43:05] UTN FRA LOGGER.INFO: Datos  =PostmanRuntime/7.19.0 [] {"uid":"3b099be"}
[2019-11-25 14:43:05] UTN FRA LOGGER.INFO: ip =::1 [] {"uid":"3b099be"}
[2019-11-25 14:43:07] UTN FRA LOGGER.INFO: Datos  =PostmanRuntime/7.19.0 [] {"uid":"82a9542"}
[2019-11-25 14:43:07] UTN FRA LOGGER.INFO: ip =::1 [] {"uid":"82a9542"}
[2019-11-25 14:44:15] UTN FRA LOGGER.INFO: Datos  =PostmanRuntime/7.19.0 [] {"uid":"2628249"}
[2019-11-25 14:44:15] UTN FRA LOGGER.INFO: ip =::1 [] {"uid":"2628249"}
[2019-11-25 14:44:49] UTN FRA LOGGER.INFO: Datos  =PostmanRuntime/7.19.0 [] {"uid":"1c1f82f"}
[2019-11-25 14:44:49] UTN FRA LOGGER.INFO: ip =::1 [] {"uid":"1c1f82f"}
[2019-11-25 14:45:07] UTN FRA LOGGER.INFO: Datos  =PostmanRuntime/7.19.0 [] {"uid":"cebaa9a"}
[2019-11-25 14:45:07] UTN FRA LOGGER.INFO: ip =::1 [] {"uid":"cebaa9a"}
[2019-11-25 14:49:27] UTN FRA LOGGER.INFO: Datos  =PostmanRuntime/7.19.0 [] {"uid":"ddd5758"}
[2019-11-25 14:49:27] UTN FRA LOGGER.INFO: ip =::1 [] {"uid":"ddd5758"}
[2019-11-25 14:49:34] UTN FRA LOGGER.INFO: Datos  =PostmanRuntime/7.19.0 [] {"uid":"1b8cf59"}
[2019-11-25 14:49:34] UTN FRA LOGGER.INFO: ip =::1 [] {"uid":"1b8cf59"}
[2019-11-25 14:49:45] UTN FRA LOGGER.INFO: Datos  =PostmanRuntime/7.19.0 [] {"uid":"8a156f3"}
[2019-11-25 14:49:45] UTN FRA LOGGER.INFO: ip =::1 [] {"uid":"8a156f3"}
[2019-11-25 14:50:08] UTN FRA LOGGER.INFO: Datos  =PostmanRuntime/7.19.0 [] {"uid":"376d2cc"}
[2019-11-25 14:50:08] UTN FRA LOGGER.INFO: ip =::1 [] {"uid":"376d2cc"}
[2019-11-25 14:50:38] UTN FRA LOGGER.INFO: Datos  =PostmanRuntime/7.19.0 [] {"uid":"7855c6a"}
[2019-11-25 14:50:38] UTN FRA LOGGER.INFO: ip =::1 [] {"uid":"7855c6a"}
[2019-11-25 14:50:48] UTN FRA LOGGER.INFO: Datos  =PostmanRuntime/7.19.0 [] {"uid":"353a92e"}
[2019-11-25 14:50:48] UTN FRA LOGGER.INFO: ip =::1 [] {"uid":"353a92e"}
[2019-11-25 14:50:58] UTN FRA LOGGER.INFO: Datos  =PostmanRuntime/7.19.0 [] {"uid":"e079703"}
[2019-11-25 14:50:58] UTN FRA LOGGER.INFO: ip =::1 [] {"uid":"e079703"}
[2019-11-25 14:51:07] UTN FRA LOGGER.INFO: Datos  =PostmanRuntime/7.19.0 [] {"uid":"943fb02"}
[2019-11-25 14:51:07] UTN FRA LOGGER.INFO: ip =::1 [] {"uid":"943fb02"}
[2019-11-25 14:51:13] UTN FRA LOGGER.INFO: Datos  =PostmanRuntime/7.19.0 [] {"uid":"f3bd43e"}
[2019-11-25 14:51:13] UTN FRA LOGGER.INFO: ip =::1 [] {"uid":"f3bd43e"}
[2019-11-25 14:51:18] UTN FRA LOGGER.INFO: Datos  =PostmanRuntime/7.19.0 [] {"uid":"0ee78fd"}
[2019-11-25 14:51:18] UTN FRA LOGGER.INFO: ip =::1 [] {"uid":"0ee78fd"}
[2019-11-25 14:51:32] UTN FRA LOGGER.INFO: Datos  =PostmanRuntime/7.19.0 [] {"uid":"1503fdc"}
[2019-11-25 14:51:32] UTN FRA LOGGER.INFO: ip =::1 [] {"uid":"1503fdc"}
[2019-11-25 14:51:41] UTN FRA LOGGER.INFO: Datos  =PostmanRuntime/7.19.0 [] {"uid":"dc37744"}
[2019-11-25 14:51:41] UTN FRA LOGGER.INFO: ip =::1 [] {"uid":"dc37744"}
[2019-11-25 14:51:44] UTN FRA LOGGER.INFO: Datos  =PostmanRuntime/7.19.0 [] {"uid":"f1e1848"}
[2019-11-25 14:51:44] UTN FRA LOGGER.INFO: ip =::1 [] {"uid":"f1e1848"}
[2019-11-25 14:51:46] UTN FRA LOGGER.INFO: Datos  =PostmanRuntime/7.19.0 [] {"uid":"fbb44b2"}
[2019-11-25 14:51:46] UTN FRA LOGGER.INFO: ip =::1 [] {"uid":"fbb44b2"}
[2019-11-25 14:51:48] UTN FRA LOGGER.INFO: Datos  =PostmanRuntime/7.19.0 [] {"uid":"f927bc5"}
[2019-11-25 14:51:48] UTN FRA LOGGER.INFO: ip =::1 [] {"uid":"f927bc5"}
[2019-11-25 14:51:51] UTN FRA LOGGER.INFO: Datos  =PostmanRuntime/7.19.0 [] {"uid":"c5afce3"}
[2019-11-25 14:51:51] UTN FRA LOGGER.INFO: ip =::1 [] {"uid":"c5afce3"}
[2019-11-25 14:51:53] UTN FRA LOGGER.INFO: Datos  =PostmanRuntime/7.19.0 [] {"uid":"94b033e"}
[2019-11-25 14:51:53] UTN FRA LOGGER.INFO: ip =::1 [] {"uid":"94b033e"}
[2019-11-25 14:52:00] UTN FRA LOGGER.INFO: Datos  =PostmanRuntime/7.19.0 [] {"uid":"c5170f8"}
[2019-11-25 14:52:00] UTN FRA LOGGER.INFO: ip =::1 [] {"uid":"c5170f8"}
[2019-11-25 15:08:07] UTN FRA LOGGER.INFO: Datos  =PostmanRuntime/7.19.0 [] {"uid":"63ece9e"}
[2019-11-25 15:08:07] UTN FRA LOGGER.INFO: ip =::1 [] {"uid":"63ece9e"}
[2019-11-25 15:08:35] UTN FRA LOGGER.INFO: Datos  =PostmanRuntime/7.19.0 [] {"uid":"53f1804"}
[2019-11-25 15:08:35] UTN FRA LOGGER.INFO: ip =::1 [] {"uid":"53f1804"}
[2019-11-25 15:08:37] UTN FRA LOGGER.INFO: Datos  =PostmanRuntime/7.19.0 [] {"uid":"00ce978"}
[2019-11-25 15:08:37] UTN FRA LOGGER.INFO: ip =::1 [] {"uid":"00ce978"}
[2019-11-25 15:09:03] UTN FRA LOGGER.INFO: Datos  =PostmanRuntime/7.19.0 [] {"uid":"53f3543"}
[2019-11-25 15:09:03] UTN FRA LOGGER.INFO: ip =::1 [] {"uid":"53f3543"}
[2019-11-25 15:09:23] UTN FRA LOGGER.INFO: Datos  =PostmanRuntime/7.19.0 [] {"uid":"cf58e9d"}
[2019-11-25 15:09:23] UTN FRA LOGGER.INFO: ip =::1 [] {"uid":"cf58e9d"}
[2019-11-25 15:10:33] UTN FRA LOGGER.INFO: Datos  =PostmanRuntime/7.19.0 [] {"uid":"9e60e8d"}
[2019-11-25 15:10:33] UTN FRA LOGGER.INFO: ip =::1 [] {"uid":"9e60e8d"}
[2019-11-25 15:10:52] UTN FRA LOGGER.INFO: Datos  =PostmanRuntime/7.19.0 [] {"uid":"aaccb80"}
[2019-11-25 15:10:52] UTN FRA LOGGER.INFO: ip =::1 [] {"uid":"aaccb80"}
[2019-11-25 15:11:27] UTN FRA LOGGER.INFO: Datos  =PostmanRuntime/7.19.0 [] {"uid":"20ca4d2"}
[2019-11-25 15:11:27] UTN FRA LOGGER.INFO: ip =::1 [] {"uid":"20ca4d2"}
[2019-11-25 15:11:48] UTN FRA LOGGER.INFO: Datos  =PostmanRuntime/7.19.0 [] {"uid":"b9141cf"}
[2019-11-25 15:11:48] UTN FRA LOGGER.INFO: ip =::1 [] {"uid":"b9141cf"}
[2019-11-25 15:12:16] UTN FRA LOGGER.INFO: Datos  =PostmanRuntime/7.19.0 [] {"uid":"cb6cf0a"}
[2019-11-25 15:12:16] UTN FRA LOGGER.INFO: ip =::1 [] {"uid":"cb6cf0a"}
[2019-11-25 15:12:33] UTN FRA LOGGER.INFO: Datos  =PostmanRuntime/7.19.0 [] {"uid":"caa8cdb"}
[2019-11-25 15:12:33] UTN FRA LOGGER.INFO: ip =::1 [] {"uid":"caa8cdb"}
[2019-11-25 15:13:05] UTN FRA LOGGER.INFO: Datos  =PostmanRuntime/7.19.0 [] {"uid":"e41b6e4"}
[2019-11-25 15:13:05] UTN FRA LOGGER.INFO: ip =::1 [] {"uid":"e41b6e4"}
[2019-11-25 15:17:22] UTN FRA LOGGER.INFO: Datos  =PostmanRuntime/7.19.0 [] {"uid":"e0b0332"}
[2019-11-25 15:17:22] UTN FRA LOGGER.INFO: ip =::1 [] {"uid":"e0b0332"}
[2019-11-25 15:22:24] UTN FRA LOGGER.INFO: Datos  =PostmanRuntime/7.19.0 [] {"uid":"df9fa7c"}
[2019-11-25 15:22:24] UTN FRA LOGGER.INFO: ip =::1 [] {"uid":"df9fa7c"}
[2019-11-25 15:22:38] UTN FRA LOGGER.INFO: Datos  =PostmanRuntime/7.19.0 [] {"uid":"c782e07"}
[2019-11-25 15:22:38] UTN FRA LOGGER.INFO: ip =::1 [] {"uid":"c782e07"}
[2019-11-25 15:22:43] UTN FRA LOGGER.INFO: Datos  =PostmanRuntime/7.19.0 [] {"uid":"9b49236"}
[2019-11-25 15:22:43] UTN FRA LOGGER.INFO: ip =::1 [] {"uid":"9b49236"}
[2019-11-25 15:25:46] UTN FRA LOGGER.INFO: Datos  =PostmanRuntime/7.19.0 [] {"uid":"f58a752"}
[2019-11-25 15:25:46] UTN FRA LOGGER.INFO: ip =::1 [] {"uid":"f58a752"}
[2019-11-25 15:25:58] UTN FRA LOGGER.INFO: Datos  =PostmanRuntime/7.19.0 [] {"uid":"cc41204"}
[2019-11-25 15:25:58] UTN FRA LOGGER.INFO: ip =::1 [] {"uid":"cc41204"}
[2019-11-25 15:26:10] UTN FRA LOGGER.INFO: Datos  =PostmanRuntime/7.19.0 [] {"uid":"85cc896"}
[2019-11-25 15:26:10] UTN FRA LOGGER.INFO: ip =::1 [] {"uid":"85cc896"}
[2019-11-25 15:26:23] UTN FRA LOGGER.INFO: Datos  =PostmanRuntime/7.19.0 [] {"uid":"722f72d"}
[2019-11-25 15:26:23] UTN FRA LOGGER.INFO: ip =::1 [] {"uid":"722f72d"}
[2019-11-25 15:27:04] UTN FRA LOGGER.INFO: Datos  =PostmanRuntime/7.19.0 [] {"uid":"716d9ef"}
[2019-11-25 15:27:04] UTN FRA LOGGER.INFO: ip =::1 [] {"uid":"716d9ef"}
[2019-11-25 15:27:54] UTN FRA LOGGER.INFO: Datos  =PostmanRuntime/7.19.0 [] {"uid":"7979e60"}
[2019-11-25 15:27:54] UTN FRA LOGGER.INFO: ip =::1 [] {"uid":"7979e60"}
[2019-11-25 15:28:00] UTN FRA LOGGER.INFO: Datos  =PostmanRuntime/7.19.0 [] {"uid":"3d288c3"}
[2019-11-25 15:28:00] UTN FRA LOGGER.INFO: ip =::1 [] {"uid":"3d288c3"}
[2019-11-25 15:28:19] UTN FRA LOGGER.INFO: Datos  =PostmanRuntime/7.19.0 [] {"uid":"5f52096"}
[2019-11-25 15:28:19] UTN FRA LOGGER.INFO: ip =::1 [] {"uid":"5f52096"}
[2019-11-25 15:28:32] UTN FRA LOGGER.INFO: Datos  =PostmanRuntime/7.19.0 [] {"uid":"01b208c"}
[2019-11-25 15:28:32] UTN FRA LOGGER.INFO: ip =::1 [] {"uid":"01b208c"}
[2019-11-25 15:28:47] UTN FRA LOGGER.INFO: Datos  =PostmanRuntime/7.19.0 [] {"uid":"c9a4249"}
[2019-11-25 15:28:47] UTN FRA LOGGER.INFO: ip =::1 [] {"uid":"c9a4249"}
[2019-11-25 15:29:01] UTN FRA LOGGER.INFO: Datos  =PostmanRuntime/7.19.0 [] {"uid":"a828620"}
[2019-11-25 15:29:01] UTN FRA LOGGER.INFO: ip =::1 [] {"uid":"a828620"}
[2019-11-25 15:29:32] UTN FRA LOGGER.INFO: Datos  =PostmanRuntime/7.19.0 [] {"uid":"138da44"}
[2019-11-25 15:29:32] UTN FRA LOGGER.INFO: ip =::1 [] {"uid":"138da44"}
[2019-11-25 15:29:56] UTN FRA LOGGER.INFO: Datos  =PostmanRuntime/7.19.0 [] {"uid":"d6905da"}
[2019-11-25 15:29:56] UTN FRA LOGGER.INFO: ip =::1 [] {"uid":"d6905da"}
[2019-11-25 15:30:55] UTN FRA LOGGER.INFO: Datos  =PostmanRuntime/7.19.0 [] {"uid":"157a746"}
[2019-11-25 15:30:55] UTN FRA LOGGER.INFO: ip =::1 [] {"uid":"157a746"}
[2019-11-25 15:31:03] UTN FRA LOGGER.INFO: Datos  =PostmanRuntime/7.19.0 [] {"uid":"45b5533"}
[2019-11-25 15:31:03] UTN FRA LOGGER.INFO: ip =::1 [] {"uid":"45b5533"}
[2019-11-25 15:31:11] UTN FRA LOGGER.INFO: Datos  =PostmanRuntime/7.19.0 [] {"uid":"8e1ef1a"}
[2019-11-25 15:31:11] UTN FRA LOGGER.INFO: ip =::1 [] {"uid":"8e1ef1a"}
[2019-11-25 15:31:33] UTN FRA LOGGER.INFO: Datos  =PostmanRuntime/7.19.0 [] {"uid":"c9300c9"}
[2019-11-25 15:31:33] UTN FRA LOGGER.INFO: ip =::1 [] {"uid":"c9300c9"}
[2019-11-25 15:32:27] UTN FRA LOGGER.INFO: Datos  =PostmanRuntime/7.19.0 [] {"uid":"f7248ef"}
[2019-11-25 15:32:27] UTN FRA LOGGER.INFO: ip =::1 [] {"uid":"f7248ef"}
[2019-11-25 15:33:45] UTN FRA LOGGER.INFO: Datos  =PostmanRuntime/7.19.0 [] {"uid":"7c369fc"}
[2019-11-25 15:33:45] UTN FRA LOGGER.INFO: ip =::1 [] {"uid":"7c369fc"}
[2019-11-25 15:36:00] UTN FRA LOGGER.INFO: Datos  =PostmanRuntime/7.19.0 [] {"uid":"ba9133e"}
[2019-11-25 15:36:00] UTN FRA LOGGER.INFO: ip =::1 [] {"uid":"ba9133e"}
[2019-11-25 15:38:20] UTN FRA LOGGER.INFO: Datos  =PostmanRuntime/7.19.0 [] {"uid":"3d4e211"}
[2019-11-25 15:38:20] UTN FRA LOGGER.INFO: ip =::1 [] {"uid":"3d4e211"}
[2019-11-25 15:38:40] UTN FRA LOGGER.INFO: Datos  =PostmanRuntime/7.19.0 [] {"uid":"9ce1b87"}
[2019-11-25 15:38:40] UTN FRA LOGGER.INFO: ip =::1 [] {"uid":"9ce1b87"}
[2019-11-25 15:38:55] UTN FRA LOGGER.INFO: Datos  =PostmanRuntime/7.19.0 [] {"uid":"c08979f"}
[2019-11-25 15:38:55] UTN FRA LOGGER.INFO: ip =::1 [] {"uid":"c08979f"}
[2019-11-25 15:42:03] UTN FRA LOGGER.INFO: Datos  =PostmanRuntime/7.19.0 [] {"uid":"5f9851f"}
[2019-11-25 15:42:03] UTN FRA LOGGER.INFO: ip =::1 [] {"uid":"5f9851f"}
[2019-11-25 15:44:16] UTN FRA LOGGER.INFO: Datos  =PostmanRuntime/7.19.0 [] {"uid":"da0f747"}
[2019-11-25 15:44:16] UTN FRA LOGGER.INFO: ip =::1 [] {"uid":"da0f747"}
[2019-11-25 15:44:58] UTN FRA LOGGER.INFO: Datos  =PostmanRuntime/7.19.0 [] {"uid":"139f924"}
[2019-11-25 15:44:58] UTN FRA LOGGER.INFO: ip =::1 [] {"uid":"139f924"}
[2019-11-25 15:45:28] UTN FRA LOGGER.INFO: Datos  =PostmanRuntime/7.19.0 [] {"uid":"c1f88f8"}
[2019-11-25 15:45:28] UTN FRA LOGGER.INFO: ip =::1 [] {"uid":"c1f88f8"}
[2019-11-25 15:45:31] UTN FRA LOGGER.INFO: Datos  =PostmanRuntime/7.19.0 [] {"uid":"6e45f68"}
[2019-11-25 15:45:31] UTN FRA LOGGER.INFO: ip =::1 [] {"uid":"6e45f68"}
[2019-11-25 15:46:17] UTN FRA LOGGER.INFO: Datos  =PostmanRuntime/7.19.0 [] {"uid":"67eef0c"}
[2019-11-25 15:46:17] UTN FRA LOGGER.INFO: ip =::1 [] {"uid":"67eef0c"}
[2019-11-25 15:49:32] UTN FRA LOGGER.INFO: Datos  =PostmanRuntime/7.19.0 [] {"uid":"057002c"}
[2019-11-25 15:49:32] UTN FRA LOGGER.INFO: ip =::1 [] {"uid":"057002c"}
[2019-11-25 15:49:53] UTN FRA LOGGER.INFO: Datos  =PostmanRuntime/7.19.0 [] {"uid":"6f0f23d"}
[2019-11-25 15:49:53] UTN FRA LOGGER.INFO: ip =::1 [] {"uid":"6f0f23d"}
[2019-11-25 15:50:03] UTN FRA LOGGER.INFO: Datos  =PostmanRuntime/7.19.0 [] {"uid":"fd80a94"}
[2019-11-25 15:50:03] UTN FRA LOGGER.INFO: ip =::1 [] {"uid":"fd80a94"}
[2019-11-25 15:50:28] UTN FRA LOGGER.INFO: Datos  =PostmanRuntime/7.19.0 [] {"uid":"40af564"}
[2019-11-25 15:50:28] UTN FRA LOGGER.INFO: ip =::1 [] {"uid":"40af564"}
[2019-11-25 15:51:05] UTN FRA LOGGER.INFO: Datos  =PostmanRuntime/7.19.0 [] {"uid":"703d6ab"}
[2019-11-25 15:51:05] UTN FRA LOGGER.INFO: ip =::1 [] {"uid":"703d6ab"}
[2019-11-25 15:51:19] UTN FRA LOGGER.INFO: Datos  =PostmanRuntime/7.19.0 [] {"uid":"51a511c"}
[2019-11-25 15:51:19] UTN FRA LOGGER.INFO: ip =::1 [] {"uid":"51a511c"}
[2019-11-25 15:51:27] UTN FRA LOGGER.INFO: Datos  =PostmanRuntime/7.19.0 [] {"uid":"a4abbfb"}
[2019-11-25 15:51:27] UTN FRA LOGGER.INFO: ip =::1 [] {"uid":"a4abbfb"}
[2019-11-25 16:17:21] UTN FRA LOGGER.INFO: Datos  =PostmanRuntime/7.19.0 [] {"uid":"29849bd"}
[2019-11-25 16:17:21] UTN FRA LOGGER.INFO: ip =::1 [] {"uid":"29849bd"}
[2019-11-25 16:17:31] UTN FRA LOGGER.INFO: Datos  =PostmanRuntime/7.19.0 [] {"uid":"b2f872d"}
[2019-11-25 16:17:31] UTN FRA LOGGER.INFO: ip =::1 [] {"uid":"b2f872d"}
[2019-11-25 16:17:36] UTN FRA LOGGER.INFO: Datos  =PostmanRuntime/7.19.0 [] {"uid":"9cadb74"}
[2019-11-25 16:17:36] UTN FRA LOGGER.INFO: ip =::1 [] {"uid":"9cadb74"}
[2019-11-25 16:17:39] UTN FRA LOGGER.INFO: Datos  =PostmanRuntime/7.19.0 [] {"uid":"ace0fdf"}
[2019-11-25 16:17:39] UTN FRA LOGGER.INFO: ip =::1 [] {"uid":"ace0fdf"}
[2019-11-25 16:17:41] UTN FRA LOGGER.INFO: Datos  =PostmanRuntime/7.19.0 [] {"uid":"6d970cb"}
[2019-11-25 16:17:41] UTN FRA LOGGER.INFO: ip =::1 [] {"uid":"6d970cb"}
[2019-11-25 16:17:42] UTN FRA LOGGER.INFO: Datos  =PostmanRuntime/7.19.0 [] {"uid":"742ec9f"}
[2019-11-25 16:17:42] UTN FRA LOGGER.INFO: ip =::1 [] {"uid":"742ec9f"}
[2019-11-25 16:17:46] UTN FRA LOGGER.INFO: Datos  =PostmanRuntime/7.19.0 [] {"uid":"6207940"}
[2019-11-25 16:17:46] UTN FRA LOGGER.INFO: ip =::1 [] {"uid":"6207940"}
[2019-11-25 16:17:47] UTN FRA LOGGER.INFO: Datos  =PostmanRuntime/7.19.0 [] {"uid":"ef54780"}
[2019-11-25 16:17:47] UTN FRA LOGGER.INFO: ip =::1 [] {"uid":"ef54780"}
[2019-11-25 16:17:48] UTN FRA LOGGER.INFO: Datos  =PostmanRuntime/7.19.0 [] {"uid":"acee854"}
[2019-11-25 16:17:48] UTN FRA LOGGER.INFO: ip =::1 [] {"uid":"acee854"}
[2019-11-25 16:17:53] UTN FRA LOGGER.INFO: Datos  =PostmanRuntime/7.19.0 [] {"uid":"6161b9f"}
[2019-11-25 16:17:53] UTN FRA LOGGER.INFO: ip =::1 [] {"uid":"6161b9f"}
[2019-11-25 16:17:54] UTN FRA LOGGER.INFO: Datos  =PostmanRuntime/7.19.0 [] {"uid":"6258647"}
[2019-11-25 16:17:54] UTN FRA LOGGER.INFO: ip =::1 [] {"uid":"6258647"}
[2019-11-25 16:17:57] UTN FRA LOGGER.INFO: Datos  =PostmanRuntime/7.19.0 [] {"uid":"087a43f"}
[2019-11-25 16:17:57] UTN FRA LOGGER.INFO: ip =::1 [] {"uid":"087a43f"}
[2019-11-25 16:17:58] UTN FRA LOGGER.INFO: Datos  =PostmanRuntime/7.19.0 [] {"uid":"7963f50"}
[2019-11-25 16:17:58] UTN FRA LOGGER.INFO: ip =::1 [] {"uid":"7963f50"}
[2019-11-25 16:18:31] UTN FRA LOGGER.INFO: Datos  =PostmanRuntime/7.19.0 [] {"uid":"60b9df0"}
[2019-11-25 16:18:31] UTN FRA LOGGER.INFO: ip =::1 [] {"uid":"60b9df0"}
[2019-11-25 16:18:36] UTN FRA LOGGER.INFO: Datos  =PostmanRuntime/7.19.0 [] {"uid":"ee8c36c"}
[2019-11-25 16:18:36] UTN FRA LOGGER.INFO: ip =::1 [] {"uid":"ee8c36c"}
[2019-11-25 16:18:46] UTN FRA LOGGER.INFO: Datos  =PostmanRuntime/7.19.0 [] {"uid":"4318a69"}
[2019-11-25 16:18:46] UTN FRA LOGGER.INFO: ip =::1 [] {"uid":"4318a69"}
[2019-11-25 16:18:47] UTN FRA LOGGER.INFO: Datos  =PostmanRuntime/7.19.0 [] {"uid":"515e5e0"}
[2019-11-25 16:18:47] UTN FRA LOGGER.INFO: ip =::1 [] {"uid":"515e5e0"}
[2019-11-25 16:18:51] UTN FRA LOGGER.INFO: Datos  =PostmanRuntime/7.19.0 [] {"uid":"8a49ce5"}
[2019-11-25 16:18:51] UTN FRA LOGGER.INFO: ip =::1 [] {"uid":"8a49ce5"}
[2019-11-25 16:19:13] UTN FRA LOGGER.INFO: Datos  =PostmanRuntime/7.19.0 [] {"uid":"ef48418"}
[2019-11-25 16:19:13] UTN FRA LOGGER.INFO: ip =::1 [] {"uid":"ef48418"}
[2019-11-25 16:20:14] UTN FRA LOGGER.INFO: Datos  =PostmanRuntime/7.19.0 [] {"uid":"039479b"}
[2019-11-25 16:20:14] UTN FRA LOGGER.INFO: ip =::1 [] {"uid":"039479b"}
[2019-11-25 16:20:25] UTN FRA LOGGER.INFO: Datos  =PostmanRuntime/7.19.0 [] {"uid":"28f2660"}
[2019-11-25 16:20:25] UTN FRA LOGGER.INFO: ip =::1 [] {"uid":"28f2660"}
[2019-11-25 16:20:35] UTN FRA LOGGER.INFO: Datos  =PostmanRuntime/7.19.0 [] {"uid":"e294bf0"}
[2019-11-25 16:20:35] UTN FRA LOGGER.INFO: ip =::1 [] {"uid":"e294bf0"}
[2019-11-25 16:20:42] UTN FRA LOGGER.INFO: Datos  =PostmanRuntime/7.19.0 [] {"uid":"54eb16d"}
[2019-11-25 16:20:42] UTN FRA LOGGER.INFO: ip =::1 [] {"uid":"54eb16d"}
[2019-11-25 16:21:18] UTN FRA LOGGER.INFO: Datos  =PostmanRuntime/7.19.0 [] {"uid":"162c92a"}
[2019-11-25 16:21:18] UTN FRA LOGGER.INFO: ip =::1 [] {"uid":"162c92a"}
[2019-11-25 16:21:23] UTN FRA LOGGER.INFO: Datos  =PostmanRuntime/7.19.0 [] {"uid":"c89e2d0"}
[2019-11-25 16:21:23] UTN FRA LOGGER.INFO: ip =::1 [] {"uid":"c89e2d0"}
[2019-11-25 16:21:25] UTN FRA LOGGER.INFO: Datos  =PostmanRuntime/7.19.0 [] {"uid":"90815f2"}
[2019-11-25 16:21:25] UTN FRA LOGGER.INFO: ip =::1 [] {"uid":"90815f2"}
[2019-11-25 16:21:26] UTN FRA LOGGER.INFO: Datos  =PostmanRuntime/7.19.0 [] {"uid":"55614d5"}
[2019-11-25 16:21:26] UTN FRA LOGGER.INFO: ip =::1 [] {"uid":"55614d5"}
[2019-11-25 16:21:30] UTN FRA LOGGER.INFO: Datos  =PostmanRuntime/7.19.0 [] {"uid":"f777347"}
[2019-11-25 16:21:30] UTN FRA LOGGER.INFO: ip =::1 [] {"uid":"f777347"}
[2019-11-25 16:21:36] UTN FRA LOGGER.INFO: Datos  =PostmanRuntime/7.19.0 [] {"uid":"d1bc048"}
[2019-11-25 16:21:36] UTN FRA LOGGER.INFO: ip =::1 [] {"uid":"d1bc048"}
[2019-11-25 16:21:38] UTN FRA LOGGER.INFO: Datos  =PostmanRuntime/7.19.0 [] {"uid":"98702dd"}
[2019-11-25 16:21:38] UTN FRA LOGGER.INFO: ip =::1 [] {"uid":"98702dd"}
